2020-04-22 11:43:40,555:final.server.server:server is running
2020-04-22 11:47:27,693:.server:server is running
2020-04-22 11:48:26,155:server:server is running
2020-04-22 11:49:11,302 : server : server is running
2020-04-22 11:54:10,518 : erver : server is running
2020-04-22 11:54:37,689 : server : server is running
2020-04-22 12:06:20,466 : server : server is running
2020-04-22 12:16:40,872 : server : server is running
2020-04-22 12:18:30,197 : server : server is running
2020-04-22 12:19:30,195 : server : server is running
2020-04-22 12:19:47,886 : server : server is running
2020-04-22 13:08:22,941 : server : getting message queue
2020-04-22 13:18:31,998 : server : getting message queue
2020-04-22 13:25:37,548 : server : getting message queue
2020-04-22 13:28:19,881 : server : getting message queue
2020-04-26 18:08:43,485 : server : initializing message queue
2020-04-26 18:08:43,492 : server : server is running
2020-04-26 18:10:51,505 : server : initializing message queue
2020-04-26 18:10:51,510 : server : server is running
2020-04-26 18:11:43,886 : server : initializing message queue
2020-04-26 18:11:43,891 : server : server is running
2020-04-26 18:14:15,872 : server : initializing message queue
2020-04-26 18:14:15,876 : server : server is running
2020-04-26 18:27:13,568 : server : initializing message queue
2020-04-27 17:38:27,296 : server : initializing message queue
2020-04-27 17:39:09,517 : server : initializing message queue
2020-04-27 17:39:22,098 : server : initializing message queue
2020-04-27 17:44:42,560 : server : initializing message queue
2020-04-27 17:47:01,497 : server : initializing message queue
2020-04-27 17:49:39,289 : server : initializing message queue
2020-04-27 17:51:02,527 : server : initializing message queue
2020-04-27 18:08:41,985 : server : initializing message queue
2020-04-27 18:10:58,441 : server : initializing message queue
2020-04-27 18:19:12,770 : server : initializing message queue
2020-04-27 18:19:46,650 : server : initializing message queue
