2020-04-22 12:06:19,454 : client : starting to send snapshots to server
2020-04-22 12:14:19,385 : client : starting to send snapshots to server
2020-04-26 18:08:44,004 : client : starting to upload snapshots to server
2020-04-26 18:09:03,945 : client : finished uploading snapshots to server
2020-04-26 18:10:52,053 : client : starting to upload snapshots to server
2020-04-26 18:11:14,384 : client : finished uploading snapshots to server
2020-04-26 18:11:44,434 : client : starting to upload snapshots to server
2020-04-26 18:12:06,057 : client : finished uploading snapshots to server
2020-04-26 18:14:16,379 : client : starting to upload snapshots to server
2020-04-26 18:27:14,123 : client : starting to upload snapshots to server
2020-04-26 18:27:32,938 : client : finished uploading snapshots to server
2020-04-28 14:01:40,092 : client : starting to upload snapshots to server
2020-04-28 14:02:15,626 : client : finished uploading snapshots to server
2020-04-28 14:04:05,453 : client : starting to upload snapshots to server
2020-04-28 14:04:37,201 : client : finished uploading snapshots to server
2020-04-28 14:06:32,737 : client : starting to upload snapshots to server
2020-04-28 14:06:52,600 : client : finished uploading snapshots to server
2020-04-28 14:07:58,190 : client : starting to upload snapshots to server
2020-04-28 14:08:20,916 : client : finished uploading snapshots to server
2020-04-28 14:17:59,552 : client : starting to upload snapshots to server
2020-04-28 14:18:21,019 : client : finished uploading snapshots to server
2020-04-28 14:42:32,291 : client : starting to upload snapshots to server
2020-04-28 14:43:02,946 : client : finished uploading snapshots to server
2020-04-28 14:48:55,480 : client : starting to upload snapshots to server
2020-04-28 14:49:22,401 : client : finished uploading snapshots to server
2020-04-28 14:49:29,439 : client : starting to upload snapshots to server
2020-04-28 14:49:48,917 : client : finished uploading snapshots to server
2020-04-28 17:13:13,621 : client : starting to upload snapshots to server
2020-04-28 17:13:45,090 : client : finished uploading snapshots to server
2020-04-28 17:18:46,229 : client : starting to upload snapshots to server
2020-04-28 17:23:36,212 : client : starting to upload snapshots to server
2020-04-28 17:24:23,130 : client : starting to upload snapshots to server
2020-04-28 17:29:16,979 : client : starting to upload snapshots to server
2020-04-28 17:29:43,008 : client : finished uploading snapshots to server
2020-04-28 17:35:56,031 : client : starting to upload snapshots to server
2020-04-28 17:36:07,507 : client : starting to upload snapshots to server
2020-04-28 17:36:34,772 : client : finished uploading snapshots to server
2020-04-28 17:36:59,515 : client : starting to upload snapshots to server
2020-04-28 17:37:23,020 : client : finished uploading snapshots to server
2020-04-28 17:41:33,063 : client : starting to upload snapshots to server
2020-04-28 17:42:13,340 : client : finished uploading snapshots to server
2020-04-28 17:42:25,043 : client : starting to upload snapshots to server
2020-04-28 17:42:52,920 : client : finished uploading snapshots to server
2020-04-28 17:51:45,833 : client : starting to upload snapshots to server
2020-04-28 17:52:14,987 : client : finished uploading snapshots to server
2020-04-28 17:52:38,011 : client : starting to upload snapshots to server
2020-04-28 17:53:01,891 : client : finished uploading snapshots to server
2020-04-28 18:07:53,085 : client : starting to upload snapshots to server
2020-04-28 18:08:21,704 : client : finished uploading snapshots to server
2020-04-28 18:08:54,499 : client : starting to upload snapshots to server
2020-04-28 18:09:18,715 : client : finished uploading snapshots to server
2020-04-28 18:14:24,423 : client : starting to upload snapshots to server
2020-04-28 18:14:51,864 : client : finished uploading snapshots to server
2020-04-28 18:15:26,127 : client : starting to upload snapshots to server
2020-04-28 18:15:50,490 : client : finished uploading snapshots to server
2020-04-28 18:22:21,741 : client : starting to upload snapshots to server
2020-04-28 18:22:58,151 : client : finished uploading snapshots to server
2020-04-28 18:23:23,862 : client : starting to upload snapshots to server
2020-04-28 18:23:48,045 : client : finished uploading snapshots to server
2020-04-28 18:31:03,550 : client : starting to upload snapshots to server
2020-04-28 18:31:29,499 : client : finished uploading snapshots to server
2020-04-28 18:32:05,334 : client : starting to upload snapshots to server
2020-04-28 18:32:31,560 : client : finished uploading snapshots to server
2020-04-28 18:36:39,120 : client : starting to upload snapshots to server
2020-04-28 18:37:07,889 : client : finished uploading snapshots to server
2020-04-28 18:37:41,277 : client : starting to upload snapshots to server
2020-04-28 18:38:08,360 : client : finished uploading snapshots to server
2020-04-28 18:50:26,400 : client : starting to upload snapshots to server
2020-04-28 18:50:55,402 : client : finished uploading snapshots to server
2020-04-28 18:51:28,475 : client : starting to upload snapshots to server
2020-04-28 18:51:52,727 : client : finished uploading snapshots to server
2020-04-28 18:52:49,958 : client : starting to upload snapshots to server
2020-04-28 18:53:20,427 : client : finished uploading snapshots to server
2020-04-28 18:53:52,051 : client : starting to upload snapshots to server
2020-04-28 18:54:15,795 : client : finished uploading snapshots to server
2020-04-28 18:56:37,386 : client : starting to upload snapshots to server
2020-04-28 18:57:08,593 : client : finished uploading snapshots to server
2020-04-28 18:57:39,555 : client : starting to upload snapshots to server
2020-04-28 18:58:04,876 : client : finished uploading snapshots to server
2020-04-28 19:07:54,891 : client : starting to upload snapshots to server
2020-04-28 19:08:21,946 : client : finished uploading snapshots to server
2020-04-28 19:08:56,587 : client : starting to upload snapshots to server
2020-04-28 19:09:22,320 : client : finished uploading snapshots to server
2020-04-28 19:32:18,423 : client : starting to upload snapshots to server
2020-04-28 19:32:49,520 : client : finished uploading snapshots to server
2020-04-28 19:33:21,464 : client : starting to upload snapshots to server
2020-04-28 19:33:52,124 : client : finished uploading snapshots to server
2020-04-29 14:16:07,446 : client : starting to upload snapshots to server
2020-04-29 14:16:34,743 : client : finished uploading snapshots to server
2020-04-29 14:17:10,521 : client : starting to upload snapshots to server
2020-04-29 14:17:30,900 : client : finished uploading snapshots to server
2020-04-29 14:30:53,816 : client : starting to upload snapshots to server
2020-04-29 14:31:13,206 : client : finished uploading snapshots to server
2020-04-29 14:31:56,930 : client : starting to upload snapshots to server
2020-04-29 14:32:16,337 : client : finished uploading snapshots to server
2020-04-29 14:37:32,021 : client : starting to upload snapshots to server
2020-04-29 14:37:52,619 : client : finished uploading snapshots to server
2020-04-29 14:38:35,130 : client : starting to upload snapshots to server
2020-04-29 14:38:54,383 : client : finished uploading snapshots to server
2020-04-29 18:56:03,629 : client : starting to upload snapshots to server
2020-04-29 18:56:20,780 : client : starting to upload snapshots to server
2020-04-29 18:56:44,091 : client : finished uploading snapshots to server
2020-04-29 18:57:23,839 : client : starting to upload snapshots to server
2020-04-29 18:57:42,573 : client : finished uploading snapshots to server
2020-04-29 20:08:49,900 : client : starting to upload snapshots to server
2020-04-29 20:09:11,283 : client : finished uploading snapshots to server
2020-04-29 20:09:53,187 : client : starting to upload snapshots to server
2020-04-29 20:10:15,268 : client : finished uploading snapshots to server
2020-04-29 20:29:30,570 : client : starting to upload snapshots to server
2020-04-29 20:29:55,080 : client : finished uploading snapshots to server
2020-04-29 20:36:55,131 : client : starting to upload snapshots to server
2020-04-29 20:37:18,991 : client : finished uploading snapshots to server
2020-04-29 20:39:22,497 : client : starting to upload snapshots to server
2020-04-29 20:39:42,111 : client : finished uploading snapshots to server
2020-04-29 20:42:35,854 : client : starting to upload snapshots to server
2020-04-29 20:43:01,034 : client : finished uploading snapshots to server
2020-04-29 20:45:36,429 : client : starting to upload snapshots to server
2020-04-29 20:46:01,369 : client : finished uploading snapshots to server
2020-04-29 20:56:12,721 : client : starting to upload snapshots to server
2020-04-29 20:56:31,926 : client : finished uploading snapshots to server
2020-04-29 21:04:19,206 : client : starting to upload snapshots to server
2020-04-29 21:04:39,485 : client : finished uploading snapshots to server
2020-04-29 21:09:51,971 : client : starting to upload snapshots to server
2020-04-29 21:10:13,527 : client : finished uploading snapshots to server
2020-05-05 19:12:23,673 : client : starting to upload snapshots to server
2020-05-05 19:19:07,433 : client : starting to upload snapshots to server
2020-05-05 21:49:16,936 : client : starting to upload snapshots to server
2020-05-05 22:19:10,094 : client : starting to upload snapshots to server
2020-05-05 22:26:25,249 : client : starting to upload snapshots to server
2020-05-05 22:32:28,885 : client : starting to upload snapshots to server
2020-05-05 22:36:08,003 : client : starting to upload snapshots to server
2020-05-05 22:40:11,499 : client : starting to upload snapshots to server
2020-05-05 22:43:44,489 : client : starting to upload snapshots to server
2020-05-05 22:43:49,190 : client : got response
2020-05-05 22:43:49,190 : client : jsonified
2020-05-05 22:48:52,867 : client : starting to upload snapshots to server
2020-05-05 22:48:57,026 : client : got response
2020-05-05 22:48:57,027 : client : jsonified
2020-05-05 22:48:57,027 : client : returning parsers
2020-05-05 22:48:57,027 : client : building config message
2020-05-05 22:48:57,027 : client : building partial snapshot
2020-05-05 22:48:57,031 : client : serializing snapshot
2020-05-05 22:48:57,032 : client : sending to server
2020-05-05 22:48:57,039 : client : got response
2020-05-05 22:48:57,039 : client : jsonified
2020-05-05 22:48:57,039 : client : server did not accept snapshot due to error: 'NoneType' object is not subscriptable
2020-05-05 22:49:02,665 : client : got response
2020-05-05 22:49:02,666 : client : jsonified
2020-05-05 22:49:02,666 : client : returning parsers
2020-05-05 22:49:02,666 : client : building config message
2020-05-05 22:49:02,666 : client : building partial snapshot
2020-05-05 22:49:02,671 : client : serializing snapshot
2020-05-05 22:49:02,671 : client : sending to server
2020-05-05 22:49:02,678 : client : got response
2020-05-05 22:49:02,679 : client : jsonified
2020-05-05 22:49:02,679 : client : server did not accept snapshot due to error: 'NoneType' object is not subscriptable
2020-05-05 22:49:07,074 : client : got response
2020-05-05 22:49:07,074 : client : jsonified
2020-05-05 22:49:07,074 : client : returning parsers
2020-05-05 22:49:07,074 : client : building config message
2020-05-05 22:49:07,074 : client : building partial snapshot
2020-05-05 22:49:07,078 : client : serializing snapshot
2020-05-05 22:49:07,078 : client : sending to server
2020-05-05 22:49:07,085 : client : got response
2020-05-05 22:49:07,086 : client : jsonified
2020-05-05 22:49:07,086 : client : server did not accept snapshot due to error: 'NoneType' object is not subscriptable
2020-05-05 22:49:11,039 : client : got response
2020-05-05 22:49:11,039 : client : jsonified
2020-05-05 22:49:11,039 : client : returning parsers
2020-05-05 22:49:11,039 : client : building config message
2020-05-05 22:49:11,039 : client : building partial snapshot
2020-05-05 22:49:11,043 : client : serializing snapshot
2020-05-05 22:49:11,043 : client : sending to server
2020-05-05 22:49:11,050 : client : got response
2020-05-05 22:49:11,050 : client : jsonified
2020-05-05 22:49:11,050 : client : server did not accept snapshot due to error: 'NoneType' object is not subscriptable
2020-05-05 22:49:14,939 : client : got response
2020-05-05 22:49:14,939 : client : jsonified
2020-05-05 22:49:14,939 : client : returning parsers
2020-05-05 22:49:14,940 : client : building config message
2020-05-05 22:49:14,940 : client : building partial snapshot
2020-05-05 22:49:14,944 : client : serializing snapshot
2020-05-05 22:49:14,944 : client : sending to server
2020-05-05 22:49:14,951 : client : got response
2020-05-05 22:49:14,951 : client : jsonified
2020-05-05 22:49:14,951 : client : server did not accept snapshot due to error: 'NoneType' object is not subscriptable
2020-05-05 22:49:14,952 : client : finished uploading snapshots to server
2020-05-05 23:17:10,717 : client : starting to upload snapshots to server
2020-05-06 12:08:58,965 : client : starting to upload snapshots to server
2020-05-06 12:17:32,888 : client : starting to upload snapshots to server
2020-05-06 13:02:02,040 : client : starting to upload snapshots to server
2020-05-06 13:26:39,710 : client : starting to upload snapshots to server
2020-05-06 13:28:24,406 : client : starting to upload snapshots to server
2020-05-06 15:20:40,832 : client : starting to upload snapshots to server
2020-05-06 15:20:44,969 : client : server did not accept snapshot due to error. Got 404 status code
2020-05-06 15:20:44,969 : client : server did not accept snapshot due to error: unsupported operand type(s) for &: 'str' and 'int'
2020-05-06 15:20:49,138 : client : server did not accept snapshot due to error. Got 404 status code
2020-05-06 15:20:49,138 : client : server did not accept snapshot due to error: unsupported operand type(s) for &: 'str' and 'int'
2020-05-06 15:20:53,256 : client : server did not accept snapshot due to error. Got 404 status code
2020-05-06 15:20:53,256 : client : server did not accept snapshot due to error: unsupported operand type(s) for &: 'str' and 'int'
2020-05-06 15:20:57,334 : client : server did not accept snapshot due to error. Got 404 status code
2020-05-06 15:20:57,335 : client : server did not accept snapshot due to error: unsupported operand type(s) for &: 'str' and 'int'
2020-05-06 15:21:47,767 : client : starting to upload snapshots to server
2020-05-06 15:21:51,727 : client : server did not accept snapshot due to error. Got 404 status code
2020-05-06 15:21:51,727 : client : server did not accept snapshot due to error: unsupported operand type(s) for &: 'str' and 'int'
2020-05-06 15:21:55,854 : client : server did not accept snapshot due to error. Got 404 status code
2020-05-06 15:21:55,854 : client : server did not accept snapshot due to error: unsupported operand type(s) for &: 'str' and 'int'
2020-05-06 15:24:03,474 : client : starting to upload snapshots to server
2020-05-06 15:24:07,398 : client : server did not accept snapshot due to error. Got 404 status code
2020-05-06 15:24:07,398 : client : server did not accept snapshot due to error: unsupported operand type(s) for &: 'str' and 'int'
2020-05-06 15:28:00,968 : client : starting to upload snapshots to server
2020-05-06 15:28:04,900 : client : server did not accept snapshot due to error. Got 404 status code
2020-05-06 15:28:04,901 : client : server did not accept snapshot due to error: unsupported operand type(s) for &: 'str' and 'int'
2020-05-06 15:28:08,922 : client : server did not accept snapshot due to error. Got 404 status code
2020-05-06 15:28:08,922 : client : server did not accept snapshot due to error: unsupported operand type(s) for &: 'str' and 'int'
2020-05-06 15:30:12,420 : client : starting to upload snapshots to server
2020-05-06 15:30:16,428 : client : server did not accept snapshot due to error. Got 404 status code
2020-05-06 15:30:16,428 : client : server did not accept snapshot due to error: 'str' object has no attribute 'decode'
2020-05-06 15:37:36,345 : client : starting to upload snapshots to server
2020-05-06 15:37:40,413 : client : server did not accept snapshot due to error. Got 404 status code
2020-05-06 15:37:40,413 : client : server did not accept snapshot due to error: byte indices must be integers or slices, not str
2020-05-06 15:37:44,374 : client : server did not accept snapshot due to error. Got 404 status code
2020-05-06 15:37:44,374 : client : server did not accept snapshot due to error: byte indices must be integers or slices, not str
2020-05-06 15:39:19,495 : client : starting to upload snapshots to server
2020-05-06 15:39:23,399 : client : server did not accept snapshot due to error. Got 404 status code
2020-05-06 15:39:23,399 : client : server did not accept snapshot due to error: byte indices must be integers or slices, not str
2020-05-06 15:39:33,909 : client : starting to upload snapshots to server
2020-05-06 15:39:37,776 : client : server did not accept snapshot due to error. Got 404 status code
2020-05-06 15:39:37,776 : client : server did not accept snapshot due to error: byte indices must be integers or slices, not str
2020-05-06 15:39:41,682 : client : server did not accept snapshot due to error. Got 404 status code
2020-05-06 15:39:41,683 : client : server did not accept snapshot due to error: byte indices must be integers or slices, not str
2020-05-06 15:41:32,639 : client : starting to upload snapshots to server
2020-05-06 15:41:36,510 : client : server did not accept snapshot due to error. Got 404 status code
2020-05-06 15:41:36,510 : client : server did not accept snapshot due to error: byte indices must be integers or slices, not str
2020-05-06 15:42:20,273 : client : starting to upload snapshots to server
2020-05-06 15:42:24,155 : client : server did not accept snapshot due to error. Got 404 status code
2020-05-06 15:42:24,157 : client : server did not accept snapshot due to error: byte indices must be integers or slices, not str
2020-05-06 15:42:58,682 : client : starting to upload snapshots to server
2020-05-06 15:49:49,966 : client : starting to upload snapshots to server
2020-05-06 15:49:53,959 : client : server did not accept snapshot due to error. Got 404 status code
2020-05-06 15:49:53,960 : client : server did not accept snapshot due to error: 'utf-8' codec can't decode byte 0xab in position 1: invalid start byte
2020-05-06 15:50:25,769 : client : starting to upload snapshots to server
2020-05-06 15:50:30,099 : client : server did not accept snapshot due to error. Got 404 status code
2020-05-06 15:50:30,100 : client : server did not accept snapshot due to error: 'SnapshotP' object has no attribute 'user_id'
2020-05-06 16:46:42,522 : client : starting to upload snapshots to server
2020-05-06 16:46:46,865 : client : server did not accept snapshot due to error. Got 404 status code
2020-05-06 16:46:46,865 : client : server did not accept snapshot due to error: unsupported operand type(s) for &: 'bytes' and 'int'
2020-05-06 16:46:51,310 : client : server did not accept snapshot due to error. Got 404 status code
2020-05-06 16:46:51,310 : client : server did not accept snapshot due to error: unsupported operand type(s) for &: 'bytes' and 'int'
2020-05-06 16:56:15,264 : client : starting to upload snapshots to server
2020-05-06 16:56:19,012 : client : server did not accept snapshot due to error. Got 404 status code
2020-05-06 16:56:19,012 : client : server did not accept snapshot due to error: 400 Bad Request: The browser (or proxy) sent a request that this server could not understand.
2020-05-06 16:56:44,205 : client : starting to upload snapshots to server
2020-05-06 16:56:47,982 : client : server did not accept snapshot due to error. Got 404 status code
2020-05-06 16:56:47,982 : client : server did not accept snapshot due to error: 400 Bad Request: The browser (or proxy) sent a request that this server could not understand.
2020-05-06 19:37:00,515 : client : sending user message to server
2020-05-06 19:37:00,554 : client : starting to upload snapshots to server
2020-05-06 19:41:21,542 : client : sending user message to server
2020-05-06 19:41:21,578 : client : starting to upload snapshots to server
2020-05-06 19:41:40,687 : client : finished uploading snapshots to server
2020-05-06 19:44:48,307 : client : sending user message to server
2020-05-06 19:44:48,346 : client : starting to upload snapshots to server
2020-05-06 19:45:15,603 : client : finished uploading snapshots to server
2020-05-06 20:37:03,083 : client : sending user message to server
2020-05-06 20:37:03,172 : client : starting to upload snapshots to server
2020-05-06 20:41:01,182 : client : sending user message to server
2020-05-06 20:41:01,294 : client : starting to upload snapshots to server
2020-05-06 20:41:23,246 : client : finished uploading snapshots to server
2020-05-06 21:14:58,798 : client : sending user message to server
2020-05-06 21:14:58,843 : client : starting to upload snapshots to server
2020-05-06 21:15:19,994 : client : finished uploading snapshots to server
2020-05-06 21:19:14,069 : client : sending user message to server
2020-05-06 21:19:14,104 : client : starting to upload snapshots to server
2020-05-06 21:19:41,577 : client : finished uploading snapshots to server
2020-05-06 21:22:54,247 : client : sending user message to server
2020-05-06 21:22:54,744 : client : starting to upload snapshots to server
2020-05-06 21:23:17,051 : client : finished uploading snapshots to server
2020-05-06 21:30:01,958 : client : sending user message to server
2020-05-06 21:30:01,995 : client : starting to upload snapshots to server
2020-05-06 21:30:23,352 : client : finished uploading snapshots to server
2020-05-07 17:26:30,517 : client : sending user message to server
2020-05-07 17:26:31,788 : client : starting to upload snapshots to server
2020-05-07 17:31:56,311 : client : sending user message to server
2020-05-07 17:31:57,672 : client : starting to upload snapshots to server
2020-05-07 17:33:28,521 : client : sending user message to server
2020-05-07 17:33:30,136 : client : starting to upload snapshots to server
2020-05-07 17:34:05,584 : client : finished uploading snapshots to server
2020-05-07 20:28:31,493 : client : sending user message to server
2020-05-07 20:28:31,864 : client : starting to upload snapshots to server
2020-05-07 20:28:57,650 : client : finished uploading snapshots to server
2020-05-07 21:14:36,419 : client : sending user message to server
2020-05-07 21:14:38,129 : client : starting to upload snapshots to server
2020-05-07 21:15:11,736 : client : finished uploading snapshots to server
2020-05-07 21:24:15,577 : client : sending user message to server
2020-05-07 21:24:18,362 : client : starting to upload snapshots to server
2020-05-07 21:24:56,620 : client : finished uploading snapshots to server
2020-05-07 21:37:00,611 : client : sending user message to server
2020-05-07 21:37:01,041 : client : starting to upload snapshots to server
2020-05-07 21:37:40,949 : client : finished uploading snapshots to server
2020-05-07 22:23:55,347 : client : sending user message to server
2020-05-07 22:23:56,447 : client : starting to upload snapshots to server
2020-05-07 22:24:31,862 : client : finished uploading snapshots to server
2020-05-08 11:48:30,781 : client : sending user message to server
2020-05-08 11:48:31,290 : client : starting to upload snapshots to server
2020-05-08 11:48:50,364 : client : finished uploading snapshots to server
2020-05-08 11:52:28,074 : client : sending user message to server
2020-05-08 11:52:31,981 : client : starting to upload snapshots to server
2020-05-08 11:54:52,331 : client : sending user message to server
2020-05-08 11:54:52,491 : client : starting to upload snapshots to server
2020-05-08 11:55:16,168 : client : finished uploading snapshots to server
2020-05-08 12:02:55,640 : client : sending user message to server
2020-05-08 12:02:55,729 : client : starting to upload snapshots to server
2020-05-08 12:03:16,940 : client : finished uploading snapshots to server
2020-05-08 12:51:04,270 : client : sending user message to server
2020-05-08 12:51:04,355 : client : starting to upload snapshots to server
2020-05-08 12:51:29,392 : client : finished uploading snapshots to server
2020-05-08 12:56:15,684 : client : sending user message to server
2020-05-08 12:56:16,926 : client : starting to upload snapshots to server
2020-05-08 12:56:42,229 : client : finished uploading snapshots to server
2020-05-08 13:01:22,141 : client : sending user message to server
2020-05-08 13:01:22,201 : client : starting to upload snapshots to server
2020-05-08 13:01:46,200 : client : finished uploading snapshots to server
2020-05-10 13:37:26,598 : client : sending user message to server
2020-05-10 13:37:28,314 : client : starting to upload snapshots to server
2020-05-10 13:37:58,948 : client : finished uploading snapshots to server
2020-05-10 13:43:13,858 : client : sending user message to server
2020-05-10 13:43:15,597 : client : starting to upload snapshots to server
2020-05-10 13:43:57,196 : client : finished uploading snapshots to server
2020-05-10 15:30:25,919 : client : sending user message to server
2020-05-10 15:30:26,976 : client : starting to upload snapshots to server
2020-05-10 15:30:49,667 : client : finished uploading snapshots to server
2020-05-10 15:47:26,241 : client : sending user message to server
2020-05-10 15:47:27,249 : client : starting to upload snapshots to server
2020-05-10 15:47:51,012 : client : finished uploading snapshots to server
2020-05-10 15:51:33,632 : client : sending user message to server
2020-05-10 15:51:34,095 : client : starting to upload snapshots to server
2020-05-10 15:51:54,196 : client : finished uploading snapshots to server
2020-05-11 17:16:57,451 : client : sending user message to server
2020-05-11 17:16:58,113 : client : starting to upload snapshots to server
2020-05-11 17:17:19,519 : client : finished uploading snapshots to server
2020-05-11 18:47:09,852 : client : sending user message to server
2020-05-11 18:47:10,576 : client : starting to upload snapshots to server
2020-05-11 18:47:30,389 : client : finished uploading snapshots to server
2020-05-11 18:54:09,848 : client : sending user message to server
2020-05-11 18:54:11,036 : client : starting to upload snapshots to server
2020-05-11 18:54:35,303 : client : finished uploading snapshots to server
2020-05-11 19:13:45,648 : client : sending user message to server
2020-05-11 19:13:46,976 : client : starting to upload snapshots to server
2020-05-11 19:14:11,657 : client : finished uploading snapshots to server
2020-05-11 19:21:20,698 : client : sending user message to server
2020-05-11 19:21:21,444 : client : starting to upload snapshots to server
2020-05-11 19:21:42,474 : client : finished uploading snapshots to server
2020-05-11 19:43:19,242 : client : sending user message to server
2020-05-11 19:43:20,092 : client : starting to upload snapshots to server
2020-05-11 19:43:39,623 : client : finished uploading snapshots to server
2020-05-11 19:47:43,459 : client : sending user message to server
2020-05-11 19:47:44,228 : client : starting to upload snapshots to server
2020-05-11 19:48:05,577 : client : finished uploading snapshots to server
2020-05-11 20:07:37,758 : client : sending user message to server
2020-05-11 20:07:37,811 : client : starting to upload snapshots to server
2020-05-11 20:07:57,724 : client : finished uploading snapshots to server
2020-05-11 20:10:46,092 : client : sending user message to server
2020-05-11 20:10:46,233 : client : starting to upload snapshots to server
2020-05-11 20:11:06,016 : client : finished uploading snapshots to server
2020-05-11 20:18:34,592 : client : sending user message to server
2020-05-11 20:18:34,697 : client : starting to upload snapshots to server
2020-05-11 20:18:54,549 : client : finished uploading snapshots to server
2020-05-11 20:22:42,428 : client : sending user message to server
2020-05-11 20:22:42,470 : client : starting to upload snapshots to server
2020-05-11 20:23:02,278 : client : finished uploading snapshots to server
2020-05-11 20:30:42,889 : client : sending user message to server
2020-05-11 20:30:43,307 : client : starting to upload snapshots to server
2020-05-11 20:31:04,223 : client : finished uploading snapshots to server
2020-05-11 20:45:28,992 : client : sending user message to server
2020-05-11 20:45:29,214 : client : starting to upload snapshots to server
2020-05-11 20:45:52,140 : client : finished uploading snapshots to server
2020-05-11 20:58:45,389 : client : sending user message to server
2020-05-11 20:58:45,589 : client : starting to upload snapshots to server
2020-05-11 20:59:09,927 : client : finished uploading snapshots to server
2020-05-11 21:18:23,993 : client : sending user message to server
2020-05-11 21:18:24,094 : client : starting to upload snapshots to server
2020-05-11 21:18:46,459 : client : finished uploading snapshots to server
2020-05-12 10:50:48,720 : client : sending user message to server
2020-05-12 10:50:49,074 : client : starting to upload snapshots to server
2020-05-12 10:51:12,960 : client : finished uploading snapshots to server
2020-05-12 13:09:33,037 : client : sending user message to server
2020-05-12 13:09:33,082 : client : starting to upload snapshots to server
2020-05-12 13:09:53,545 : client : finished uploading snapshots to server
2020-05-12 15:14:03,007 : client : sending user message to server
2020-05-12 15:14:04,007 : client : starting to upload snapshots to server
2020-05-12 15:14:27,909 : client : finished uploading snapshots to server
2020-05-12 15:18:56,894 : client : sending user message to server
2020-05-12 15:18:58,203 : client : starting to upload snapshots to server
2020-05-12 15:19:21,207 : client : finished uploading snapshots to server
2020-05-12 15:24:56,812 : client : sending user message to server
2020-05-12 15:24:57,757 : client : starting to upload snapshots to server
2020-05-12 15:25:18,200 : client : finished uploading snapshots to server
2020-05-13 12:44:17,909 : client : sending user message to server
2020-05-13 12:44:17,996 : client : starting to upload snapshots to server
2020-05-13 12:44:39,805 : client : finished uploading snapshots to server
2020-05-13 12:54:11,090 : client : sending user message to server
2020-05-13 12:54:11,215 : client : starting to upload snapshots to server
2020-05-13 12:54:38,886 : client : finished uploading snapshots to server
2020-05-13 13:17:19,121 : client : sending user message to server
2020-05-13 13:17:19,166 : client : starting to upload snapshots to server
2020-05-13 13:17:23,022 : client : getting parsers
2020-05-13 13:17:23,031 : client : got parsers
2020-05-13 13:17:23,031 : client : building config message
2020-05-13 13:17:23,031 : client : building config message
2020-05-13 13:17:23,036 : client : built snapshot
2020-05-13 13:17:23,036 : client : serialized snapshot
2020-05-13 13:17:28,987 : client : getting parsers
2020-05-13 13:17:29,003 : client : got parsers
2020-05-13 13:17:29,003 : client : building config message
2020-05-13 13:17:29,003 : client : building config message
2020-05-13 13:17:29,009 : client : built snapshot
2020-05-13 13:17:29,009 : client : serialized snapshot
2020-05-13 13:17:34,581 : client : getting parsers
2020-05-13 13:17:34,601 : client : got parsers
2020-05-13 13:17:34,601 : client : building config message
2020-05-13 13:17:34,601 : client : building config message
2020-05-13 13:17:34,605 : client : built snapshot
2020-05-13 13:17:34,606 : client : serialized snapshot
2020-05-13 13:17:40,849 : client : getting parsers
2020-05-13 13:17:40,856 : client : got parsers
2020-05-13 13:17:40,856 : client : building config message
2020-05-13 13:17:40,856 : client : building config message
2020-05-13 13:17:40,860 : client : built snapshot
2020-05-13 13:17:40,860 : client : serialized snapshot
2020-05-13 13:17:45,260 : client : getting parsers
2020-05-13 13:17:45,270 : client : got parsers
2020-05-13 13:17:45,270 : client : building config message
2020-05-13 13:17:45,270 : client : building config message
2020-05-13 13:17:45,274 : client : built snapshot
2020-05-13 13:17:45,274 : client : serialized snapshot
2020-05-13 13:17:45,375 : client : finished uploading snapshots to server
2020-05-13 13:28:07,805 : client : sending user message to server
2020-05-13 13:28:07,841 : client : starting to upload snapshots to server
2020-05-13 13:28:32,543 : client : finished uploading snapshots to server
2020-05-13 13:41:46,951 : client : sending user message to server
2020-05-13 13:41:46,986 : client : starting to upload snapshots to server
2020-05-13 13:42:14,480 : client : finished uploading snapshots to server
2020-05-13 16:07:50,894 : client : sending user message to server
2020-05-13 16:11:36,553 : client : sending user message to server
2020-05-13 16:11:43,094 : client : sending user message to server
2020-05-13 16:12:06,811 : client : sending user message to server
2020-05-13 16:15:12,637 : client : sending user message to server
2020-05-13 16:37:59,181 : client : sending user message to server
2020-05-13 16:39:58,093 : client : sending user message to server
2020-05-13 16:39:59,840 : client : starting to upload snapshots to server
2020-05-13 16:40:30,293 : client : finished uploading snapshots to server
2020-05-13 16:49:11,933 : client : starting to upload snapshots to server
2020-05-13 16:49:35,311 : client : finished uploading snapshots to server
2020-05-13 16:55:14,859 : client : starting to upload snapshots to server
2020-05-13 16:55:39,121 : client : finished uploading snapshots to server
2020-05-13 16:58:42,290 : client : starting to upload snapshots to server
2020-05-13 16:59:50,826 : client : starting to upload snapshots to server
2020-05-13 17:00:16,477 : client : finished uploading snapshots to server
2020-05-13 17:03:28,240 : client : starting to upload snapshots to server
2020-05-13 17:03:50,520 : client : finished uploading snapshots to server
2020-05-13 17:06:29,409 : client : starting to upload snapshots to server
2020-05-13 17:06:51,617 : client : finished uploading snapshots to server
2020-05-14 10:59:54,215 : client : starting to upload snapshots to server
2020-05-14 11:00:13,700 : client : finished uploading snapshots to server
2020-05-14 11:09:23,686 : client : starting to upload snapshots to server
2020-05-14 11:09:44,303 : client : finished uploading snapshots to server
2020-05-14 11:11:26,802 : client : starting to upload snapshots to server
2020-05-14 11:11:46,527 : client : finished uploading snapshots to server
2020-05-14 11:13:00,806 : client : starting to upload snapshots to server
2020-05-14 11:13:20,486 : client : finished uploading snapshots to server
2020-05-14 11:15:37,316 : client : starting to upload snapshots to server
2020-05-14 11:15:57,750 : client : finished uploading snapshots to server
2020-05-14 11:17:24,595 : client : starting to upload snapshots to server
2020-05-14 11:17:45,638 : client : finished uploading snapshots to server
2020-05-14 11:20:16,379 : client : starting to upload snapshots to server
2020-05-14 11:20:41,182 : client : finished uploading snapshots to server
2020-05-14 11:21:59,594 : client : starting to upload snapshots to server
2020-05-14 11:22:28,454 : client : finished uploading snapshots to server
2020-05-14 11:25:39,954 : client : starting to upload snapshots to server
2020-05-14 11:26:00,318 : client : finished uploading snapshots to server
2020-05-14 11:43:32,816 : client : starting to upload snapshots to server
2020-05-14 11:43:53,785 : client : finished uploading snapshots to server
2020-05-14 11:46:28,003 : client : starting to upload snapshots to server
2020-05-14 11:46:54,544 : client : finished uploading snapshots to server
2020-05-14 11:48:21,344 : client : starting to upload snapshots to server
2020-05-14 11:48:50,370 : client : finished uploading snapshots to server
2020-05-14 11:49:25,958 : client : starting to upload snapshots to server
2020-05-14 11:49:51,241 : client : finished uploading snapshots to server
2020-05-14 11:52:04,257 : client : starting to upload snapshots to server
2020-05-14 11:52:25,627 : client : finished uploading snapshots to server
2020-05-14 11:57:14,167 : client : starting to upload snapshots to server
2020-05-14 11:57:34,407 : client : finished uploading snapshots to server
2020-05-14 12:13:03,947 : client : starting to upload snapshots to server
2020-05-14 12:13:24,575 : client : finished uploading snapshots to server
2020-05-14 12:29:00,793 : client : starting to upload snapshots to server
2020-05-14 12:29:19,939 : client : finished uploading snapshots to server
2020-05-14 12:29:32,430 : client : starting to upload snapshots to server
2020-05-14 12:29:52,739 : client : finished uploading snapshots to server
2020-05-14 12:42:00,872 : client : starting to upload snapshots to server
2020-05-14 12:42:23,523 : client : finished uploading snapshots to server
2020-05-17 19:00:35,070 : client : starting to upload snapshots to server
2020-05-17 19:00:56,227 : client : finished uploading snapshots to server
2020-05-17 20:18:55,629 : client : starting to upload snapshots to server
2020-05-17 20:19:20,321 : client : finished uploading snapshots to server
2020-05-17 20:22:27,643 : client : starting to upload snapshots to server
2020-05-17 20:22:47,676 : client : finished uploading snapshots to server
2020-05-17 20:26:23,962 : client : starting to upload snapshots to server
2020-05-17 20:26:50,674 : client : finished uploading snapshots to server
2020-05-17 20:29:11,873 : client : starting to upload snapshots to server
2020-05-17 20:29:36,925 : client : finished uploading snapshots to server
2020-05-17 20:32:51,976 : client : starting to upload snapshots to server
2020-05-17 20:33:11,800 : client : finished uploading snapshots to server
2020-05-17 20:36:46,089 : client : starting to upload snapshots to server
2020-05-17 20:37:25,285 : client : finished uploading snapshots to server
2020-05-17 20:52:35,490 : client : starting to upload snapshots to server
2020-05-17 20:53:48,144 : client : starting to upload snapshots to server
2020-05-17 20:54:07,531 : client : finished uploading snapshots to server
2020-05-17 21:02:40,130 : client : starting to upload snapshots to server
2020-05-17 21:03:04,790 : client : finished uploading snapshots to server
2020-05-18 19:00:53,968 : client : starting to upload snapshots to server
2020-05-18 19:01:14,619 : client : finished uploading snapshots to server
2020-05-19 10:22:19,863 : client : server did not accept data due to error. Got 404 status code
2020-05-19 10:22:19,863 : client : server did not accept data due to error: StreamLostError: ('Transport indicated EOF',)
2020-05-19 10:22:19,864 : client : starting to upload snapshots to server
2020-05-19 10:22:28,938 : client : server did not accept data due to error. Got 404 status code
2020-05-19 10:22:28,938 : client : server did not accept data due to error: StreamLostError: ('Transport indicated EOF',)
2020-05-19 10:22:38,043 : client : server did not accept data due to error. Got 404 status code
2020-05-19 10:22:38,044 : client : server did not accept data due to error: StreamLostError: ('Transport indicated EOF',)
2020-05-19 10:22:45,809 : client : server did not accept data due to error. Got 404 status code
2020-05-19 10:22:45,809 : client : server did not accept data due to error: StreamLostError: ('Transport indicated EOF',)
2020-05-19 10:22:54,780 : client : finished uploading snapshots to server
2020-05-19 10:27:01,185 : client : starting to upload snapshots to server
2020-05-19 10:27:27,883 : client : finished uploading snapshots to server
2020-05-19 11:21:11,860 : client : starting to upload snapshots to server
2020-05-19 11:22:36,336 : client : starting to upload snapshots to server
2020-05-19 11:24:06,561 : client : starting to upload snapshots to server
2020-05-19 11:27:09,294 : client : starting to upload snapshots to server
2020-05-19 11:36:42,067 : client : starting to upload snapshots to server
2020-05-19 12:40:28,951 : client : starting to upload snapshots to server
2020-05-19 12:47:25,143 : client : starting to upload snapshots to server
2020-05-19 12:47:42,531 : client : building snapshot
2020-05-19 12:50:17,959 : client : starting to upload snapshots to server
2020-05-19 12:51:06,354 : client : building snapshot
2020-05-19 13:17:44,364 : client : starting to upload snapshots to server
2020-05-19 13:17:59,185 : client : building snapshot
2020-05-19 13:18:56,913 : client : starting to upload snapshots to server
2020-05-19 13:19:11,799 : client : building snapshot
2020-05-19 13:21:34,881 : client : starting to upload snapshots to server
2020-05-19 13:21:50,212 : client : building snapshot
2020-05-19 15:11:15,297 : client : starting to upload snapshots to server
2020-05-19 15:11:30,366 : client : building snapshot
2020-05-19 15:13:19,412 : client : starting to upload snapshots to server
2020-05-19 15:13:34,960 : client : building snapshot
2020-05-19 15:14:04,829 : client : starting to upload snapshots to server
2020-05-19 15:14:19,936 : client : building snapshot
2020-05-19 16:13:47,629 : client : starting to upload snapshots to server
2020-05-19 16:14:07,985 : client : building snapshot
2020-05-19 16:14:23,715 : client : building snapshot
2020-05-19 16:14:43,819 : client : building snapshot
2020-05-19 16:15:01,232 : client : building snapshot
2020-05-19 16:15:17,005 : client : building snapshot
2020-05-19 16:15:17,044 : client : finished uploading snapshots to server
2020-05-19 16:25:11,799 : client : starting to upload snapshots to server
2020-05-19 16:25:27,390 : client : building snapshot
2020-05-19 16:26:12,616 : client : building snapshot
2020-05-19 16:27:06,127 : client : building snapshot
2020-05-19 16:27:51,871 : client : building snapshot
2020-05-19 16:28:26,472 : client : building snapshot
2020-05-19 16:28:43,924 : client : finished uploading snapshots to server
2020-05-19 16:29:43,336 : client : starting to upload snapshots to server
2020-05-19 16:29:58,290 : client : building snapshot
2020-05-19 16:30:30,478 : client : building snapshot
2020-05-19 16:31:00,091 : client : building snapshot
2020-05-19 16:31:32,019 : client : building snapshot
2020-05-19 16:32:01,718 : client : building snapshot
2020-05-19 16:32:18,144 : client : finished uploading snapshots to server
2020-05-19 21:42:31,286 : client : starting to upload snapshots to server
2020-05-19 21:42:49,243 : client : building snapshot
2020-05-19 21:43:04,575 : client : finished uploading snapshots to server
2020-05-19 21:44:17,686 : client : starting to upload snapshots to server
2020-05-19 21:44:37,369 : client : building snapshot
2020-05-19 21:44:54,508 : client : saved
2020-05-19 21:44:54,509 : client : finished uploading snapshots to server
2020-05-19 21:51:33,989 : client : starting to upload snapshots to server
2020-05-19 21:51:55,177 : client : building snapshot
2020-05-19 21:52:16,875 : client : finished uploading snapshots to server
2020-05-20 13:04:46,069 : client : starting to upload snapshots to server
2020-05-20 13:05:06,016 : client : building snapshot
2020-05-20 13:05:33,481 : client : finished uploading snapshots to server
2020-05-20 13:13:16,120 : client : starting to upload snapshots to server
2020-05-20 13:13:43,026 : client : building snapshot
2020-05-20 13:14:07,109 : client : finished uploading snapshots to server
2020-05-20 13:18:06,174 : client : starting to upload snapshots to server
2020-05-20 13:18:24,892 : client : building snapshot
2020-05-20 13:18:45,421 : client : finished uploading snapshots to server
2020-05-20 13:23:23,642 : client : starting to upload snapshots to server
2020-05-20 13:23:42,986 : client : building snapshot
2020-05-20 13:24:12,360 : client : finished uploading snapshots to server
2020-05-20 13:36:08,749 : client : starting to upload snapshots to server
2020-05-20 13:36:26,354 : client : building snapshot
2020-05-20 13:36:45,108 : client : finished uploading snapshots to server
2020-05-20 17:46:14,938 : client : starting to upload snapshots to server
2020-05-20 17:46:31,376 : client : building snapshot
2020-05-20 17:47:09,854 : client : building snapshot
2020-05-20 17:47:51,316 : client : building snapshot
2020-05-20 17:48:39,975 : client : building snapshot
2020-05-20 17:49:21,573 : client : building snapshot
2020-05-20 17:49:44,347 : client : finished uploading snapshots to server
2020-05-20 18:37:03,343 : client : starting to upload snapshots to server
2020-05-20 18:37:22,690 : client : building snapshot
2020-05-20 18:38:04,036 : client : building snapshot
2020-05-20 18:38:43,605 : client : building snapshot
2020-05-20 18:39:23,011 : client : building snapshot
2020-05-20 18:40:01,426 : client : building snapshot
2020-05-20 18:40:25,634 : client : finished uploading snapshots to server
2020-05-20 19:23:43,447 : client : starting to upload snapshots to server
2020-05-20 19:23:59,808 : client : building snapshot
2020-05-20 19:24:43,237 : client : building snapshot
2020-05-20 19:25:23,985 : client : building snapshot
2020-05-20 19:26:04,822 : client : building snapshot
2020-05-20 19:26:46,081 : client : building snapshot
2020-05-20 19:27:10,898 : client : finished uploading snapshots to server
2020-05-20 19:37:21,795 : client : starting to upload snapshots to server
2020-05-20 19:37:44,896 : client : building snapshot
2020-05-20 19:38:26,709 : client : building snapshot
2020-05-20 19:39:04,641 : client : building snapshot
2020-05-20 19:39:47,204 : client : building snapshot
2020-05-20 19:40:26,858 : client : building snapshot
2020-05-20 19:40:56,844 : client : finished uploading snapshots to server
