2020-04-26 19:40:42,789 : parsers_logic : adding a topic for the parsed results of pose parser
2020-04-26 19:40:42,816 : parsers_logic : subscribing pose parser to incoming topic
2020-04-26 19:44:16,549 : parsers_logic : adding a topic for the parsed results of pose parser
2020-04-26 19:44:16,565 : parsers_logic : subscribing pose parser to incoming topic
2020-04-27 14:39:28,107 : parsers_logic : loading parser modules
2020-04-27 14:39:28,114 : parsers_logic : adding a topic for the parsed results of pose parser
2020-04-27 14:39:28,131 : parsers_logic : subscribing pose parser to incoming topic
2020-04-27 14:39:45,128 : parsers_logic : loading parser modules
2020-04-27 14:42:54,123 : parsers_logic : loading parser modules
2020-04-27 14:42:54,130 : parsers_logic : adding a topic for the parsed results of pose parser
2020-04-27 14:42:54,147 : parsers_logic : subscribing pose parser to incoming topic
2020-04-27 14:43:31,551 : parsers_logic : loading parser modules
2020-04-27 14:43:31,557 : parsers_logic : adding a topic for the parsed results of pose parser
2020-04-27 14:43:31,573 : parsers_logic : subscribing pose parser to incoming topic
2020-04-27 14:43:56,218 : parsers_logic : loading parser modules
2020-04-27 14:43:56,225 : parsers_logic : adding a topic for the parsed results of pose parser
2020-04-27 14:43:56,241 : parsers_logic : subscribing pose parser to incoming topic
2020-04-27 14:44:28,350 : parsers_logic : loading parser modules
2020-04-27 14:44:28,357 : parsers_logic : adding a topic for the parsed results of pose parser
2020-04-27 14:44:28,373 : parsers_logic : subscribing pose parser to incoming topic
2020-04-27 14:45:53,392 : parsers_logic : loading parser modules
2020-04-27 14:45:53,399 : parsers_logic : adding a topic for the parsed results of pose parser
2020-04-27 14:45:53,415 : parsers_logic : subscribing pose parser to incoming topic
2020-04-27 14:48:00,593 : parsers_logic : loading parser modules
2020-04-27 14:48:00,601 : parsers_logic : adding a topic for the parsed results of pose parser
2020-04-27 14:48:00,617 : parsers_logic : subscribing pose parser to incoming topic
2020-04-27 17:12:27,752 : parsers_logic : loading parser modules
2020-04-27 17:12:27,762 : parsers_logic : adding a topic for the parsed results of pose parser
2020-04-27 17:12:27,784 : parsers_logic : subscribing pose parser to incoming topic
2020-04-27 17:12:56,691 : parsers_logic : loading parser modules
2020-04-27 17:12:56,698 : parsers_logic : adding a topic for the parsed results of pose parser
2020-04-27 17:12:56,715 : parsers_logic : subscribing pose parser to incoming topic
2020-04-27 17:44:43,532 : parsers_logic : loading parser modules
2020-04-27 17:44:43,539 : parsers_logic : adding a topic for the parsed results of pose parser
2020-04-27 17:44:43,556 : parsers_logic : subscribing pose parser to incoming topic
2020-04-27 17:47:02,429 : parsers_logic : loading parser modules
2020-04-27 17:47:02,436 : parsers_logic : adding a topic for the parsed results of pose parser
2020-04-27 17:47:02,452 : parsers_logic : subscribing pose parser to incoming topic
2020-04-27 17:49:40,228 : parsers_logic : loading parser modules
2020-04-27 17:49:40,234 : parsers_logic : adding a topic for the parsed results of pose parser
2020-04-27 17:49:40,251 : parsers_logic : subscribing pose parser to incoming topic
2020-04-27 17:51:03,921 : parsers_logic : loading parser modules
2020-04-27 17:51:03,940 : parsers_logic : adding a topic for the parsed results of pose parser
2020-04-27 17:51:03,977 : parsers_logic : subscribing pose parser to incoming topic
2020-04-27 18:08:42,980 : parsers_logic : loading parser modules
2020-04-27 18:08:42,989 : parsers_logic : adding a topic for the parsed results of pose parser
2020-04-27 18:08:43,007 : parsers_logic : subscribing pose parser to incoming topic
2020-04-27 18:10:59,419 : parsers_logic : loading parser modules
2020-04-27 18:10:59,426 : parsers_logic : adding a topic for the parsed results of pose parser
2020-04-27 18:10:59,442 : parsers_logic : subscribing pose parser to incoming topic
2020-04-27 18:19:13,695 : parsers_logic : loading parser modules
2020-04-27 18:19:13,701 : parsers_logic : adding a topic for the parsed results of pose parser
2020-04-27 18:19:13,719 : parsers_logic : subscribing pose parser to incoming topic
2020-04-27 18:19:47,597 : parsers_logic : loading parser modules
2020-04-27 18:19:47,621 : parsers_logic : adding a topic for the parsed results of pose parser
2020-04-27 18:19:47,685 : parsers_logic : subscribing pose parser to incoming topic
2020-04-28 11:51:38,585 : parsers_logic : loading parser modules
2020-04-28 11:51:38,594 : parsers_logic : adding a topic for the parsed results of pose parser
2020-04-28 11:51:38,613 : parsers_logic : subscribing pose parser to incoming topic
2020-04-28 12:01:58,292 : parsers_logic : loading parser modules
2020-04-28 12:01:58,299 : parsers_logic : adding a topic for the parsed results of pose parser
2020-04-28 12:01:58,314 : parsers_logic : subscribing pose parser to incoming topic
2020-04-28 12:06:25,577 : parsers_logic : loading parser modules
2020-04-28 12:06:25,583 : parsers_logic : adding a topic for the parsed results of pose parser
2020-04-28 12:06:25,599 : parsers_logic : subscribing pose parser to incoming topic
2020-04-28 12:09:35,361 : parsers_logic : loading parser modules
2020-04-28 12:09:35,367 : parsers_logic : adding a topic for the parsed results of pose parser
2020-04-28 12:09:35,386 : parsers_logic : subscribing pose parser to incoming topic
2020-04-28 12:14:19,527 : parsers_logic : loading parser modules
2020-04-28 12:14:19,534 : parsers_logic : adding a topic for the parsed results of pose parser
2020-04-28 12:14:19,550 : parsers_logic : subscribing pose parser to incoming topic
2020-04-28 12:14:55,380 : parsers_logic : loading parser modules
2020-04-28 12:14:55,388 : parsers_logic : adding a topic for the parsed results of pose parser
2020-04-28 12:14:55,403 : parsers_logic : subscribing pose parser to incoming topic
2020-04-28 14:01:39,510 : parsers_logic : loading parser modules
2020-04-28 14:01:39,516 : parsers_logic : adding a topic for the parsed results of pose parser
2020-04-28 14:01:39,531 : parsers_logic : subscribing pose parser to incoming topic
2020-04-28 14:01:48,245 : parsers_logic : loading parser modules
2020-04-28 14:01:56,381 : parsers_logic : loading parser modules
2020-04-28 14:02:00,540 : parsers_logic : loading parser modules
2020-04-28 14:02:09,952 : parsers_logic : loading parser modules
2020-04-28 14:02:15,621 : parsers_logic : loading parser modules
2020-04-28 14:04:04,848 : parsers_logic : loading parser modules
2020-04-28 14:04:04,854 : parsers_logic : adding a topic for the parsed results of pose parser
2020-04-28 14:04:04,871 : parsers_logic : subscribing pose parser to incoming topic
2020-04-28 14:04:17,852 : parsers_logic : loading parser modules
2020-04-28 14:04:22,908 : parsers_logic : loading parser modules
2020-04-28 14:04:27,545 : parsers_logic : loading parser modules
2020-04-28 14:04:33,388 : parsers_logic : loading parser modules
2020-04-28 14:04:37,196 : parsers_logic : loading parser modules
2020-04-28 14:06:32,133 : parsers_logic : loading parser modules
2020-04-28 14:06:32,139 : parsers_logic : adding a topic for the parsed results of pose parser
2020-04-28 14:06:32,155 : parsers_logic : subscribing pose parser to incoming topic
2020-04-28 14:06:37,014 : parsers_logic : loading parser modules
2020-04-28 14:06:41,272 : parsers_logic : loading parser modules
2020-04-28 14:06:45,292 : parsers_logic : loading parser modules
2020-04-28 14:06:48,955 : parsers_logic : loading parser modules
2020-04-28 14:06:52,596 : parsers_logic : loading parser modules
2020-04-28 14:07:57,594 : parsers_logic : loading parser modules
2020-04-28 14:07:57,601 : parsers_logic : adding a topic for the parsed results of pose parser
2020-04-28 14:07:57,618 : parsers_logic : subscribing pose parser to incoming topic
2020-04-28 14:08:03,423 : parsers_logic : loading parser modules
2020-04-28 14:08:07,936 : parsers_logic : loading parser modules
2020-04-28 14:08:12,524 : parsers_logic : loading parser modules
2020-04-28 14:08:16,736 : parsers_logic : loading parser modules
2020-04-28 14:08:20,911 : parsers_logic : loading parser modules
2020-04-28 14:17:58,972 : parsers_logic : loading parser modules
2020-04-28 14:17:58,979 : parsers_logic : adding a topic for the parsed results of pose parser
2020-04-28 14:17:58,995 : parsers_logic : subscribing pose parser to incoming topic
2020-04-28 14:18:05,661 : parsers_logic : loading parser modules
2020-04-28 14:18:09,562 : parsers_logic : loading parser modules
2020-04-28 14:18:13,389 : parsers_logic : loading parser modules
2020-04-28 14:18:17,195 : parsers_logic : loading parser modules
2020-04-28 14:18:21,013 : parsers_logic : loading parser modules
2020-04-28 14:42:31,756 : parsers_logic : loading parser modules
2020-04-28 14:42:31,763 : parsers_logic : adding a topic for the parsed results of pose parser
2020-04-28 14:42:31,781 : parsers_logic : subscribing pose parser to incoming topic
2020-04-28 14:42:37,168 : parsers_logic : loading parser modules
2020-04-28 14:42:37,170 : parsers_logic : sending parsers names to server
2020-04-28 14:42:42,295 : parsers_logic : loading parser modules
2020-04-28 14:42:42,296 : parsers_logic : sending parsers names to server
2020-04-28 14:42:50,488 : parsers_logic : loading parser modules
2020-04-28 14:42:50,489 : parsers_logic : sending parsers names to server
2020-04-28 14:42:57,330 : parsers_logic : loading parser modules
2020-04-28 14:42:57,332 : parsers_logic : sending parsers names to server
2020-04-28 14:43:02,940 : parsers_logic : loading parser modules
2020-04-28 14:43:02,941 : parsers_logic : sending parsers names to server
2020-04-28 14:48:55,084 : parsers_logic : loading parser modules
2020-04-28 14:48:55,094 : parsers_logic : adding a topic for the parsed results of pose parser
2020-04-28 14:48:55,118 : parsers_logic : subscribing pose parser to incoming topic
2020-04-28 14:49:00,800 : parsers_logic : loading parser modules
2020-04-28 14:49:00,804 : parsers_logic : sending parsers names to server
2020-04-28 14:49:05,959 : parsers_logic : loading parser modules
2020-04-28 14:49:05,960 : parsers_logic : sending parsers names to server
2020-04-28 14:49:10,479 : parsers_logic : loading parser modules
2020-04-28 14:49:10,480 : parsers_logic : sending parsers names to server
2020-04-28 14:49:16,719 : parsers_logic : loading parser modules
2020-04-28 14:49:16,720 : parsers_logic : sending parsers names to server
2020-04-28 14:49:22,392 : parsers_logic : loading parser modules
2020-04-28 14:49:22,393 : parsers_logic : sending parsers names to server
2020-04-28 14:49:28,941 : parsers_logic : loading parser modules
2020-04-28 14:49:28,952 : parsers_logic : adding a topic for the parsed results of pose parser
2020-04-28 14:49:28,974 : parsers_logic : subscribing pose parser to incoming topic
2020-04-28 14:49:33,953 : parsers_logic : loading parser modules
2020-04-28 14:49:33,956 : parsers_logic : sending parsers names to server
2020-04-28 14:49:38,072 : parsers_logic : loading parser modules
2020-04-28 14:49:38,072 : parsers_logic : sending parsers names to server
2020-04-28 14:49:41,689 : parsers_logic : loading parser modules
2020-04-28 14:49:41,690 : parsers_logic : sending parsers names to server
2020-04-28 14:49:45,274 : parsers_logic : loading parser modules
2020-04-28 14:49:45,274 : parsers_logic : sending parsers names to server
2020-04-28 14:49:48,912 : parsers_logic : loading parser modules
2020-04-28 14:49:48,913 : parsers_logic : sending parsers names to server
2020-04-28 17:13:13,095 : parsers_logic : loading parser modules
2020-04-28 17:13:13,103 : parsers_logic : adding a topic for the parsed results of pose parser
2020-04-28 17:13:13,122 : parsers_logic : subscribing pose parser to incoming topic
2020-04-28 17:13:20,166 : parsers_logic : loading parser modules
2020-04-28 17:13:20,168 : parsers_logic : sending parsers names to server
2020-04-28 17:13:26,227 : parsers_logic : loading parser modules
2020-04-28 17:13:26,227 : parsers_logic : sending parsers names to server
2020-04-28 17:13:33,109 : parsers_logic : loading parser modules
2020-04-28 17:13:33,110 : parsers_logic : sending parsers names to server
2020-04-28 17:13:38,265 : parsers_logic : loading parser modules
2020-04-28 17:13:38,266 : parsers_logic : sending parsers names to server
2020-04-28 17:13:45,077 : parsers_logic : loading parser modules
2020-04-28 17:13:45,079 : parsers_logic : sending parsers names to server
2020-04-28 17:18:44,639 : parsers_logic : loading parser modules
2020-04-28 17:18:44,658 : parsers_logic : adding a topic for the parsed results of pose parser
2020-04-28 17:18:44,673 : parsers_logic : subscribing pose parser to incoming topic
2020-04-28 17:23:34,769 : parsers_logic : loading parser modules
2020-04-28 17:23:34,776 : parsers_logic : adding a topic for the parsed results of pose parser
2020-04-28 17:23:34,794 : parsers_logic : subscribing pose parser to incoming topic
2020-04-28 17:24:21,552 : parsers_logic : loading parser modules
2020-04-28 17:24:21,560 : parsers_logic : adding a topic for the parsed results of pose parser
2020-04-28 17:24:21,578 : parsers_logic : subscribing pose parser to incoming topic
2020-04-28 17:24:27,409 : parsers_logic : loading parser modules
2020-04-28 17:24:27,411 : parsers_logic : sending parsers names to server
2020-04-28 17:24:32,807 : parsers_logic : loading parser modules
2020-04-28 17:24:32,809 : parsers_logic : sending parsers names to server
2020-04-28 17:24:39,753 : parsers_logic : loading parser modules
2020-04-28 17:24:39,754 : parsers_logic : sending parsers names to server
2020-04-28 17:29:15,511 : parsers_logic : loading parser modules
2020-04-28 17:29:15,550 : parsers_logic : adding a topic for the parsed results of pose parser
2020-04-28 17:29:15,597 : parsers_logic : subscribing pose parser to incoming topic
2020-04-28 17:29:23,718 : parsers_logic : loading parser modules
2020-04-28 17:29:23,721 : parsers_logic : sending parsers names to server
2020-04-28 17:29:29,360 : parsers_logic : loading parser modules
2020-04-28 17:29:29,360 : parsers_logic : sending parsers names to server
2020-04-28 17:29:34,206 : parsers_logic : loading parser modules
2020-04-28 17:29:34,206 : parsers_logic : sending parsers names to server
2020-04-28 17:29:38,592 : parsers_logic : loading parser modules
2020-04-28 17:29:38,592 : parsers_logic : sending parsers names to server
2020-04-28 17:29:42,999 : parsers_logic : loading parser modules
2020-04-28 17:29:42,999 : parsers_logic : sending parsers names to server
2020-04-28 17:35:54,551 : parsers_logic : loading parser modules
2020-04-28 17:35:54,558 : parsers_logic : adding a topic for the parsed results of pose parser
2020-04-28 17:35:54,576 : parsers_logic : subscribing pose parser to incoming topic
2020-04-28 17:36:05,833 : parsers_logic : loading parser modules
2020-04-28 17:36:05,842 : parsers_logic : adding a topic for the parsed results of pose parser
2020-04-28 17:36:05,863 : parsers_logic : subscribing pose parser to incoming topic
2020-04-28 17:36:14,809 : parsers_logic : loading parser modules
2020-04-28 17:36:14,812 : parsers_logic : sending parsers names to server
2020-04-28 17:36:20,316 : parsers_logic : loading parser modules
2020-04-28 17:36:20,317 : parsers_logic : sending parsers names to server
2020-04-28 17:36:24,922 : parsers_logic : loading parser modules
2020-04-28 17:36:24,923 : parsers_logic : sending parsers names to server
2020-04-28 17:36:29,646 : parsers_logic : loading parser modules
2020-04-28 17:36:29,647 : parsers_logic : sending parsers names to server
2020-04-28 17:36:34,762 : parsers_logic : loading parser modules
2020-04-28 17:36:34,763 : parsers_logic : sending parsers names to server
2020-04-28 17:36:58,014 : parsers_logic : loading parser modules
2020-04-28 17:36:58,024 : parsers_logic : adding a topic for the parsed results of pose parser
2020-04-28 17:36:58,048 : parsers_logic : subscribing pose parser to incoming topic
2020-04-28 17:37:04,325 : parsers_logic : loading parser modules
2020-04-28 17:37:04,327 : parsers_logic : sending parsers names to server
2020-04-28 17:37:09,112 : parsers_logic : loading parser modules
2020-04-28 17:37:09,113 : parsers_logic : sending parsers names to server
2020-04-28 17:37:13,861 : parsers_logic : loading parser modules
2020-04-28 17:37:13,862 : parsers_logic : sending parsers names to server
2020-04-28 17:37:18,418 : parsers_logic : loading parser modules
2020-04-28 17:37:18,419 : parsers_logic : sending parsers names to server
2020-04-28 17:37:23,011 : parsers_logic : loading parser modules
2020-04-28 17:37:23,011 : parsers_logic : sending parsers names to server
2020-04-28 17:41:31,131 : parsers_logic : loading parser modules
2020-04-28 17:41:31,138 : parsers_logic : adding a topic for the parsed results of pose parser
2020-04-28 17:41:31,156 : parsers_logic : subscribing pose parser to incoming topic
2020-04-28 17:41:44,168 : parsers_logic : loading parser modules
2020-04-28 17:41:44,174 : parsers_logic : sending parsers names to server
2020-04-28 17:41:55,286 : parsers_logic : loading parser modules
2020-04-28 17:41:55,287 : parsers_logic : sending parsers names to server
2020-04-28 17:42:02,511 : parsers_logic : loading parser modules
2020-04-28 17:42:02,512 : parsers_logic : sending parsers names to server
2020-04-28 17:42:07,834 : parsers_logic : loading parser modules
2020-04-28 17:42:07,835 : parsers_logic : sending parsers names to server
2020-04-28 17:42:13,326 : parsers_logic : loading parser modules
2020-04-28 17:42:13,327 : parsers_logic : sending parsers names to server
2020-04-28 17:42:23,500 : parsers_logic : loading parser modules
2020-04-28 17:42:23,516 : parsers_logic : adding a topic for the parsed results of pose parser
2020-04-28 17:42:23,536 : parsers_logic : subscribing pose parser to incoming topic
2020-04-28 17:42:30,274 : parsers_logic : loading parser modules
2020-04-28 17:42:30,277 : parsers_logic : sending parsers names to server
2020-04-28 17:42:37,102 : parsers_logic : loading parser modules
2020-04-28 17:42:37,103 : parsers_logic : sending parsers names to server
2020-04-28 17:42:42,687 : parsers_logic : loading parser modules
2020-04-28 17:42:42,688 : parsers_logic : sending parsers names to server
2020-04-28 17:42:47,628 : parsers_logic : loading parser modules
2020-04-28 17:42:47,629 : parsers_logic : sending parsers names to server
2020-04-28 17:42:52,911 : parsers_logic : loading parser modules
2020-04-28 17:42:52,912 : parsers_logic : sending parsers names to server
2020-04-28 17:51:44,281 : parsers_logic : loading parser modules
2020-04-28 17:51:44,291 : parsers_logic : adding a topic for the parsed results of pose parser
2020-04-28 17:51:44,315 : parsers_logic : subscribing pose parser to incoming topic
2020-04-28 17:51:51,630 : parsers_logic : loading parser modules
2020-04-28 17:51:51,646 : parsers_logic : sending parsers names to server
2020-04-28 17:51:57,826 : parsers_logic : loading parser modules
2020-04-28 17:51:57,826 : parsers_logic : sending parsers names to server
2020-04-28 17:52:03,493 : parsers_logic : loading parser modules
2020-04-28 17:52:03,494 : parsers_logic : sending parsers names to server
2020-04-28 17:52:09,824 : parsers_logic : loading parser modules
2020-04-28 17:52:09,825 : parsers_logic : sending parsers names to server
2020-04-28 17:52:14,982 : parsers_logic : loading parser modules
2020-04-28 17:52:14,982 : parsers_logic : sending parsers names to server
2020-04-28 17:52:36,629 : parsers_logic : loading parser modules
2020-04-28 17:52:36,642 : parsers_logic : adding a topic for the parsed results of pose parser
2020-04-28 17:52:36,661 : parsers_logic : subscribing pose parser to incoming topic
2020-04-28 17:52:42,607 : parsers_logic : loading parser modules
2020-04-28 17:52:42,611 : parsers_logic : sending parsers names to server
2020-04-28 17:52:47,543 : parsers_logic : loading parser modules
2020-04-28 17:52:47,544 : parsers_logic : sending parsers names to server
2020-04-28 17:52:52,110 : parsers_logic : loading parser modules
2020-04-28 17:52:52,111 : parsers_logic : sending parsers names to server
2020-04-28 17:52:56,629 : parsers_logic : loading parser modules
2020-04-28 17:52:56,630 : parsers_logic : sending parsers names to server
2020-04-28 17:53:01,878 : parsers_logic : loading parser modules
2020-04-28 17:53:01,879 : parsers_logic : sending parsers names to server
2020-04-28 18:07:52,221 : parsers_logic : loading parser modules
2020-04-28 18:07:52,254 : parsers_logic : adding a topic for the parsed results of pose parser
2020-04-28 18:07:52,308 : parsers_logic : subscribing pose parser to incoming topic
2020-04-28 18:07:57,928 : parsers_logic : loading parser modules
2020-04-28 18:07:57,932 : parsers_logic : sending parsers names to server
2020-04-28 18:08:04,488 : parsers_logic : loading parser modules
2020-04-28 18:08:04,488 : parsers_logic : sending parsers names to server
2020-04-28 18:08:11,816 : parsers_logic : loading parser modules
2020-04-28 18:08:11,816 : parsers_logic : sending parsers names to server
2020-04-28 18:08:16,938 : parsers_logic : loading parser modules
2020-04-28 18:08:16,939 : parsers_logic : sending parsers names to server
2020-04-28 18:08:21,693 : parsers_logic : loading parser modules
2020-04-28 18:08:21,693 : parsers_logic : sending parsers names to server
2020-04-28 18:08:52,968 : parsers_logic : loading parser modules
2020-04-28 18:08:52,975 : parsers_logic : adding a topic for the parsed results of pose parser
2020-04-28 18:08:53,001 : parsers_logic : subscribing pose parser to incoming topic
2020-04-28 18:08:59,092 : parsers_logic : loading parser modules
2020-04-28 18:08:59,095 : parsers_logic : sending parsers names to server
2020-04-28 18:09:04,407 : parsers_logic : loading parser modules
2020-04-28 18:09:04,408 : parsers_logic : sending parsers names to server
2020-04-28 18:09:09,045 : parsers_logic : loading parser modules
2020-04-28 18:09:09,047 : parsers_logic : sending parsers names to server
2020-04-28 18:09:13,821 : parsers_logic : loading parser modules
2020-04-28 18:09:13,822 : parsers_logic : sending parsers names to server
2020-04-28 18:09:18,702 : parsers_logic : loading parser modules
2020-04-28 18:09:18,703 : parsers_logic : sending parsers names to server
2020-04-28 18:14:22,682 : parsers_logic : loading parser modules
2020-04-28 18:14:22,705 : parsers_logic : adding a topic for the parsed results of pose parser
2020-04-28 18:14:22,735 : parsers_logic : subscribing pose parser to incoming topic
2020-04-28 18:14:30,934 : parsers_logic : loading parser modules
2020-04-28 18:14:30,937 : parsers_logic : sending parsers names to server
2020-04-28 18:14:36,021 : parsers_logic : loading parser modules
2020-04-28 18:14:36,023 : parsers_logic : sending parsers names to server
2020-04-28 18:14:40,775 : parsers_logic : loading parser modules
2020-04-28 18:14:40,776 : parsers_logic : sending parsers names to server
2020-04-28 18:14:45,739 : parsers_logic : loading parser modules
2020-04-28 18:14:45,740 : parsers_logic : sending parsers names to server
2020-04-28 18:14:51,854 : parsers_logic : loading parser modules
2020-04-28 18:14:51,854 : parsers_logic : sending parsers names to server
2020-04-28 18:15:24,637 : parsers_logic : loading parser modules
2020-04-28 18:15:24,646 : parsers_logic : adding a topic for the parsed results of pose parser
2020-04-28 18:15:24,665 : parsers_logic : subscribing pose parser to incoming topic
2020-04-28 18:15:30,710 : parsers_logic : loading parser modules
2020-04-28 18:15:30,713 : parsers_logic : sending parsers names to server
2020-04-28 18:15:35,624 : parsers_logic : loading parser modules
2020-04-28 18:15:35,625 : parsers_logic : sending parsers names to server
2020-04-28 18:15:40,685 : parsers_logic : loading parser modules
2020-04-28 18:15:40,686 : parsers_logic : sending parsers names to server
2020-04-28 18:15:45,599 : parsers_logic : loading parser modules
2020-04-28 18:15:45,600 : parsers_logic : sending parsers names to server
2020-04-28 18:15:50,484 : parsers_logic : loading parser modules
2020-04-28 18:15:50,484 : parsers_logic : sending parsers names to server
2020-04-28 18:22:20,118 : parsers_logic : loading parser modules
2020-04-28 18:22:20,127 : parsers_logic : adding a topic for the parsed results of pose parser
2020-04-28 18:22:20,144 : parsers_logic : subscribing pose parser to incoming topic
2020-04-28 18:22:32,770 : parsers_logic : loading parser modules
2020-04-28 18:22:32,776 : parsers_logic : sending parsers names to server
2020-04-28 18:22:41,612 : parsers_logic : loading parser modules
2020-04-28 18:22:41,613 : parsers_logic : sending parsers names to server
2020-04-28 18:22:48,404 : parsers_logic : loading parser modules
2020-04-28 18:22:48,405 : parsers_logic : sending parsers names to server
2020-04-28 18:22:53,417 : parsers_logic : loading parser modules
2020-04-28 18:22:53,418 : parsers_logic : sending parsers names to server
2020-04-28 18:22:58,125 : parsers_logic : loading parser modules
2020-04-28 18:22:58,126 : parsers_logic : sending parsers names to server
2020-04-28 18:23:22,218 : parsers_logic : loading parser modules
2020-04-28 18:23:22,228 : parsers_logic : adding a topic for the parsed results of pose parser
2020-04-28 18:23:22,249 : parsers_logic : subscribing pose parser to incoming topic
2020-04-28 18:23:28,590 : parsers_logic : loading parser modules
2020-04-28 18:23:28,593 : parsers_logic : sending parsers names to server
2020-04-28 18:23:33,488 : parsers_logic : loading parser modules
2020-04-28 18:23:33,488 : parsers_logic : sending parsers names to server
2020-04-28 18:23:38,562 : parsers_logic : loading parser modules
2020-04-28 18:23:38,562 : parsers_logic : sending parsers names to server
2020-04-28 18:23:43,497 : parsers_logic : loading parser modules
2020-04-28 18:23:43,498 : parsers_logic : sending parsers names to server
2020-04-28 18:23:48,024 : parsers_logic : loading parser modules
2020-04-28 18:23:48,029 : parsers_logic : sending parsers names to server
2020-04-28 18:31:02,704 : parsers_logic : loading parser modules
2020-04-28 18:31:02,722 : parsers_logic : adding a topic for the parsed results of pose parser
2020-04-28 18:31:02,764 : parsers_logic : subscribing pose parser to incoming topic
2020-04-28 18:31:09,008 : parsers_logic : loading parser modules
2020-04-28 18:31:09,010 : parsers_logic : sending parsers names to server
2020-04-28 18:31:14,461 : parsers_logic : loading parser modules
2020-04-28 18:31:14,461 : parsers_logic : sending parsers names to server
2020-04-28 18:31:19,866 : parsers_logic : loading parser modules
2020-04-28 18:31:19,867 : parsers_logic : sending parsers names to server
2020-04-28 18:31:24,331 : parsers_logic : loading parser modules
2020-04-28 18:31:24,371 : parsers_logic : sending parsers names to server
2020-04-28 18:31:29,494 : parsers_logic : loading parser modules
2020-04-28 18:31:29,495 : parsers_logic : sending parsers names to server
2020-04-28 18:32:03,718 : parsers_logic : loading parser modules
2020-04-28 18:32:03,728 : parsers_logic : adding a topic for the parsed results of pose parser
2020-04-28 18:32:03,746 : parsers_logic : subscribing pose parser to incoming topic
2020-04-28 18:32:10,647 : parsers_logic : loading parser modules
2020-04-28 18:32:10,650 : parsers_logic : sending parsers names to server
2020-04-28 18:32:16,229 : parsers_logic : loading parser modules
2020-04-28 18:32:16,230 : parsers_logic : sending parsers names to server
2020-04-28 18:32:21,428 : parsers_logic : loading parser modules
2020-04-28 18:32:21,428 : parsers_logic : sending parsers names to server
2020-04-28 18:32:26,543 : parsers_logic : loading parser modules
2020-04-28 18:32:26,544 : parsers_logic : sending parsers names to server
2020-04-28 18:32:31,548 : parsers_logic : loading parser modules
2020-04-28 18:32:31,550 : parsers_logic : sending parsers names to server
2020-04-28 18:36:37,609 : parsers_logic : loading parser modules
2020-04-28 18:36:37,619 : parsers_logic : adding a topic for the parsed results of pose parser
2020-04-28 18:36:37,640 : parsers_logic : subscribing pose parser to incoming topic
2020-04-28 18:36:46,710 : parsers_logic : loading parser modules
2020-04-28 18:36:46,714 : parsers_logic : sending parsers names to server
2020-04-28 18:36:52,351 : parsers_logic : loading parser modules
2020-04-28 18:36:52,351 : parsers_logic : sending parsers names to server
2020-04-28 18:36:57,469 : parsers_logic : loading parser modules
2020-04-28 18:36:57,470 : parsers_logic : sending parsers names to server
2020-04-28 18:37:02,732 : parsers_logic : loading parser modules
2020-04-28 18:37:02,732 : parsers_logic : sending parsers names to server
2020-04-28 18:37:07,885 : parsers_logic : loading parser modules
2020-04-28 18:37:07,885 : parsers_logic : sending parsers names to server
2020-04-28 18:37:39,725 : parsers_logic : loading parser modules
2020-04-28 18:37:39,754 : parsers_logic : adding a topic for the parsed results of pose parser
2020-04-28 18:37:39,804 : parsers_logic : subscribing pose parser to incoming topic
2020-04-28 18:37:46,968 : parsers_logic : loading parser modules
2020-04-28 18:37:46,971 : parsers_logic : sending parsers names to server
2020-04-28 18:37:52,917 : parsers_logic : loading parser modules
2020-04-28 18:37:52,918 : parsers_logic : sending parsers names to server
2020-04-28 18:37:57,982 : parsers_logic : loading parser modules
2020-04-28 18:37:57,983 : parsers_logic : sending parsers names to server
2020-04-28 18:38:03,387 : parsers_logic : loading parser modules
2020-04-28 18:38:03,387 : parsers_logic : sending parsers names to server
2020-04-28 18:38:08,345 : parsers_logic : loading parser modules
2020-04-28 18:38:08,346 : parsers_logic : sending parsers names to server
2020-04-28 18:50:24,685 : parsers_logic : loading parser modules
2020-04-28 18:50:24,697 : parsers_logic : adding a topic for the parsed results of pose parser
2020-04-28 18:50:24,720 : parsers_logic : subscribing pose parser to incoming topic
2020-04-28 18:50:31,643 : parsers_logic : loading parser modules
2020-04-28 18:50:31,664 : parsers_logic : sending parsers names to server
2020-04-28 18:50:38,018 : parsers_logic : loading parser modules
2020-04-28 18:50:38,020 : parsers_logic : sending parsers names to server
2020-04-28 18:50:45,115 : parsers_logic : loading parser modules
2020-04-28 18:50:45,116 : parsers_logic : sending parsers names to server
2020-04-28 18:50:50,074 : parsers_logic : loading parser modules
2020-04-28 18:50:50,075 : parsers_logic : sending parsers names to server
2020-04-28 18:50:55,390 : parsers_logic : loading parser modules
2020-04-28 18:50:55,391 : parsers_logic : sending parsers names to server
2020-04-28 18:51:26,811 : parsers_logic : loading parser modules
2020-04-28 18:51:26,820 : parsers_logic : adding a topic for the parsed results of pose parser
2020-04-28 18:51:26,844 : parsers_logic : subscribing pose parser to incoming topic
2020-04-28 18:51:33,496 : parsers_logic : loading parser modules
2020-04-28 18:51:33,499 : parsers_logic : sending parsers names to server
2020-04-28 18:51:38,373 : parsers_logic : loading parser modules
2020-04-28 18:51:38,374 : parsers_logic : sending parsers names to server
2020-04-28 18:51:43,106 : parsers_logic : loading parser modules
2020-04-28 18:51:43,106 : parsers_logic : sending parsers names to server
2020-04-28 18:51:48,068 : parsers_logic : loading parser modules
2020-04-28 18:51:48,069 : parsers_logic : sending parsers names to server
2020-04-28 18:51:52,721 : parsers_logic : loading parser modules
2020-04-28 18:51:52,721 : parsers_logic : sending parsers names to server
2020-04-28 18:52:48,249 : parsers_logic : loading parser modules
2020-04-28 18:52:48,258 : parsers_logic : adding a topic for the parsed results of pose parser
2020-04-28 18:52:48,275 : parsers_logic : subscribing pose parser to incoming topic
2020-04-28 18:52:56,921 : parsers_logic : loading parser modules
2020-04-28 18:52:56,923 : parsers_logic : sending parsers names to server
2020-04-28 18:53:04,902 : parsers_logic : loading parser modules
2020-04-28 18:53:04,902 : parsers_logic : sending parsers names to server
2020-04-28 18:53:10,292 : parsers_logic : loading parser modules
2020-04-28 18:53:10,293 : parsers_logic : sending parsers names to server
2020-04-28 18:53:15,262 : parsers_logic : loading parser modules
2020-04-28 18:53:15,263 : parsers_logic : sending parsers names to server
2020-04-28 18:53:20,421 : parsers_logic : loading parser modules
2020-04-28 18:53:20,422 : parsers_logic : sending parsers names to server
2020-04-28 18:53:50,402 : parsers_logic : loading parser modules
2020-04-28 18:53:50,414 : parsers_logic : adding a topic for the parsed results of pose parser
2020-04-28 18:53:50,440 : parsers_logic : subscribing pose parser to incoming topic
2020-04-28 18:53:56,663 : parsers_logic : loading parser modules
2020-04-28 18:53:56,667 : parsers_logic : sending parsers names to server
2020-04-28 18:54:01,908 : parsers_logic : loading parser modules
2020-04-28 18:54:01,909 : parsers_logic : sending parsers names to server
2020-04-28 18:54:06,603 : parsers_logic : loading parser modules
2020-04-28 18:54:06,604 : parsers_logic : sending parsers names to server
2020-04-28 18:54:11,182 : parsers_logic : loading parser modules
2020-04-28 18:54:11,182 : parsers_logic : sending parsers names to server
2020-04-28 18:54:15,782 : parsers_logic : loading parser modules
2020-04-28 18:54:15,783 : parsers_logic : sending parsers names to server
2020-04-28 18:56:35,763 : parsers_logic : loading parser modules
2020-04-28 18:56:35,772 : parsers_logic : adding a topic for the parsed results of pose parser
2020-04-28 18:56:35,794 : parsers_logic : subscribing pose parser to incoming topic
2020-04-28 18:56:42,234 : parsers_logic : loading parser modules
2020-04-28 18:56:42,237 : parsers_logic : sending parsers names to server
2020-04-28 18:56:48,141 : parsers_logic : loading parser modules
2020-04-28 18:56:48,141 : parsers_logic : sending parsers names to server
2020-04-28 18:56:54,063 : parsers_logic : loading parser modules
2020-04-28 18:56:54,064 : parsers_logic : sending parsers names to server
2020-04-28 18:57:01,371 : parsers_logic : loading parser modules
2020-04-28 18:57:01,372 : parsers_logic : sending parsers names to server
2020-04-28 18:57:08,589 : parsers_logic : loading parser modules
2020-04-28 18:57:08,589 : parsers_logic : sending parsers names to server
2020-04-28 18:57:37,968 : parsers_logic : loading parser modules
2020-04-28 18:57:37,975 : parsers_logic : adding a topic for the parsed results of pose parser
2020-04-28 18:57:37,992 : parsers_logic : subscribing pose parser to incoming topic
2020-04-28 18:57:44,834 : parsers_logic : loading parser modules
2020-04-28 18:57:44,838 : parsers_logic : sending parsers names to server
2020-04-28 18:57:49,775 : parsers_logic : loading parser modules
2020-04-28 18:57:49,776 : parsers_logic : sending parsers names to server
2020-04-28 18:57:54,711 : parsers_logic : loading parser modules
2020-04-28 18:57:54,712 : parsers_logic : sending parsers names to server
2020-04-28 18:57:59,576 : parsers_logic : loading parser modules
2020-04-28 18:57:59,577 : parsers_logic : sending parsers names to server
2020-04-28 18:58:04,868 : parsers_logic : loading parser modules
2020-04-28 18:58:04,869 : parsers_logic : sending parsers names to server
2020-04-28 19:07:52,998 : parsers_logic : loading parser modules
2020-04-28 19:07:53,016 : parsers_logic : adding a topic for the parsed results of pose parser
2020-04-28 19:07:53,050 : parsers_logic : subscribing pose parser to incoming topic
2020-04-28 19:08:00,201 : parsers_logic : loading parser modules
2020-04-28 19:08:00,203 : parsers_logic : sending parsers names to server
2020-04-28 19:08:07,153 : parsers_logic : loading parser modules
2020-04-28 19:08:07,153 : parsers_logic : sending parsers names to server
2020-04-28 19:08:12,013 : parsers_logic : loading parser modules
2020-04-28 19:08:12,014 : parsers_logic : sending parsers names to server
2020-04-28 19:08:16,660 : parsers_logic : loading parser modules
2020-04-28 19:08:16,661 : parsers_logic : sending parsers names to server
2020-04-28 19:08:21,940 : parsers_logic : loading parser modules
2020-04-28 19:08:21,941 : parsers_logic : sending parsers names to server
2020-04-28 19:08:55,011 : parsers_logic : loading parser modules
2020-04-28 19:08:55,019 : parsers_logic : adding a topic for the parsed results of pose parser
2020-04-28 19:08:55,035 : parsers_logic : subscribing pose parser to incoming topic
2020-04-28 19:09:01,479 : parsers_logic : loading parser modules
2020-04-28 19:09:01,483 : parsers_logic : sending parsers names to server
2020-04-28 19:09:06,974 : parsers_logic : loading parser modules
2020-04-28 19:09:06,976 : parsers_logic : sending parsers names to server
2020-04-28 19:09:12,231 : parsers_logic : loading parser modules
2020-04-28 19:09:12,232 : parsers_logic : sending parsers names to server
2020-04-28 19:09:17,632 : parsers_logic : loading parser modules
2020-04-28 19:09:17,632 : parsers_logic : sending parsers names to server
2020-04-28 19:09:22,314 : parsers_logic : loading parser modules
2020-04-28 19:09:22,315 : parsers_logic : sending parsers names to server
2020-04-28 19:32:17,048 : parsers_logic : loading parser modules
2020-04-28 19:32:17,056 : parsers_logic : adding a topic for the parsed results of pose parser
2020-04-28 19:32:17,070 : parsers_logic : subscribing pose parser to incoming topic
2020-04-28 19:32:23,424 : parsers_logic : loading parser modules
2020-04-28 19:32:23,426 : parsers_logic : sending parsers names to server
2020-04-28 19:32:27,833 : parsers_logic : loading parser modules
2020-04-28 19:32:27,834 : parsers_logic : sending parsers names to server
2020-04-28 19:32:36,635 : parsers_logic : loading parser modules
2020-04-28 19:32:36,636 : parsers_logic : sending parsers names to server
2020-04-28 19:32:43,254 : parsers_logic : loading parser modules
2020-04-28 19:32:43,255 : parsers_logic : sending parsers names to server
2020-04-28 19:32:49,509 : parsers_logic : loading parser modules
2020-04-28 19:32:49,509 : parsers_logic : sending parsers names to server
2020-04-28 19:33:19,354 : parsers_logic : loading parser modules
2020-04-28 19:33:19,366 : parsers_logic : adding a topic for the parsed results of pose parser
2020-04-28 19:33:19,391 : parsers_logic : subscribing pose parser to incoming topic
2020-04-28 19:33:26,409 : parsers_logic : loading parser modules
2020-04-28 19:33:26,412 : parsers_logic : sending parsers names to server
2020-04-28 19:33:32,524 : parsers_logic : loading parser modules
2020-04-28 19:33:32,525 : parsers_logic : sending parsers names to server
2020-04-28 19:33:39,022 : parsers_logic : loading parser modules
2020-04-28 19:33:39,022 : parsers_logic : sending parsers names to server
2020-04-28 19:33:45,539 : parsers_logic : loading parser modules
2020-04-28 19:33:45,540 : parsers_logic : sending parsers names to server
2020-04-28 19:33:52,109 : parsers_logic : loading parser modules
2020-04-28 19:33:52,109 : parsers_logic : sending parsers names to server
2020-04-29 14:16:04,384 : parsers_logic : loading parser modules
2020-04-29 14:16:04,390 : parsers_logic : adding a topic for the parsed results of pose parser
2020-04-29 14:16:04,420 : parsers_logic : subscribing pose parser to incoming topic
2020-04-29 14:16:06,447 : parsers_logic : loading parser modules
2020-04-29 14:16:06,449 : parsers_logic : sending parsers names
2020-04-29 14:17:07,662 : parsers_logic : loading parser modules
2020-04-29 14:17:07,673 : parsers_logic : adding a topic for the parsed results of pose parser
2020-04-29 14:17:07,710 : parsers_logic : subscribing pose parser to incoming topic
2020-04-29 14:17:09,624 : parsers_logic : loading parser modules
2020-04-29 14:17:09,627 : parsers_logic : sending parsers names
2020-04-29 14:30:50,795 : parsers_logic : loading parser modules
2020-04-29 14:30:50,802 : parsers_logic : adding a topic for the parsed results of pose parser
2020-04-29 14:30:50,831 : parsers_logic : subscribing pose parser to incoming topic
2020-04-29 14:30:52,815 : parsers_logic : loading parser modules
2020-04-29 14:30:52,817 : parsers_logic : sending parsers names
2020-04-29 14:31:53,948 : parsers_logic : loading parser modules
2020-04-29 14:31:53,956 : parsers_logic : adding a topic for the parsed results of pose parser
2020-04-29 14:31:53,990 : parsers_logic : subscribing pose parser to incoming topic
2020-04-29 14:31:55,937 : parsers_logic : loading parser modules
2020-04-29 14:31:55,940 : parsers_logic : sending parsers names
2020-04-29 14:37:29,011 : parsers_logic : loading parser modules
2020-04-29 14:37:29,017 : parsers_logic : adding a topic for the parsed results of pose parser
2020-04-29 14:37:29,047 : parsers_logic : subscribing pose parser to incoming topic
2020-04-29 14:37:31,023 : parsers_logic : loading parser modules
2020-04-29 14:37:31,026 : parsers_logic : sending parsers names
2020-04-29 14:38:32,166 : parsers_logic : loading parser modules
2020-04-29 14:38:32,173 : parsers_logic : adding a topic for the parsed results of pose parser
2020-04-29 14:38:32,209 : parsers_logic : subscribing pose parser to incoming topic
2020-04-29 14:38:34,117 : parsers_logic : loading parser modules
2020-04-29 14:38:34,119 : parsers_logic : sending parsers names
2020-04-29 18:56:00,562 : parsers_logic : loading parser modules
2020-04-29 18:56:00,569 : parsers_logic : adding a topic for the parsed results of pose parser
2020-04-29 18:56:00,582 : parsers_logic : subscribing pose parser to incoming topic
2020-04-29 18:56:17,743 : parsers_logic : loading parser modules
2020-04-29 18:56:17,749 : parsers_logic : adding a topic for the parsed results of pose parser
2020-04-29 18:56:17,769 : parsers_logic : subscribing pose parser to incoming topic
2020-04-29 18:56:25,861 : parsers_logic : loading parser modules
2020-04-29 18:56:25,864 : parsers_logic : sending parsers names
2020-04-29 18:56:30,264 : parsers_logic : loading parser modules
2020-04-29 18:56:30,265 : parsers_logic : sending parsers names
2020-04-29 18:56:34,497 : parsers_logic : loading parser modules
2020-04-29 18:56:34,498 : parsers_logic : sending parsers names
2020-04-29 18:56:39,440 : parsers_logic : loading parser modules
2020-04-29 18:56:39,440 : parsers_logic : sending parsers names
2020-04-29 18:56:44,085 : parsers_logic : loading parser modules
2020-04-29 18:56:44,085 : parsers_logic : sending parsers names
2020-04-29 18:57:20,887 : parsers_logic : loading parser modules
2020-04-29 18:57:20,893 : parsers_logic : adding a topic for the parsed results of pose parser
2020-04-29 18:57:20,909 : parsers_logic : subscribing pose parser to incoming topic
2020-04-29 18:57:27,518 : parsers_logic : loading parser modules
2020-04-29 18:57:27,520 : parsers_logic : sending parsers names
2020-04-29 18:57:31,326 : parsers_logic : loading parser modules
2020-04-29 18:57:31,327 : parsers_logic : sending parsers names
2020-04-29 18:57:35,086 : parsers_logic : loading parser modules
2020-04-29 18:57:35,087 : parsers_logic : sending parsers names
2020-04-29 18:57:38,869 : parsers_logic : loading parser modules
2020-04-29 18:57:38,870 : parsers_logic : sending parsers names
2020-04-29 18:57:42,569 : parsers_logic : loading parser modules
2020-04-29 18:57:42,569 : parsers_logic : sending parsers names
2020-04-29 20:08:46,891 : parsers_logic : loading parser modules
2020-04-29 20:08:46,897 : parsers_logic : adding a topic for the parsed results of pose parser
2020-04-29 20:08:46,912 : parsers_logic : subscribing pose parser to incoming topic
2020-04-29 20:08:53,816 : parsers_logic : loading parser modules
2020-04-29 20:08:53,819 : parsers_logic : sending parsers names
2020-04-29 20:08:57,617 : parsers_logic : loading parser modules
2020-04-29 20:08:57,618 : parsers_logic : sending parsers names
2020-04-29 20:09:02,737 : parsers_logic : loading parser modules
2020-04-29 20:09:02,738 : parsers_logic : sending parsers names
2020-04-29 20:09:07,398 : parsers_logic : loading parser modules
2020-04-29 20:09:07,399 : parsers_logic : sending parsers names
2020-04-29 20:09:11,279 : parsers_logic : loading parser modules
2020-04-29 20:09:11,280 : parsers_logic : sending parsers names
2020-04-29 20:09:50,404 : parsers_logic : loading parser modules
2020-04-29 20:09:50,411 : parsers_logic : adding a topic for the parsed results of pose parser
2020-04-29 20:09:50,430 : parsers_logic : subscribing pose parser to incoming topic
2020-04-29 20:09:59,055 : parsers_logic : loading parser modules
2020-04-29 20:09:59,059 : parsers_logic : sending parsers names
2020-04-29 20:10:03,519 : parsers_logic : loading parser modules
2020-04-29 20:10:03,520 : parsers_logic : sending parsers names
2020-04-29 20:10:07,429 : parsers_logic : loading parser modules
2020-04-29 20:10:07,429 : parsers_logic : sending parsers names
2020-04-29 20:10:11,394 : parsers_logic : loading parser modules
2020-04-29 20:10:11,395 : parsers_logic : sending parsers names
2020-04-29 20:10:15,263 : parsers_logic : loading parser modules
2020-04-29 20:10:15,264 : parsers_logic : sending parsers names
2020-04-29 20:29:27,561 : parsers_logic : loading parser modules
2020-04-29 20:29:27,567 : parsers_logic : adding a topic for the parsed results of pose parser
2020-04-29 20:29:27,582 : parsers_logic : subscribing pose parser to incoming topic
2020-04-29 20:29:37,148 : parsers_logic : loading parser modules
2020-04-29 20:29:37,150 : parsers_logic : sending parsers names
2020-04-29 20:29:41,748 : parsers_logic : loading parser modules
2020-04-29 20:29:41,749 : parsers_logic : sending parsers names
2020-04-29 20:29:46,122 : parsers_logic : loading parser modules
2020-04-29 20:29:46,123 : parsers_logic : sending parsers names
2020-04-29 20:29:50,959 : parsers_logic : loading parser modules
2020-04-29 20:29:50,960 : parsers_logic : sending parsers names
2020-04-29 20:29:55,076 : parsers_logic : loading parser modules
2020-04-29 20:29:55,076 : parsers_logic : sending parsers names
2020-04-29 20:36:51,029 : parsers_logic : loading parser modules
2020-04-29 20:36:51,035 : parsers_logic : adding a topic for the parsed results of pose parser
2020-04-29 20:36:51,049 : parsers_logic : subscribing pose parser to incoming topic
2020-04-29 20:37:00,924 : parsers_logic : loading parser modules
2020-04-29 20:37:00,926 : parsers_logic : sending parsers names
2020-04-29 20:37:05,179 : parsers_logic : loading parser modules
2020-04-29 20:37:05,180 : parsers_logic : sending parsers names
2020-04-29 20:37:09,052 : parsers_logic : loading parser modules
2020-04-29 20:37:09,053 : parsers_logic : sending parsers names
2020-04-29 20:37:13,842 : parsers_logic : loading parser modules
2020-04-29 20:37:13,843 : parsers_logic : sending parsers names
2020-04-29 20:37:18,986 : parsers_logic : loading parser modules
2020-04-29 20:37:18,987 : parsers_logic : sending parsers names
2020-04-29 20:39:19,467 : parsers_logic : loading parser modules
2020-04-29 20:39:19,475 : parsers_logic : adding a topic for the parsed results of pose parser
2020-04-29 20:39:19,495 : parsers_logic : subscribing pose parser to incoming topic
2020-04-29 20:39:26,597 : parsers_logic : loading parser modules
2020-04-29 20:39:26,599 : parsers_logic : sending parsers names
2020-04-29 20:39:30,827 : parsers_logic : loading parser modules
2020-04-29 20:39:30,827 : parsers_logic : sending parsers names
2020-04-29 20:39:34,610 : parsers_logic : loading parser modules
2020-04-29 20:39:34,610 : parsers_logic : sending parsers names
2020-04-29 20:39:38,310 : parsers_logic : loading parser modules
2020-04-29 20:39:38,310 : parsers_logic : sending parsers names
2020-04-29 20:39:42,106 : parsers_logic : loading parser modules
2020-04-29 20:39:42,107 : parsers_logic : sending parsers names
2020-04-29 20:42:31,574 : parsers_logic : loading parser modules
2020-04-29 20:42:31,580 : parsers_logic : adding a topic for the parsed results of pose parser
2020-04-29 20:42:31,593 : parsers_logic : subscribing pose parser to incoming topic
2020-04-29 20:42:34,535 : parsers_logic : loading parser modules
2020-04-29 20:42:34,542 : parsers_logic : sending parsers names
2020-04-29 20:45:33,382 : parsers_logic : loading parser modules
2020-04-29 20:45:33,388 : parsers_logic : adding a topic for the parsed results of pose parser
2020-04-29 20:45:33,420 : parsers_logic : subscribing pose parser to incoming topic
2020-04-29 20:45:35,439 : parsers_logic : loading parser modules
2020-04-29 20:45:35,443 : parsers_logic : sending parsers names
2020-04-29 20:56:09,686 : parsers_logic : loading parser modules
2020-04-29 20:56:09,692 : parsers_logic : adding a topic for the parsed results of pose parser
2020-04-29 20:56:09,720 : parsers_logic : subscribing pose parser to incoming topic
2020-04-29 20:56:11,716 : parsers_logic : loading parser modules
2020-04-29 20:56:11,718 : parsers_logic : sending parsers names
2020-04-29 20:56:16,908 : parsers_logic : parsed data is: {"user_id": 42, "datetime": 1575446887339, "pose": {"translation": {"x": 0.4873843491077423, "y": 0.007090016733855009, "z": -1.1306129693984985}, "rotation": {"x": -0.10888676356214629, "y": -0.26755994585035286, "z": -0.021271118915446748, "w": 0.9571326384559261}}}
2020-04-29 20:56:20,635 : parsers_logic : parsed data is: {"user_id": 42, "datetime": 1575446887412, "pose": {"translation": {"x": 0.15600797533988953, "y": 0.08133671432733536, "z": -0.49068963527679443}, "rotation": {"x": -0.2959017411322204, "y": -0.16749024140672616, "z": -0.04752900380336424, "w": 0.9392178514199446}}}
2020-04-29 20:56:24,455 : parsers_logic : parsed data is: {"user_id": 42, "datetime": 1575446887476, "pose": {"translation": {"x": -0.05690298229455948, "y": 0.09136273711919785, "z": -0.1454082578420639}, "rotation": {"x": -0.30262250114734884, "y": 0.024984587319575428, "z": 0.01379476785565966, "w": 0.9526831039624887}}}
2020-04-29 20:56:28,167 : parsers_logic : parsed data is: {"user_id": 42, "datetime": 1575446887541, "pose": {"translation": {"x": -0.06873919069766998, "y": 0.06515509635210037, "z": 0.20628340542316437}, "rotation": {"x": -0.2268025104015529, "y": 0.016296475938769883, "z": 0.034513309202044845, "w": 0.9731926210342198}}}
2020-04-29 20:56:31,951 : parsers_logic : parsed data is: {"user_id": 42, "datetime": 1575446887603, "pose": {"translation": {"x": -0.08363257348537445, "y": 0.03274262696504593, "z": 0.44446834921836853}, "rotation": {"x": -0.18523385018409705, "y": -0.011889715927864218, "z": 0.01159230178272562, "w": 0.9825541582734808}}}
2020-04-29 21:04:16,242 : parsers_logic : loading parser modules
2020-04-29 21:04:16,248 : parsers_logic : adding a topic for the parsed results of pose parser
2020-04-29 21:04:16,276 : parsers_logic : subscribing pose parser to incoming topic
2020-04-29 21:04:18,206 : parsers_logic : loading parser modules
2020-04-29 21:04:18,208 : parsers_logic : sending parsers names
2020-04-29 21:04:23,781 : parsers_logic : parsed data is: {"user_id": 42, "datetime": 1575446887339, "pose": {"translation": {"x": 0.4873843491077423, "y": 0.007090016733855009, "z": -1.1306129693984985}, "rotation": {"x": -0.10888676356214629, "y": -0.26755994585035286, "z": -0.021271118915446748, "w": 0.9571326384559261}}}
2020-04-29 21:04:28,008 : parsers_logic : parsed data is: {"user_id": 42, "datetime": 1575446887412, "pose": {"translation": {"x": 0.15600797533988953, "y": 0.08133671432733536, "z": -0.49068963527679443}, "rotation": {"x": -0.2959017411322204, "y": -0.16749024140672616, "z": -0.04752900380336424, "w": 0.9392178514199446}}}
2020-04-29 21:04:31,869 : parsers_logic : parsed data is: {"user_id": 42, "datetime": 1575446887476, "pose": {"translation": {"x": -0.05690298229455948, "y": 0.09136273711919785, "z": -0.1454082578420639}, "rotation": {"x": -0.30262250114734884, "y": 0.024984587319575428, "z": 0.01379476785565966, "w": 0.9526831039624887}}}
2020-04-29 21:04:35,806 : parsers_logic : parsed data is: {"user_id": 42, "datetime": 1575446887541, "pose": {"translation": {"x": -0.06873919069766998, "y": 0.06515509635210037, "z": 0.20628340542316437}, "rotation": {"x": -0.2268025104015529, "y": 0.016296475938769883, "z": 0.034513309202044845, "w": 0.9731926210342198}}}
2020-04-29 21:04:39,511 : parsers_logic : parsed data is: {"user_id": 42, "datetime": 1575446887603, "pose": {"translation": {"x": -0.08363257348537445, "y": 0.03274262696504593, "z": 0.44446834921836853}, "rotation": {"x": -0.18523385018409705, "y": -0.011889715927864218, "z": 0.01159230178272562, "w": 0.9825541582734808}}}
2020-04-29 21:05:18,884 : parsers_logic : loading parser modules
2020-04-29 21:05:19,326 : parsers_logic : loading parser modules
2020-04-29 21:05:19,332 : parsers_logic : adding a topic for the parsed results of pose parser
2020-04-29 21:05:19,358 : parsers_logic : subscribing pose parser to incoming topic
2020-04-29 21:09:48,888 : parsers_logic : loading parser modules
2020-04-29 21:09:48,896 : parsers_logic : adding a topic for the parsed results of pose parser
2020-04-29 21:09:48,925 : parsers_logic : subscribing pose parser to incoming topic
2020-04-29 21:09:50,898 : parsers_logic : loading parser modules
2020-04-29 21:09:50,899 : parsers_logic : sending parsers names
2020-04-29 21:09:56,745 : parsers_logic : parsed data is: {"user_id": 42, "datetime": 1575446887339, "pose": {"translation": {"x": 0.4873843491077423, "y": 0.007090016733855009, "z": -1.1306129693984985}, "rotation": {"x": -0.10888676356214629, "y": -0.26755994585035286, "z": -0.021271118915446748, "w": 0.9571326384559261}}}
2020-04-29 21:10:01,265 : parsers_logic : parsed data is: {"user_id": 42, "datetime": 1575446887412, "pose": {"translation": {"x": 0.15600797533988953, "y": 0.08133671432733536, "z": -0.49068963527679443}, "rotation": {"x": -0.2959017411322204, "y": -0.16749024140672616, "z": -0.04752900380336424, "w": 0.9392178514199446}}}
2020-04-29 21:10:05,387 : parsers_logic : parsed data is: {"user_id": 42, "datetime": 1575446887476, "pose": {"translation": {"x": -0.05690298229455948, "y": 0.09136273711919785, "z": -0.1454082578420639}, "rotation": {"x": -0.30262250114734884, "y": 0.024984587319575428, "z": 0.01379476785565966, "w": 0.9526831039624887}}}
2020-04-29 21:10:09,437 : parsers_logic : parsed data is: {"user_id": 42, "datetime": 1575446887541, "pose": {"translation": {"x": -0.06873919069766998, "y": 0.06515509635210037, "z": 0.20628340542316437}, "rotation": {"x": -0.2268025104015529, "y": 0.016296475938769883, "z": 0.034513309202044845, "w": 0.9731926210342198}}}
2020-04-29 21:10:13,553 : parsers_logic : parsed data is: {"user_id": 42, "datetime": 1575446887603, "pose": {"translation": {"x": -0.08363257348537445, "y": 0.03274262696504593, "z": 0.44446834921836853}, "rotation": {"x": -0.18523385018409705, "y": -0.011889715927864218, "z": 0.01159230178272562, "w": 0.9825541582734808}}}
2020-04-29 21:10:51,512 : parsers_logic : loading parser modules
2020-05-05 19:12:20,737 : parsers_logic : loading parser modules
2020-05-05 19:12:20,745 : parsers_logic : adding a topic for the parsed results of pose parser
2020-05-05 19:12:20,782 : parsers_logic : subscribing pose parser to incoming topic
2020-05-05 19:19:04,304 : parsers_logic : loading parser modules
2020-05-05 19:19:04,309 : parsers_logic : adding a topic for the parsed results of pose parser
2020-05-05 19:19:04,338 : parsers_logic : subscribing pose parser to incoming topic
2020-05-05 19:19:06,610 : parsers_logic : loading parser modules
2020-05-05 19:19:06,613 : parsers_logic : sending parsers names
2020-05-05 19:28:30,601 : parsers_logic : loading parser modules
2020-05-05 19:28:30,603 : parsers_logic : sending parsers names
2020-05-05 19:36:24,235 : parsers_logic : loading parser modules
2020-05-05 19:36:24,237 : parsers_logic : sending parsers names
2020-05-05 20:06:36,837 : parsers_logic : loading parser modules
2020-05-05 20:06:36,839 : parsers_logic : sending parsers names
2020-05-05 20:07:54,442 : parsers_logic : loading parser modules
2020-05-05 20:07:54,444 : parsers_logic : sending parsers names
2020-05-05 20:08:30,932 : parsers_logic : loading parser modules
2020-05-05 20:08:30,934 : parsers_logic : sending parsers names
2020-05-05 21:49:13,670 : parsers_logic : loading parser modules
2020-05-05 21:49:13,683 : parsers_logic : adding a topic for the parsed results of pose parser
2020-05-05 21:49:13,744 : parsers_logic : subscribing pose parser to incoming topic
2020-05-05 21:49:16,255 : parsers_logic : loading parser modules
2020-05-05 21:49:16,256 : parsers_logic : sending parsers names
2020-05-05 22:19:03,584 : parsers_logic : loading parser modules
2020-05-05 22:19:03,589 : parsers_logic : adding a topic for the parsed results of pose parser
2020-05-05 22:19:03,648 : parsers_logic : subscribing pose parser to incoming topic
2020-05-05 22:19:06,166 : parsers_logic : loading parser modules
2020-05-05 22:19:06,168 : parsers_logic : sending parsers names
2020-05-05 22:26:22,144 : parsers_logic : loading parser modules
2020-05-05 22:26:22,150 : parsers_logic : adding a topic for the parsed results of pose parser
2020-05-05 22:26:22,199 : parsers_logic : subscribing pose parser to incoming topic
2020-05-05 22:26:24,242 : parsers_logic : loading parser modules
2020-05-05 22:26:24,244 : parsers_logic : sending parsers names
2020-05-05 22:32:25,491 : parsers_logic : loading parser modules
2020-05-05 22:32:25,511 : parsers_logic : adding a topic for the parsed results of pose parser
2020-05-05 22:32:25,599 : parsers_logic : subscribing pose parser to incoming topic
2020-05-05 22:32:28,374 : parsers_logic : loading parser modules
2020-05-05 22:32:28,379 : parsers_logic : sending parsers names
2020-05-05 22:36:04,565 : parsers_logic : loading parser modules
2020-05-05 22:36:04,570 : parsers_logic : adding a topic for the parsed results of pose parser
2020-05-05 22:36:04,656 : parsers_logic : subscribing pose parser to incoming topic
2020-05-05 22:36:07,439 : parsers_logic : loading parser modules
2020-05-05 22:36:07,462 : parsers_logic : sending parsers names
2020-05-05 22:40:08,396 : parsers_logic : loading parser modules
2020-05-05 22:40:08,401 : parsers_logic : adding a topic for the parsed results of pose parser
2020-05-05 22:40:08,455 : parsers_logic : subscribing pose parser to incoming topic
2020-05-05 22:40:10,675 : parsers_logic : loading parser modules
2020-05-05 22:40:10,682 : parsers_logic : sending parsers names
2020-05-05 22:43:40,746 : parsers_logic : loading parser modules
2020-05-05 22:43:40,760 : parsers_logic : adding a topic for the parsed results of pose parser
2020-05-05 22:43:40,825 : parsers_logic : subscribing pose parser to incoming topic
2020-05-05 22:43:44,126 : parsers_logic : loading parser modules
2020-05-05 22:43:44,129 : parsers_logic : sending parsers names
2020-05-05 22:48:49,681 : parsers_logic : loading parser modules
2020-05-05 22:48:49,689 : parsers_logic : adding a topic for the parsed results of pose parser
2020-05-05 22:48:49,724 : parsers_logic : subscribing pose parser to incoming topic
2020-05-05 22:48:51,634 : parsers_logic : loading parser modules
2020-05-05 22:48:51,636 : parsers_logic : sending parsers names
2020-05-05 22:54:23,838 : parsers_logic : loading parser modules
2020-05-05 22:54:23,841 : parsers_logic : sending parsers names
2020-05-05 22:56:03,312 : parsers_logic : loading parser modules
2020-05-05 22:56:03,319 : parsers_logic : sending parsers names
2020-05-05 22:59:27,747 : parsers_logic : loading parser modules
2020-05-05 22:59:27,749 : parsers_logic : sending parsers names
2020-05-05 23:10:50,985 : parsers_logic : loading parser modules
2020-05-05 23:10:50,987 : parsers_logic : sending parsers names
2020-05-05 23:13:12,816 : parsers_logic : loading parser modules
2020-05-05 23:13:12,818 : parsers_logic : sending parsers names
2020-05-05 23:17:07,582 : parsers_logic : loading parser modules
2020-05-05 23:17:07,587 : parsers_logic : adding a topic for the parsed results of pose parser
2020-05-05 23:17:07,634 : parsers_logic : subscribing pose parser to incoming topic
2020-05-05 23:17:09,657 : parsers_logic : loading parser modules
2020-05-05 23:17:09,659 : parsers_logic : sending parsers names
2020-05-06 12:08:55,883 : parsers_logic : loading parser modules
2020-05-06 12:08:55,894 : parsers_logic : adding a topic for the parsed results of pose parser
2020-05-06 12:08:55,937 : parsers_logic : subscribing pose parser to incoming topic
2020-05-06 12:08:58,338 : parsers_logic : loading parser modules
2020-05-06 12:08:58,342 : parsers_logic : sending parsers names
2020-05-06 13:25:58,899 : parsers_logic : loading parser modules
2020-05-06 13:25:58,917 : parsers_logic : sending parsers names
2020-05-06 13:26:00,316 : parsers_logic : loading parser modules
2020-05-06 13:26:00,319 : parsers_logic : sending parsers names
2020-05-06 13:28:14,612 : parsers_logic : loading parser modules
2020-05-06 13:28:14,614 : parsers_logic : sending parsers names
2020-05-06 13:59:29,701 : parsers_logic : loading parser modules
2020-05-06 13:59:29,704 : parsers_logic : sending parsers names
2020-05-06 14:49:57,772 : parsers_logic : loading parser modules
2020-05-06 14:49:57,774 : parsers_logic : sending parsers names
2020-05-06 15:12:35,388 : parsers_logic : loading parser modules
2020-05-06 15:12:35,390 : parsers_logic : sending parsers names
2020-05-06 15:19:24,747 : parsers_logic : loading parser modules
2020-05-06 15:19:24,750 : parsers_logic : sending parsers names
2020-05-06 15:21:45,725 : parsers_logic : loading parser modules
2020-05-06 15:21:45,732 : parsers_logic : sending parsers names
2020-05-06 15:24:01,227 : parsers_logic : loading parser modules
2020-05-06 15:24:01,228 : parsers_logic : sending parsers names
2020-05-06 15:27:01,559 : parsers_logic : loading parser modules
2020-05-06 15:27:01,561 : parsers_logic : sending parsers names
2020-05-06 15:27:55,894 : parsers_logic : loading parser modules
2020-05-06 15:27:55,896 : parsers_logic : sending parsers names
2020-05-06 15:29:44,948 : parsers_logic : loading parser modules
2020-05-06 15:29:44,950 : parsers_logic : sending parsers names
2020-05-06 15:30:10,021 : parsers_logic : loading parser modules
2020-05-06 15:30:10,023 : parsers_logic : sending parsers names
2020-05-06 15:31:03,392 : parsers_logic : loading parser modules
2020-05-06 15:31:03,394 : parsers_logic : sending parsers names
2020-05-06 15:35:42,485 : parsers_logic : loading parser modules
2020-05-06 15:35:42,487 : parsers_logic : sending parsers names
2020-05-06 15:37:33,601 : parsers_logic : loading parser modules
2020-05-06 15:37:33,603 : parsers_logic : sending parsers names
2020-05-06 15:39:17,126 : parsers_logic : loading parser modules
2020-05-06 15:39:17,128 : parsers_logic : sending parsers names
2020-05-06 15:39:58,704 : parsers_logic : loading parser modules
2020-05-06 15:39:58,705 : parsers_logic : sending parsers names
2020-05-06 15:39:59,607 : parsers_logic : loading parser modules
2020-05-06 15:39:59,609 : parsers_logic : sending parsers names
2020-05-06 15:41:29,712 : parsers_logic : loading parser modules
2020-05-06 15:41:29,724 : parsers_logic : sending parsers names
2020-05-06 15:42:16,303 : parsers_logic : loading parser modules
2020-05-06 15:42:16,306 : parsers_logic : sending parsers names
2020-05-06 15:42:17,562 : parsers_logic : loading parser modules
2020-05-06 15:42:17,564 : parsers_logic : sending parsers names
2020-05-06 15:42:55,898 : parsers_logic : loading parser modules
2020-05-06 15:42:55,900 : parsers_logic : sending parsers names
2020-05-06 15:43:53,415 : parsers_logic : loading parser modules
2020-05-06 15:43:53,416 : parsers_logic : sending parsers names
2020-05-06 15:44:11,888 : parsers_logic : loading parser modules
2020-05-06 15:44:11,890 : parsers_logic : sending parsers names
2020-05-06 15:50:23,517 : parsers_logic : loading parser modules
2020-05-06 15:50:23,519 : parsers_logic : sending parsers names
2020-05-06 16:46:38,369 : parsers_logic : loading parser modules
2020-05-06 16:46:38,373 : parsers_logic : sending parsers names
2020-05-06 16:49:41,171 : parsers_logic : loading parser modules
2020-05-06 16:49:41,173 : parsers_logic : sending parsers names
2020-05-06 16:56:11,995 : parsers_logic : loading parser modules
2020-05-06 16:56:11,997 : parsers_logic : sending parsers names
2020-05-06 17:43:09,839 : parsers_logic : loading parser modules
2020-05-06 17:43:09,841 : parsers_logic : sending parsers names
2020-05-06 18:01:21,566 : parsers_logic : loading parser modules
2020-05-06 18:01:21,567 : parsers_logic : sending parsers names
2020-05-06 18:03:19,042 : parsers_logic : loading parser modules
2020-05-06 18:03:19,043 : parsers_logic : sending parsers names
2020-05-06 18:29:45,060 : parsers_logic : loading parser modules
2020-05-06 18:29:45,062 : parsers_logic : sending parsers names
2020-05-06 19:34:51,111 : parsers_logic : loading parser modules
2020-05-06 19:34:51,112 : parsers_logic : sending parsers names
2020-05-06 19:36:54,549 : parsers_logic : loading parser modules
2020-05-06 19:36:54,550 : parsers_logic : sending parsers names
2020-05-06 19:36:55,495 : parsers_logic : loading parser modules
2020-05-06 19:36:55,497 : parsers_logic : sending parsers names
2020-05-06 19:41:17,447 : parsers_logic : loading parser modules
2020-05-06 19:41:17,462 : parsers_logic : sending parsers names
2020-05-06 19:41:18,559 : parsers_logic : loading parser modules
2020-05-06 19:41:18,561 : parsers_logic : sending parsers names
2020-05-06 19:44:44,761 : parsers_logic : loading parser modules
2020-05-06 19:44:44,766 : parsers_logic : adding a topic for the parsed results of pose parser
2020-05-06 19:44:44,812 : parsers_logic : subscribing pose parser to snapshot topic
2020-05-06 19:44:46,709 : parsers_logic : loading parser modules
2020-05-06 19:44:46,711 : parsers_logic : sending parsers names
2020-05-06 19:44:48,039 : parsers_logic : loading parser modules
2020-05-06 19:44:48,041 : parsers_logic : sending parsers names
2020-05-06 19:44:54,146 : parsers_logic : parsed data is: {"user_id": 42, "datetime": 1575446887339, "pose": {"translation": {"x": 0.4873843491077423, "y": 0.007090016733855009, "z": -1.1306129693984985}, "rotation": {"x": -0.10888676356214629, "y": -0.26755994585035286, "z": -0.021271118915446748, "w": 0.9571326384559261}}}
2020-05-06 19:45:02,987 : parsers_logic : parsed data is: {"user_id": 42, "datetime": 1575446887412, "pose": {"translation": {"x": 0.15600797533988953, "y": 0.08133671432733536, "z": -0.49068963527679443}, "rotation": {"x": -0.2959017411322204, "y": -0.16749024140672616, "z": -0.04752900380336424, "w": 0.9392178514199446}}}
2020-05-06 19:45:07,638 : parsers_logic : parsed data is: {"user_id": 42, "datetime": 1575446887476, "pose": {"translation": {"x": -0.05690298229455948, "y": 0.09136273711919785, "z": -0.1454082578420639}, "rotation": {"x": -0.30262250114734884, "y": 0.024984587319575428, "z": 0.01379476785565966, "w": 0.9526831039624887}}}
2020-05-06 19:45:11,626 : parsers_logic : parsed data is: {"user_id": 42, "datetime": 1575446887541, "pose": {"translation": {"x": -0.06873919069766998, "y": 0.06515509635210037, "z": 0.20628340542316437}, "rotation": {"x": -0.2268025104015529, "y": 0.016296475938769883, "z": 0.034513309202044845, "w": 0.9731926210342198}}}
2020-05-06 19:45:15,582 : parsers_logic : parsed data is: {"user_id": 42, "datetime": 1575446887603, "pose": {"translation": {"x": -0.08363257348537445, "y": 0.03274262696504593, "z": 0.44446834921836853}, "rotation": {"x": -0.18523385018409705, "y": -0.011889715927864218, "z": 0.01159230178272562, "w": 0.9825541582734808}}}
2020-05-06 20:36:57,771 : parsers_logic : loading parser modules
2020-05-06 20:36:57,776 : parsers_logic : adding a topic for the parsed results of pose parser
2020-05-06 20:36:57,810 : parsers_logic : subscribing pose parser to snapshot topic
2020-05-06 20:36:59,789 : parsers_logic : loading parser modules
2020-05-06 20:36:59,791 : parsers_logic : sending parsers names
2020-05-06 20:37:03,071 : parsers_logic : loading parser modules
2020-05-06 20:37:03,073 : parsers_logic : sending parsers names
2020-05-06 20:37:09,623 : parsers_logic : parsed data is: {"user_id": 42, "datetime": 1575446887339, "pose": {"translation": {"x": 0.4873843491077423, "y": 0.007090016733855009, "z": -1.1306129693984985}, "rotation": {"x": -0.10888676356214629, "y": -0.26755994585035286, "z": -0.021271118915446748, "w": 0.9571326384559261}}}
2020-05-06 20:37:14,049 : parsers_logic : parsed data is: {"user_id": 42, "datetime": 1575446887412, "pose": {"translation": {"x": 0.15600797533988953, "y": 0.08133671432733536, "z": -0.49068963527679443}, "rotation": {"x": -0.2959017411322204, "y": -0.16749024140672616, "z": -0.04752900380336424, "w": 0.9392178514199446}}}
2020-05-06 20:40:57,127 : parsers_logic : loading parser modules
2020-05-06 20:40:57,132 : parsers_logic : adding a topic for the parsed results of pose parser
2020-05-06 20:40:57,166 : parsers_logic : subscribing pose parser to snapshot topic
2020-05-06 20:40:59,259 : parsers_logic : loading parser modules
2020-05-06 20:40:59,264 : parsers_logic : sending parsers names
2020-05-06 20:41:01,218 : parsers_logic : loading parser modules
2020-05-06 20:41:01,219 : parsers_logic : sending parsers names
2020-05-06 20:41:06,500 : parsers_logic : parsed data is: {"user_id": 42, "datetime": 1575446887339, "pose": {"translation": {"x": 0.4873843491077423, "y": 0.007090016733855009, "z": -1.1306129693984985}, "rotation": {"x": -0.10888676356214629, "y": -0.26755994585035286, "z": -0.021271118915446748, "w": 0.9571326384559261}}}
2020-05-06 20:41:11,092 : parsers_logic : parsed data is: {"user_id": 42, "datetime": 1575446887412, "pose": {"translation": {"x": 0.15600797533988953, "y": 0.08133671432733536, "z": -0.49068963527679443}, "rotation": {"x": -0.2959017411322204, "y": -0.16749024140672616, "z": -0.04752900380336424, "w": 0.9392178514199446}}}
2020-05-06 20:41:15,070 : parsers_logic : parsed data is: {"user_id": 42, "datetime": 1575446887476, "pose": {"translation": {"x": -0.05690298229455948, "y": 0.09136273711919785, "z": -0.1454082578420639}, "rotation": {"x": -0.30262250114734884, "y": 0.024984587319575428, "z": 0.01379476785565966, "w": 0.9526831039624887}}}
2020-05-06 20:41:19,116 : parsers_logic : parsed data is: {"user_id": 42, "datetime": 1575446887541, "pose": {"translation": {"x": -0.06873919069766998, "y": 0.06515509635210037, "z": 0.20628340542316437}, "rotation": {"x": -0.2268025104015529, "y": 0.016296475938769883, "z": 0.034513309202044845, "w": 0.9731926210342198}}}
2020-05-06 20:41:23,226 : parsers_logic : parsed data is: {"user_id": 42, "datetime": 1575446887603, "pose": {"translation": {"x": -0.08363257348537445, "y": 0.03274262696504593, "z": 0.44446834921836853}, "rotation": {"x": -0.18523385018409705, "y": -0.011889715927864218, "z": 0.01159230178272562, "w": 0.9825541582734808}}}
2020-05-06 21:14:54,985 : parsers_logic : loading parser modules
2020-05-06 21:14:54,991 : parsers_logic : creating a topic for snapshots
2020-05-06 21:14:55,007 : parsers_logic : subscribing pose parser to snapshot topic
2020-05-06 21:14:56,959 : parsers_logic : loading parser modules
2020-05-06 21:14:56,961 : parsers_logic : sending parsers names
2020-05-06 21:14:58,516 : parsers_logic : loading parser modules
2020-05-06 21:14:58,518 : parsers_logic : sending parsers names
2020-05-06 21:15:03,106 : parsers_logic : parsed data is: {"user_id": 42, "datetime": 1575446887339, "pose": {"translation": {"x": 0.4873843491077423, "y": 0.007090016733855009, "z": -1.1306129693984985}, "rotation": {"x": -0.10888676356214629, "y": -0.26755994585035286, "z": -0.021271118915446748, "w": 0.9571326384559261}}}
2020-05-06 21:15:07,184 : parsers_logic : parsed data is: {"user_id": 42, "datetime": 1575446887412, "pose": {"translation": {"x": 0.15600797533988953, "y": 0.08133671432733536, "z": -0.49068963527679443}, "rotation": {"x": -0.2959017411322204, "y": -0.16749024140672616, "z": -0.04752900380336424, "w": 0.9392178514199446}}}
2020-05-06 21:15:11,291 : parsers_logic : parsed data is: {"user_id": 42, "datetime": 1575446887476, "pose": {"translation": {"x": -0.05690298229455948, "y": 0.09136273711919785, "z": -0.1454082578420639}, "rotation": {"x": -0.30262250114734884, "y": 0.024984587319575428, "z": 0.01379476785565966, "w": 0.9526831039624887}}}
2020-05-06 21:15:15,851 : parsers_logic : parsed data is: {"user_id": 42, "datetime": 1575446887541, "pose": {"translation": {"x": -0.06873919069766998, "y": 0.06515509635210037, "z": 0.20628340542316437}, "rotation": {"x": -0.2268025104015529, "y": 0.016296475938769883, "z": 0.034513309202044845, "w": 0.9731926210342198}}}
2020-05-06 21:15:19,970 : parsers_logic : parsed data is: {"user_id": 42, "datetime": 1575446887603, "pose": {"translation": {"x": -0.08363257348537445, "y": 0.03274262696504593, "z": 0.44446834921836853}, "rotation": {"x": -0.18523385018409705, "y": -0.011889715927864218, "z": 0.01159230178272562, "w": 0.9825541582734808}}}
2020-05-06 21:19:11,446 : parsers_logic : loading parser modules
2020-05-06 21:19:11,452 : parsers_logic : creating a topic for snapshots
2020-05-06 21:19:11,469 : parsers_logic : subscribing pose parser to snapshot topic
2020-05-06 21:19:12,358 : parsers_logic : loading parser modules
2020-05-06 21:19:12,360 : parsers_logic : sending parsers names
2020-05-06 21:19:13,864 : parsers_logic : loading parser modules
2020-05-06 21:19:13,869 : parsers_logic : sending parsers names
2020-05-06 21:19:19,085 : parsers_logic : parsed data is: {"user_id": 42, "datetime": 1575446887339, "pose": {"translation": {"x": 0.4873843491077423, "y": 0.007090016733855009, "z": -1.1306129693984985}, "rotation": {"x": -0.10888676356214629, "y": -0.26755994585035286, "z": -0.021271118915446748, "w": 0.9571326384559261}}}
2020-05-06 21:19:24,251 : parsers_logic : parsed data is: {"user_id": 42, "datetime": 1575446887412, "pose": {"translation": {"x": 0.15600797533988953, "y": 0.08133671432733536, "z": -0.49068963527679443}, "rotation": {"x": -0.2959017411322204, "y": -0.16749024140672616, "z": -0.04752900380336424, "w": 0.9392178514199446}}}
2020-05-06 21:19:30,773 : parsers_logic : parsed data is: {"user_id": 42, "datetime": 1575446887476, "pose": {"translation": {"x": -0.05690298229455948, "y": 0.09136273711919785, "z": -0.1454082578420639}, "rotation": {"x": -0.30262250114734884, "y": 0.024984587319575428, "z": 0.01379476785565966, "w": 0.9526831039624887}}}
2020-05-06 21:19:35,999 : parsers_logic : parsed data is: {"user_id": 42, "datetime": 1575446887541, "pose": {"translation": {"x": -0.06873919069766998, "y": 0.06515509635210037, "z": 0.20628340542316437}, "rotation": {"x": -0.2268025104015529, "y": 0.016296475938769883, "z": 0.034513309202044845, "w": 0.9731926210342198}}}
2020-05-06 21:19:41,555 : parsers_logic : parsed data is: {"user_id": 42, "datetime": 1575446887603, "pose": {"translation": {"x": -0.08363257348537445, "y": 0.03274262696504593, "z": 0.44446834921836853}, "rotation": {"x": -0.18523385018409705, "y": -0.011889715927864218, "z": 0.01159230178272562, "w": 0.9825541582734808}}}
2020-05-06 21:22:51,862 : parsers_logic : loading parser modules
2020-05-06 21:22:51,867 : parsers_logic : creating a topic for snapshots
2020-05-06 21:22:51,898 : parsers_logic : subscribing pose parser to snapshot topic
2020-05-06 21:22:52,980 : parsers_logic : loading parser modules
2020-05-06 21:22:52,981 : parsers_logic : sending parsers names
2020-05-06 21:22:54,638 : parsers_logic : loading parser modules
2020-05-06 21:22:54,640 : parsers_logic : sending parsers names
2020-05-06 21:22:59,249 : parsers_logic : parsed data is: {"user_id": 42, "datetime": 1575446887339, "pose": {"translation": {"x": 0.4873843491077423, "y": 0.007090016733855009, "z": -1.1306129693984985}, "rotation": {"x": -0.10888676356214629, "y": -0.26755994585035286, "z": -0.021271118915446748, "w": 0.9571326384559261}}}
2020-05-06 21:23:03,739 : parsers_logic : parsed data is: {"user_id": 42, "datetime": 1575446887412, "pose": {"translation": {"x": 0.15600797533988953, "y": 0.08133671432733536, "z": -0.49068963527679443}, "rotation": {"x": -0.2959017411322204, "y": -0.16749024140672616, "z": -0.04752900380336424, "w": 0.9392178514199446}}}
2020-05-06 21:23:08,185 : parsers_logic : parsed data is: {"user_id": 42, "datetime": 1575446887476, "pose": {"translation": {"x": -0.05690298229455948, "y": 0.09136273711919785, "z": -0.1454082578420639}, "rotation": {"x": -0.30262250114734884, "y": 0.024984587319575428, "z": 0.01379476785565966, "w": 0.9526831039624887}}}
2020-05-06 21:23:12,632 : parsers_logic : parsed data is: {"user_id": 42, "datetime": 1575446887541, "pose": {"translation": {"x": -0.06873919069766998, "y": 0.06515509635210037, "z": 0.20628340542316437}, "rotation": {"x": -0.2268025104015529, "y": 0.016296475938769883, "z": 0.034513309202044845, "w": 0.9731926210342198}}}
2020-05-06 21:23:17,030 : parsers_logic : parsed data is: {"user_id": 42, "datetime": 1575446887603, "pose": {"translation": {"x": -0.08363257348537445, "y": 0.03274262696504593, "z": 0.44446834921836853}, "rotation": {"x": -0.18523385018409705, "y": -0.011889715927864218, "z": 0.01159230178272562, "w": 0.9825541582734808}}}
2020-05-06 21:29:57,798 : parsers_logic : loading parser modules
2020-05-06 21:29:57,802 : parsers_logic : creating a topic for snapshots
2020-05-06 21:29:57,823 : parsers_logic : subscribing pose parser to snapshot topic
2020-05-06 21:29:58,845 : parsers_logic : loading parser modules
2020-05-06 21:29:58,851 : parsers_logic : creating a topic for snapshots
2020-05-06 21:29:58,876 : parsers_logic : subscribing feelings parser to snapshot topic
2020-05-06 21:29:59,811 : parsers_logic : loading parser modules
2020-05-06 21:29:59,813 : parsers_logic : sending parsers names
2020-05-06 21:30:01,858 : parsers_logic : loading parser modules
2020-05-06 21:30:01,863 : parsers_logic : sending parsers names
2020-05-06 21:30:06,548 : parsers_logic : parsed data is: {"user_id": 42, "datetime": 1575446887339, "feelings": {"hunger": 0.0, "thirst": 0.0, "exhaustion": 0.0, "happiness": 0.0}}
2020-05-06 21:30:06,549 : parsers_logic : parsed data is: {"user_id": 42, "datetime": 1575446887339, "pose": {"translation": {"x": 0.4873843491077423, "y": 0.007090016733855009, "z": -1.1306129693984985}, "rotation": {"x": -0.10888676356214629, "y": -0.26755994585035286, "z": -0.021271118915446748, "w": 0.9571326384559261}}}
2020-05-06 21:30:10,848 : parsers_logic : parsed data is: {"user_id": 42, "datetime": 1575446887412, "pose": {"translation": {"x": 0.15600797533988953, "y": 0.08133671432733536, "z": -0.49068963527679443}, "rotation": {"x": -0.2959017411322204, "y": -0.16749024140672616, "z": -0.04752900380336424, "w": 0.9392178514199446}}}
2020-05-06 21:30:10,848 : parsers_logic : parsed data is: {"user_id": 42, "datetime": 1575446887412, "feelings": {"hunger": 0.0010000000474974513, "thirst": 0.003000000026077032, "exhaustion": 0.0020000000949949026, "happiness": 0.0}}
2020-05-06 21:30:15,447 : parsers_logic : parsed data is: {"user_id": 42, "datetime": 1575446887476, "feelings": {"hunger": 0.0020000000949949026, "thirst": 0.006000000052154064, "exhaustion": 0.004000000189989805, "happiness": 0.0}}
2020-05-06 21:30:15,449 : parsers_logic : parsed data is: {"user_id": 42, "datetime": 1575446887476, "pose": {"translation": {"x": -0.05690298229455948, "y": 0.09136273711919785, "z": -0.1454082578420639}, "rotation": {"x": -0.30262250114734884, "y": 0.024984587319575428, "z": 0.01379476785565966, "w": 0.9526831039624887}}}
2020-05-06 21:30:19,439 : parsers_logic : parsed data is: {"user_id": 42, "datetime": 1575446887541, "pose": {"translation": {"x": -0.06873919069766998, "y": 0.06515509635210037, "z": 0.20628340542316437}, "rotation": {"x": -0.2268025104015529, "y": 0.016296475938769883, "z": 0.034513309202044845, "w": 0.9731926210342198}}}
2020-05-06 21:30:19,439 : parsers_logic : parsed data is: {"user_id": 42, "datetime": 1575446887541, "feelings": {"hunger": 0.003000000026077032, "thirst": 0.008999999612569809, "exhaustion": 0.006000000052154064, "happiness": 0.0}}
2020-05-06 21:30:23,300 : parsers_logic : parsed data is: {"user_id": 42, "datetime": 1575446887603, "feelings": {"hunger": 0.004000000189989805, "thirst": 0.012000000104308128, "exhaustion": 0.00800000037997961, "happiness": 0.30000001192092896}}
2020-05-06 21:30:23,302 : parsers_logic : parsed data is: {"user_id": 42, "datetime": 1575446887603, "pose": {"translation": {"x": -0.08363257348537445, "y": 0.03274262696504593, "z": 0.44446834921836853}, "rotation": {"x": -0.18523385018409705, "y": -0.011889715927864218, "z": 0.01159230178272562, "w": 0.9825541582734808}}}
