2020-05-17 18:54:12,413 : gui : HTTPConnectionPool(host='127.0.0.1', port=5000): Max retries exceeded with url: /users (Caused by NewConnectionError('<urllib3.connection.HTTPConnection object at 0x7f8200ea3460>: Failed to establish a new connection: [Errno 111] Connection refused'))
2020-05-17 21:08:55,541 : gui : <function index at 0x7f7faa9320d0>.html
2020-05-17 21:10:59,419 : gui : <function index at 0x7f78d49bc0d0>.html
2020-05-17 21:14:24,843 : gui : <function index at 0x7f78d49bc0d0>.html
2020-05-17 21:14:51,179 : gui : <function index at 0x7fe5c57fd0d0>.html
2020-05-17 21:24:46,662 : gui : unexpected ')', expected ']'
2020-05-18 10:50:25,672 : gui : unexpected ')', expected ']'
2020-05-18 10:52:20,695 : gui : Encountered unknown tag 'endblock'. You probably made a nesting mistake. Jinja is expecting this tag, but currently looking for 'endfor' or 'else'. The innermost block that needs to be closed is 'for'.
2020-05-18 10:57:19,130 : gui : unexpected '}', expected ']'
2020-05-18 10:58:00,405 : gui : expected token 'end of print statement', got 'user'
2020-05-18 10:58:22,877 : gui : unexpected '}'
2020-05-18 16:19:09,859 : gui : {'datetime': '2019-12-04_10-08-07.339', 'results_names': ['feelings', 'pose'], 'snapshot_id': 1575446887339}
2020-05-18 16:21:13,438 : gui : {'datetime': '2019-12-04_10-08-07.339', 'result_names': ['feelings', 'pose'], 'snapshot_id': 1575446887339}
2020-05-18 16:23:05,908 : gui : {'feelings': {'datetime': 1575446887339, 'feelings': {'exhaustion': 0.0, 'happiness': 0.0, 'hunger': 0.0, 'thirst': 0.0}, 'result': 'feelings', 'user_id': 42}, 'pose': {'datetime': 1575446887339, 'pose': {'rotation': {'w': 0.9571326384559261, 'x': -0.10888676356214629, 'y': -0.26755994585035286, 'z': -0.021271118915446748}, 'translation': {'x': 0.4873843491077423, 'y': 0.007090016733855009, 'z': -1.1306129693984985}}, 'result': 'pose', 'user_id': 42}}
2020-05-18 16:24:33,985 : gui : {'feelings': {'exhaustion': 0.0, 'happiness': 0.0, 'hunger': 0.0, 'thirst': 0.0}, 'pose': {'rotation': {'w': 0.9571326384559261, 'x': -0.10888676356214629, 'y': -0.26755994585035286, 'z': -0.021271118915446748}, 'translation': {'x': 0.4873843491077423, 'y': 0.007090016733855009, 'z': -1.1306129693984985}}}
2020-05-18 16:35:33,067 : gui : {'feelings': {'exhaustion': 0.0, 'happiness': 0.0, 'hunger': 0.0, 'thirst': 0.0}, 'pose': {'rotation': {'w': 0.9571326384559261, 'x': -0.10888676356214629, 'y': -0.26755994585035286, 'z': -0.021271118915446748}, 'translation': {'x': 0.4873843491077423, 'y': 0.007090016733855009, 'z': -1.1306129693984985}}}
2020-05-18 16:35:51,682 : gui : {'feelings': {'exhaustion': 0.0, 'happiness': 0.0, 'hunger': 0.0, 'thirst': 0.0}, 'pose': {'rotation': {'w': 0.9571326384559261, 'x': -0.10888676356214629, 'y': -0.26755994585035286, 'z': -0.021271118915446748}, 'translation': {'x': 0.4873843491077423, 'y': 0.007090016733855009, 'z': -1.1306129693984985}}}
2020-05-18 16:38:01,103 : gui : {'feelings': {'exhaustion': 0.0, 'happiness': 0.0, 'hunger': 0.0, 'thirst': 0.0}, 'pose': {'rotation': {'w': 0.9571326384559261, 'x': -0.10888676356214629, 'y': -0.26755994585035286, 'z': -0.021271118915446748}, 'translation': {'x': 0.4873843491077423, 'y': 0.007090016733855009, 'z': -1.1306129693984985}}}
2020-05-20 13:03:19,169 : gui : HTTPConnectionPool(host='127.0.0.1', port=5000): Max retries exceeded with url: /users (Caused by NewConnectionError('<urllib3.connection.HTTPConnection object at 0x7f8e8bba4910>: Failed to establish a new connection: [Errno 111] Connection refused'))
2020-05-20 13:03:23,965 : gui : HTTPConnectionPool(host='127.0.0.1', port=5000): Max retries exceeded with url: /users (Caused by NewConnectionError('<urllib3.connection.HTTPConnection object at 0x7f8e89f30910>: Failed to establish a new connection: [Errno 111] Connection refused'))
2020-05-26 12:57:39,082 : gui : None
2020-05-26 12:57:41,618 : gui : None
2020-05-26 12:57:51,674 : gui : None
2020-05-26 12:57:57,095 : gui : None
2020-05-28 16:49:14,380 : gui : None
2020-05-28 16:49:23,663 : gui : None
2020-05-28 16:50:12,812 : gui : None
2020-05-28 16:50:16,725 : gui : None
2020-05-28 16:50:18,856 : gui : None
2020-05-28 16:50:21,175 : gui : None
2020-05-28 17:00:41,258 : gui : None
2020-05-28 17:00:47,589 : gui : None
2020-05-28 22:19:52,307 : gui : localhost:27017: [Errno 111] Connection refused
2020-05-28 22:20:21,901 : gui : localhost:27017: [Errno 111] Connection refused
