2020-04-28 14:08:03,550 : saver : called from saver
2020-04-28 14:08:08,026 : saver : called from saver
2020-04-28 14:08:12,653 : saver : called from saver
2020-04-28 14:08:16,861 : saver : called from saver
2020-04-28 14:18:05,743 : saver : called from saver
2020-04-28 14:18:09,650 : saver : called from saver
2020-04-28 14:18:13,481 : saver : called from saver
2020-04-28 14:18:17,279 : saver : called from saver
2020-04-28 14:42:37,254 : saver : called from saver
2020-04-28 14:42:42,400 : saver : called from saver
2020-04-28 14:42:50,655 : saver : called from saver
2020-04-28 14:42:57,448 : saver : called from saver
2020-04-28 14:43:03,008 : saver : called from saver
2020-04-28 14:49:01,030 : saver : called from saver
2020-04-28 14:49:06,076 : saver : called from saver
2020-04-28 14:49:10,627 : saver : called from saver
2020-04-28 14:49:16,830 : saver : called from saver
2020-04-28 14:49:22,473 : saver : called from saver
2020-04-28 14:49:34,056 : saver : called from saver
2020-04-28 14:49:38,163 : saver : called from saver
2020-04-28 14:49:41,788 : saver : called from saver
2020-04-28 14:49:45,359 : saver : called from saver
2020-04-28 14:49:48,967 : saver : called from saver
2020-04-28 17:13:20,259 : saver : called from saver
2020-04-28 17:13:26,590 : saver : called from saver
2020-04-28 17:13:33,222 : saver : called from saver
2020-04-28 17:13:38,406 : saver : called from saver
2020-04-28 17:13:45,160 : saver : called from saver
2020-04-28 17:24:27,547 : saver : called from saver
2020-04-28 17:24:32,955 : saver : called from saver
2020-04-28 17:24:39,867 : saver : called from saver
2020-04-28 17:29:23,990 : saver : called from saver
2020-04-28 17:29:29,458 : saver : called from saver
2020-04-28 17:29:34,309 : saver : called from saver
2020-04-28 17:29:38,709 : saver : called from saver
2020-04-28 17:29:43,119 : saver : called from saver
2020-04-28 17:36:14,913 : saver : called from saver
2020-04-28 17:36:20,426 : saver : called from saver
2020-04-28 17:36:25,030 : saver : called from saver
2020-04-28 17:36:29,750 : saver : called from saver
2020-04-28 17:36:34,861 : saver : called from saver
2020-04-28 17:37:04,434 : saver : called from saver
2020-04-28 17:37:09,242 : saver : called from saver
2020-04-28 17:37:13,942 : saver : called from saver
2020-04-28 17:37:18,517 : saver : called from saver
2020-04-28 17:37:23,103 : saver : called from saver
2020-04-28 17:41:44,578 : saver : called from saver
2020-04-28 17:42:30,453 : saver : called from saver
2020-04-28 17:51:51,883 : saver : called from saver
2020-04-28 17:52:42,710 : saver : called from saver
2020-04-28 18:31:09,119 : saver : called from saver
2020-04-28 18:31:14,582 : saver : called from saver
2020-04-28 18:31:19,966 : saver : called from saver
2020-04-28 18:31:24,554 : saver : called from saver
2020-04-28 18:31:29,594 : saver : called from saver
2020-04-28 18:32:10,789 : saver : called from saver
2020-04-28 18:32:16,337 : saver : called from saver
2020-04-28 18:32:21,533 : saver : called from saver
2020-04-28 18:32:26,640 : saver : called from saver
2020-04-28 18:32:31,657 : saver : called from saver
2020-04-28 18:52:57,017 : saver : called from saver
2020-04-28 18:53:05,126 : saver : called from saver
2020-04-28 18:53:10,428 : saver : called from saver
2020-04-28 18:53:15,388 : saver : called from saver
2020-04-28 18:53:20,528 : saver : called from saver
2020-04-28 18:53:56,773 : saver : called from saver
2020-04-28 18:54:02,027 : saver : called from saver
2020-04-28 18:54:06,707 : saver : called from saver
2020-04-28 18:54:11,317 : saver : called from saver
2020-04-28 18:54:15,877 : saver : called from saver
2020-04-28 18:56:42,343 : saver : called from saver
2020-04-28 18:56:42,344 : saver : b'{"user_id": 42, "datetime": 1575446887339, "pose": {"translation": {"x": 0.4873843491077423, "y": 0.007090016733855009, "z": -1.1306129693984985}, "rotation": {"x": -0.10888676356214629, "y": -0.26755994585035286, "z": -0.021271118915446748, "w": 0.9571326384559261}}}'
2020-04-28 18:56:48,274 : saver : called from saver
2020-04-28 18:56:48,274 : saver : b'{"user_id": 42, "datetime": 1575446887412, "pose": {"translation": {"x": 0.15600797533988953, "y": 0.08133671432733536, "z": -0.49068963527679443}, "rotation": {"x": -0.2959017411322204, "y": -0.16749024140672616, "z": -0.04752900380336424, "w": 0.9392178514199446}}}'
2020-04-28 18:56:54,207 : saver : called from saver
2020-04-28 18:56:54,207 : saver : b'{"user_id": 42, "datetime": 1575446887476, "pose": {"translation": {"x": -0.05690298229455948, "y": 0.09136273711919785, "z": -0.1454082578420639}, "rotation": {"x": -0.30262250114734884, "y": 0.024984587319575428, "z": 0.01379476785565966, "w": 0.9526831039624887}}}'
2020-04-28 18:57:01,621 : saver : called from saver
2020-04-28 18:57:01,624 : saver : b'{"user_id": 42, "datetime": 1575446887541, "pose": {"translation": {"x": -0.06873919069766998, "y": 0.06515509635210037, "z": 0.20628340542316437}, "rotation": {"x": -0.2268025104015529, "y": 0.016296475938769883, "z": 0.034513309202044845, "w": 0.9731926210342198}}}'
2020-04-28 18:57:08,741 : saver : called from saver
2020-04-28 18:57:08,742 : saver : b'{"user_id": 42, "datetime": 1575446887603, "pose": {"translation": {"x": -0.08363257348537445, "y": 0.03274262696504593, "z": 0.44446834921836853}, "rotation": {"x": -0.18523385018409705, "y": -0.011889715927864218, "z": 0.01159230178272562, "w": 0.9825541582734808}}}'
2020-04-28 18:57:44,953 : saver : called from saver
2020-04-28 18:57:44,953 : saver : b'{"user_id": 42, "datetime": 1575446887339, "pose": {"translation": {"x": 0.4873843491077423, "y": 0.007090016733855009, "z": -1.1306129693984985}, "rotation": {"x": -0.10888676356214629, "y": -0.26755994585035286, "z": -0.021271118915446748, "w": 0.9571326384559261}}}'
2020-04-28 18:57:49,886 : saver : called from saver
2020-04-28 18:57:49,886 : saver : b'{"user_id": 42, "datetime": 1575446887412, "pose": {"translation": {"x": 0.15600797533988953, "y": 0.08133671432733536, "z": -0.49068963527679443}, "rotation": {"x": -0.2959017411322204, "y": -0.16749024140672616, "z": -0.04752900380336424, "w": 0.9392178514199446}}}'
2020-04-28 18:57:54,823 : saver : called from saver
2020-04-28 18:57:54,823 : saver : b'{"user_id": 42, "datetime": 1575446887476, "pose": {"translation": {"x": -0.05690298229455948, "y": 0.09136273711919785, "z": -0.1454082578420639}, "rotation": {"x": -0.30262250114734884, "y": 0.024984587319575428, "z": 0.01379476785565966, "w": 0.9526831039624887}}}'
2020-04-28 18:57:59,670 : saver : called from saver
2020-04-28 18:57:59,670 : saver : b'{"user_id": 42, "datetime": 1575446887541, "pose": {"translation": {"x": -0.06873919069766998, "y": 0.06515509635210037, "z": 0.20628340542316437}, "rotation": {"x": -0.2268025104015529, "y": 0.016296475938769883, "z": 0.034513309202044845, "w": 0.9731926210342198}}}'
2020-04-28 18:58:04,965 : saver : called from saver
2020-04-28 18:58:04,965 : saver : b'{"user_id": 42, "datetime": 1575446887603, "pose": {"translation": {"x": -0.08363257348537445, "y": 0.03274262696504593, "z": 0.44446834921836853}, "rotation": {"x": -0.18523385018409705, "y": -0.011889715927864218, "z": 0.01159230178272562, "w": 0.9825541582734808}}}'
2020-04-28 19:08:00,443 : saver : called from saver
2020-04-28 19:08:00,443 : saver : b'{"user_id": 42, "datetime": 1575446887339, "pose": {"translation": {"x": 0.4873843491077423, "y": 0.007090016733855009, "z": -1.1306129693984985}, "rotation": {"x": -0.10888676356214629, "y": -0.26755994585035286, "z": -0.021271118915446748, "w": 0.9571326384559261}}}'
2020-04-28 19:08:07,236 : saver : called from saver
2020-04-28 19:08:07,237 : saver : b'{"user_id": 42, "datetime": 1575446887412, "pose": {"translation": {"x": 0.15600797533988953, "y": 0.08133671432733536, "z": -0.49068963527679443}, "rotation": {"x": -0.2959017411322204, "y": -0.16749024140672616, "z": -0.04752900380336424, "w": 0.9392178514199446}}}'
2020-04-28 19:08:12,088 : saver : called from saver
2020-04-28 19:08:12,088 : saver : b'{"user_id": 42, "datetime": 1575446887476, "pose": {"translation": {"x": -0.05690298229455948, "y": 0.09136273711919785, "z": -0.1454082578420639}, "rotation": {"x": -0.30262250114734884, "y": 0.024984587319575428, "z": 0.01379476785565966, "w": 0.9526831039624887}}}'
2020-04-28 19:08:16,720 : saver : called from saver
2020-04-28 19:08:16,720 : saver : b'{"user_id": 42, "datetime": 1575446887541, "pose": {"translation": {"x": -0.06873919069766998, "y": 0.06515509635210037, "z": 0.20628340542316437}, "rotation": {"x": -0.2268025104015529, "y": 0.016296475938769883, "z": 0.034513309202044845, "w": 0.9731926210342198}}}'
2020-04-28 19:08:22,009 : saver : called from saver
2020-04-28 19:08:22,009 : saver : b'{"user_id": 42, "datetime": 1575446887603, "pose": {"translation": {"x": -0.08363257348537445, "y": 0.03274262696504593, "z": 0.44446834921836853}, "rotation": {"x": -0.18523385018409705, "y": -0.011889715927864218, "z": 0.01159230178272562, "w": 0.9825541582734808}}}'
2020-04-28 19:09:01,593 : saver : called from saver
2020-04-28 19:09:01,593 : saver : b'{"user_id": 42, "datetime": 1575446887339, "pose": {"translation": {"x": 0.4873843491077423, "y": 0.007090016733855009, "z": -1.1306129693984985}, "rotation": {"x": -0.10888676356214629, "y": -0.26755994585035286, "z": -0.021271118915446748, "w": 0.9571326384559261}}}'
2020-04-28 19:09:07,076 : saver : called from saver
2020-04-28 19:09:07,077 : saver : b'{"user_id": 42, "datetime": 1575446887412, "pose": {"translation": {"x": 0.15600797533988953, "y": 0.08133671432733536, "z": -0.49068963527679443}, "rotation": {"x": -0.2959017411322204, "y": -0.16749024140672616, "z": -0.04752900380336424, "w": 0.9392178514199446}}}'
2020-04-28 19:09:12,297 : saver : called from saver
2020-04-28 19:09:12,297 : saver : b'{"user_id": 42, "datetime": 1575446887476, "pose": {"translation": {"x": -0.05690298229455948, "y": 0.09136273711919785, "z": -0.1454082578420639}, "rotation": {"x": -0.30262250114734884, "y": 0.024984587319575428, "z": 0.01379476785565966, "w": 0.9526831039624887}}}'
2020-04-28 19:09:17,721 : saver : called from saver
2020-04-28 19:09:17,721 : saver : b'{"user_id": 42, "datetime": 1575446887541, "pose": {"translation": {"x": -0.06873919069766998, "y": 0.06515509635210037, "z": 0.20628340542316437}, "rotation": {"x": -0.2268025104015529, "y": 0.016296475938769883, "z": 0.034513309202044845, "w": 0.9731926210342198}}}'
2020-04-28 19:09:22,414 : saver : called from saver
2020-04-28 19:09:22,414 : saver : b'{"user_id": 42, "datetime": 1575446887603, "pose": {"translation": {"x": -0.08363257348537445, "y": 0.03274262696504593, "z": 0.44446834921836853}, "rotation": {"x": -0.18523385018409705, "y": -0.011889715927864218, "z": 0.01159230178272562, "w": 0.9825541582734808}}}'
2020-04-28 19:32:23,525 : saver : called from saver
2020-04-28 19:32:23,525 : saver : b'{"user_id": 42, "datetime": 1575446887339, "pose": {"translation": {"x": 0.4873843491077423, "y": 0.007090016733855009, "z": -1.1306129693984985}, "rotation": {"x": -0.10888676356214629, "y": -0.26755994585035286, "z": -0.021271118915446748, "w": 0.9571326384559261}}}'
2020-04-28 19:32:27,935 : saver : called from saver
2020-04-28 19:32:27,935 : saver : b'{"user_id": 42, "datetime": 1575446887412, "pose": {"translation": {"x": 0.15600797533988953, "y": 0.08133671432733536, "z": -0.49068963527679443}, "rotation": {"x": -0.2959017411322204, "y": -0.16749024140672616, "z": -0.04752900380336424, "w": 0.9392178514199446}}}'
2020-04-28 19:32:36,762 : saver : called from saver
2020-04-28 19:32:36,763 : saver : b'{"user_id": 42, "datetime": 1575446887476, "pose": {"translation": {"x": -0.05690298229455948, "y": 0.09136273711919785, "z": -0.1454082578420639}, "rotation": {"x": -0.30262250114734884, "y": 0.024984587319575428, "z": 0.01379476785565966, "w": 0.9526831039624887}}}'
2020-04-28 19:32:43,337 : saver : called from saver
2020-04-28 19:32:43,337 : saver : b'{"user_id": 42, "datetime": 1575446887541, "pose": {"translation": {"x": -0.06873919069766998, "y": 0.06515509635210037, "z": 0.20628340542316437}, "rotation": {"x": -0.2268025104015529, "y": 0.016296475938769883, "z": 0.034513309202044845, "w": 0.9731926210342198}}}'
2020-04-28 19:32:49,613 : saver : called from saver
2020-04-28 19:32:49,613 : saver : b'{"user_id": 42, "datetime": 1575446887603, "pose": {"translation": {"x": -0.08363257348537445, "y": 0.03274262696504593, "z": 0.44446834921836853}, "rotation": {"x": -0.18523385018409705, "y": -0.011889715927864218, "z": 0.01159230178272562, "w": 0.9825541582734808}}}'
2020-04-28 19:33:26,516 : saver : called from saver
2020-04-28 19:33:26,516 : saver : b'{"user_id": 42, "datetime": 1575446887339, "pose": {"translation": {"x": 0.4873843491077423, "y": 0.007090016733855009, "z": -1.1306129693984985}, "rotation": {"x": -0.10888676356214629, "y": -0.26755994585035286, "z": -0.021271118915446748, "w": 0.9571326384559261}}}'
2020-04-28 19:33:32,803 : saver : called from saver
2020-04-28 19:33:32,805 : saver : b'{"user_id": 42, "datetime": 1575446887412, "pose": {"translation": {"x": 0.15600797533988953, "y": 0.08133671432733536, "z": -0.49068963527679443}, "rotation": {"x": -0.2959017411322204, "y": -0.16749024140672616, "z": -0.04752900380336424, "w": 0.9392178514199446}}}'
2020-04-28 19:33:39,113 : saver : called from saver
2020-04-28 19:33:39,114 : saver : b'{"user_id": 42, "datetime": 1575446887476, "pose": {"translation": {"x": -0.05690298229455948, "y": 0.09136273711919785, "z": -0.1454082578420639}, "rotation": {"x": -0.30262250114734884, "y": 0.024984587319575428, "z": 0.01379476785565966, "w": 0.9526831039624887}}}'
2020-04-28 19:33:45,650 : saver : called from saver
2020-04-28 19:33:45,650 : saver : b'{"user_id": 42, "datetime": 1575446887541, "pose": {"translation": {"x": -0.06873919069766998, "y": 0.06515509635210037, "z": 0.20628340542316437}, "rotation": {"x": -0.2268025104015529, "y": 0.016296475938769883, "z": 0.034513309202044845, "w": 0.9731926210342198}}}'
2020-04-28 19:33:52,242 : saver : called from saver
2020-04-28 19:33:52,243 : saver : b'{"user_id": 42, "datetime": 1575446887603, "pose": {"translation": {"x": -0.08363257348537445, "y": 0.03274262696504593, "z": 0.44446834921836853}, "rotation": {"x": -0.18523385018409705, "y": -0.011889715927864218, "z": 0.01159230178272562, "w": 0.9825541582734808}}}'
