2020-05-13 13:28:07,841 : reader : reading user data
2020-05-13 13:28:07,842 : reader : reading snapshot size
2020-05-13 13:28:07,842 : reader : unpacking snapshot size
2020-05-13 13:28:07,842 : reader : reading bytes according to snapshot size
2020-05-13 13:28:07,975 : reader : read bytes
2020-05-13 13:28:11,801 : reader : unpacking snapshots info
2020-05-13 13:28:11,971 : reader : reading snapshot size
2020-05-13 13:28:11,971 : reader : unpacking snapshot size
2020-05-13 13:28:11,971 : reader : reading bytes according to snapshot size
2020-05-13 13:28:12,137 : reader : read bytes
2020-05-13 13:28:17,082 : reader : unpacking snapshots info
2020-05-13 13:28:17,201 : reader : reading snapshot size
2020-05-13 13:28:17,202 : reader : unpacking snapshot size
2020-05-13 13:28:17,202 : reader : reading bytes according to snapshot size
2020-05-13 13:28:17,448 : reader : read bytes
2020-05-13 13:28:21,615 : reader : unpacking snapshots info
2020-05-13 13:28:21,752 : reader : reading snapshot size
2020-05-13 13:28:21,752 : reader : unpacking snapshot size
2020-05-13 13:28:21,753 : reader : reading bytes according to snapshot size
2020-05-13 13:28:22,014 : reader : read bytes
2020-05-13 13:28:27,425 : reader : unpacking snapshots info
2020-05-13 13:28:27,548 : reader : reading snapshot size
2020-05-13 13:28:27,548 : reader : unpacking snapshot size
2020-05-13 13:28:27,551 : reader : reading bytes according to snapshot size
2020-05-13 13:28:27,736 : reader : read bytes
2020-05-13 13:28:32,458 : reader : unpacking snapshots info
2020-05-13 13:28:32,543 : reader : reading snapshot size
2020-05-13 13:41:47,087 : reader : initializing snapshot
2020-05-13 13:41:47,088 : reader : parsing from bytes
2020-05-13 13:41:51,290 : reader : building snapshot protocol
2020-05-13 13:41:51,293 : reader : returning snapshot
2020-05-13 13:41:51,446 : reader : initializing snapshot
2020-05-13 13:41:51,446 : reader : parsing from bytes
2020-05-13 13:41:55,416 : reader : building snapshot protocol
2020-05-13 13:41:55,420 : reader : returning snapshot
2020-05-13 13:41:55,555 : reader : initializing snapshot
2020-05-13 13:41:55,556 : reader : parsing from bytes
2020-05-13 13:42:01,363 : reader : building snapshot protocol
2020-05-13 13:42:01,367 : reader : returning snapshot
2020-05-13 13:42:01,548 : reader : initializing snapshot
2020-05-13 13:42:01,548 : reader : parsing from bytes
2020-05-13 13:42:06,965 : reader : building snapshot protocol
2020-05-13 13:42:06,970 : reader : returning snapshot
2020-05-13 13:42:07,137 : reader : initializing snapshot
2020-05-13 13:42:07,137 : reader : parsing from bytes
2020-05-13 13:42:14,351 : reader : building snapshot protocol
2020-05-13 13:42:14,359 : reader : returning snapshot
2020-05-13 16:40:00,056 : reader : initializing snapshot
2020-05-13 16:40:00,056 : reader : parsing from bytes
2020-05-13 16:40:05,625 : reader : building snapshot protocol
2020-05-13 16:40:05,629 : reader : returning snapshot
2020-05-13 16:40:05,990 : reader : initializing snapshot
2020-05-13 16:40:05,990 : reader : parsing from bytes
2020-05-13 16:40:11,909 : reader : building snapshot protocol
2020-05-13 16:40:11,913 : reader : returning snapshot
2020-05-13 16:40:12,162 : reader : initializing snapshot
2020-05-13 16:40:12,163 : reader : parsing from bytes
2020-05-13 16:40:18,694 : reader : building snapshot protocol
2020-05-13 16:40:18,706 : reader : returning snapshot
2020-05-13 16:40:19,026 : reader : initializing snapshot
2020-05-13 16:40:19,026 : reader : parsing from bytes
2020-05-13 16:40:25,011 : reader : building snapshot protocol
2020-05-13 16:40:25,015 : reader : returning snapshot
2020-05-13 16:40:25,283 : reader : initializing snapshot
2020-05-13 16:40:25,283 : reader : parsing from bytes
2020-05-13 16:40:30,186 : reader : building snapshot protocol
2020-05-13 16:40:30,193 : reader : returning snapshot
2020-05-19 12:47:25,283 : reader : sending to parse_snapshot
2020-05-19 12:47:42,523 : reader : returning snapshot
2020-05-19 12:47:42,524 : reader : yielding snapshot
2020-05-19 12:50:18,077 : reader : sending to parse_snapshot
2020-05-19 12:51:06,309 : reader : returning snapshot
2020-05-19 12:51:06,310 : reader : yielding snapshot
2020-05-19 13:17:44,487 : reader : sending to parse_snapshot
2020-05-19 13:17:59,177 : reader : returning snapshot
2020-05-19 13:17:59,178 : reader : yielding snapshot
2020-05-19 13:18:57,041 : reader : sending to parse_snapshot
2020-05-19 13:19:11,790 : reader : returning snapshot
2020-05-19 13:19:11,791 : reader : yielding snapshot
2020-05-19 13:21:34,980 : reader : sending to parse_snapshot
2020-05-19 13:21:50,204 : reader : returning snapshot
2020-05-19 13:21:50,205 : reader : yielding snapshot
2020-05-19 15:11:15,406 : reader : sending to parse_snapshot
2020-05-19 15:11:30,358 : reader : returning snapshot
2020-05-19 15:11:30,359 : reader : yielding snapshot
2020-05-19 15:13:19,530 : reader : sending to parse_snapshot
2020-05-19 15:13:34,953 : reader : returning snapshot
2020-05-19 15:13:34,953 : reader : yielding snapshot
2020-05-19 15:14:04,944 : reader : sending to parse_snapshot
2020-05-19 15:14:19,927 : reader : returning snapshot
2020-05-19 15:14:19,928 : reader : yielding snapshot
2020-05-19 16:13:47,731 : reader : sending to parse_snapshot
2020-05-19 16:14:07,976 : reader : returning snapshot
2020-05-19 16:14:07,977 : reader : yielding snapshot
2020-05-19 16:14:08,155 : reader : sending to parse_snapshot
2020-05-19 16:14:23,708 : reader : returning snapshot
2020-05-19 16:14:23,708 : reader : yielding snapshot
2020-05-19 16:14:23,861 : reader : sending to parse_snapshot
2020-05-19 16:14:43,812 : reader : returning snapshot
2020-05-19 16:14:43,812 : reader : yielding snapshot
2020-05-19 16:14:43,951 : reader : sending to parse_snapshot
2020-05-19 16:15:01,216 : reader : returning snapshot
2020-05-19 16:15:01,217 : reader : yielding snapshot
2020-05-19 16:15:01,447 : reader : sending to parse_snapshot
2020-05-19 16:15:16,996 : reader : returning snapshot
2020-05-19 16:15:16,996 : reader : yielding snapshot
2020-05-19 16:25:11,917 : reader : sending to parse_snapshot
2020-05-19 16:25:27,381 : reader : returning snapshot
2020-05-19 16:25:27,382 : reader : yielding snapshot
2020-05-19 16:25:54,003 : reader : sending to parse_snapshot
2020-05-19 16:26:12,594 : reader : returning snapshot
2020-05-19 16:26:12,600 : reader : yielding snapshot
2020-05-19 16:26:44,358 : reader : sending to parse_snapshot
2020-05-19 16:27:06,119 : reader : returning snapshot
2020-05-19 16:27:06,119 : reader : yielding snapshot
2020-05-19 16:27:35,577 : reader : sending to parse_snapshot
2020-05-19 16:27:51,863 : reader : returning snapshot
2020-05-19 16:27:51,863 : reader : yielding snapshot
2020-05-19 16:28:09,371 : reader : sending to parse_snapshot
2020-05-19 16:28:26,465 : reader : returning snapshot
2020-05-19 16:28:26,465 : reader : yielding snapshot
2020-05-19 16:29:43,450 : reader : sending to parse_snapshot
2020-05-19 16:29:58,282 : reader : returning snapshot
2020-05-19 16:29:58,283 : reader : yielding snapshot
2020-05-19 16:30:14,489 : reader : sending to parse_snapshot
2020-05-19 16:30:30,471 : reader : returning snapshot
2020-05-19 16:30:30,472 : reader : yielding snapshot
2020-05-19 16:30:45,407 : reader : sending to parse_snapshot
2020-05-19 16:31:00,083 : reader : returning snapshot
2020-05-19 16:31:00,083 : reader : yielding snapshot
2020-05-19 16:31:16,564 : reader : sending to parse_snapshot
2020-05-19 16:31:32,012 : reader : returning snapshot
2020-05-19 16:31:32,013 : reader : yielding snapshot
2020-05-19 16:31:46,964 : reader : sending to parse_snapshot
2020-05-19 16:32:01,710 : reader : returning snapshot
2020-05-19 16:32:01,710 : reader : yielding snapshot
2020-05-19 21:42:31,408 : reader : sending to parse_snapshot
2020-05-19 21:42:49,223 : reader : returning snapshot
2020-05-19 21:42:49,224 : reader : yielding snapshot
2020-05-19 21:44:17,804 : reader : sending to parse_snapshot
2020-05-19 21:44:37,361 : reader : returning snapshot
2020-05-19 21:44:37,362 : reader : yielding snapshot
2020-05-19 21:51:34,133 : reader : sending to parse_snapshot
2020-05-19 21:51:55,158 : reader : returning snapshot
2020-05-19 21:51:55,164 : reader : yielding snapshot
2020-05-20 13:04:46,165 : reader : sending to parse_snapshot
2020-05-20 13:05:06,008 : reader : returning snapshot
2020-05-20 13:05:06,009 : reader : yielding snapshot
2020-05-20 13:13:16,219 : reader : sending to parse_snapshot
2020-05-20 13:13:43,019 : reader : returning snapshot
2020-05-20 13:13:43,019 : reader : yielding snapshot
2020-05-20 13:18:06,602 : reader : sending to parse_snapshot
2020-05-20 13:18:24,883 : reader : returning snapshot
2020-05-20 13:18:24,884 : reader : yielding snapshot
2020-05-20 13:23:23,868 : reader : sending to parse_snapshot
2020-05-20 13:23:42,954 : reader : returning snapshot
2020-05-20 13:23:42,962 : reader : yielding snapshot
2020-05-20 13:36:08,854 : reader : sending to parse_snapshot
2020-05-20 13:36:26,335 : reader : returning snapshot
2020-05-20 13:36:26,335 : reader : yielding snapshot
2020-05-20 17:46:15,224 : reader : sending to parse_snapshot
2020-05-20 17:46:31,367 : reader : returning snapshot
2020-05-20 17:46:31,367 : reader : yielding snapshot
2020-05-20 17:46:54,369 : reader : sending to parse_snapshot
2020-05-20 17:47:09,847 : reader : returning snapshot
2020-05-20 17:47:09,847 : reader : yielding snapshot
2020-05-20 17:47:34,548 : reader : sending to parse_snapshot
2020-05-20 17:47:51,308 : reader : returning snapshot
2020-05-20 17:47:51,308 : reader : yielding snapshot
2020-05-20 17:48:15,056 : reader : sending to parse_snapshot
2020-05-20 17:48:39,959 : reader : returning snapshot
2020-05-20 17:48:39,960 : reader : yielding snapshot
2020-05-20 17:49:04,140 : reader : sending to parse_snapshot
2020-05-20 17:49:21,552 : reader : returning snapshot
2020-05-20 17:49:21,553 : reader : yielding snapshot
2020-05-20 18:37:03,438 : reader : sending to parse_snapshot
2020-05-20 18:37:22,681 : reader : returning snapshot
2020-05-20 18:37:22,682 : reader : yielding snapshot
2020-05-20 18:37:48,606 : reader : sending to parse_snapshot
2020-05-20 18:38:04,029 : reader : returning snapshot
2020-05-20 18:38:04,029 : reader : yielding snapshot
2020-05-20 18:38:28,492 : reader : sending to parse_snapshot
2020-05-20 18:38:43,598 : reader : returning snapshot
2020-05-20 18:38:43,598 : reader : yielding snapshot
2020-05-20 18:39:06,590 : reader : sending to parse_snapshot
2020-05-20 18:39:23,004 : reader : returning snapshot
2020-05-20 18:39:23,004 : reader : yielding snapshot
2020-05-20 18:39:46,321 : reader : sending to parse_snapshot
2020-05-20 18:40:01,417 : reader : returning snapshot
2020-05-20 18:40:01,417 : reader : yielding snapshot
2020-05-20 19:23:43,553 : reader : sending to parse_snapshot
2020-05-20 19:23:59,800 : reader : returning snapshot
2020-05-20 19:23:59,801 : reader : yielding snapshot
2020-05-20 19:24:24,994 : reader : sending to parse_snapshot
2020-05-20 19:24:43,229 : reader : returning snapshot
2020-05-20 19:24:43,229 : reader : yielding snapshot
2020-05-20 19:25:08,478 : reader : sending to parse_snapshot
2020-05-20 19:25:23,978 : reader : returning snapshot
2020-05-20 19:25:23,978 : reader : yielding snapshot
2020-05-20 19:25:47,556 : reader : sending to parse_snapshot
2020-05-20 19:26:04,816 : reader : returning snapshot
2020-05-20 19:26:04,816 : reader : yielding snapshot
2020-05-20 19:26:29,570 : reader : sending to parse_snapshot
2020-05-20 19:26:46,072 : reader : returning snapshot
2020-05-20 19:26:46,072 : reader : yielding snapshot
2020-05-20 19:37:21,887 : reader : sending to parse_snapshot
2020-05-20 19:37:44,879 : reader : returning snapshot
2020-05-20 19:37:44,880 : reader : yielding snapshot
2020-05-20 19:38:09,806 : reader : sending to parse_snapshot
2020-05-20 19:38:26,702 : reader : returning snapshot
2020-05-20 19:38:26,703 : reader : yielding snapshot
2020-05-20 19:38:49,311 : reader : sending to parse_snapshot
2020-05-20 19:39:04,630 : reader : returning snapshot
2020-05-20 19:39:04,630 : reader : yielding snapshot
2020-05-20 19:39:31,491 : reader : sending to parse_snapshot
2020-05-20 19:39:47,198 : reader : returning snapshot
2020-05-20 19:39:47,198 : reader : yielding snapshot
2020-05-20 19:40:10,280 : reader : sending to parse_snapshot
2020-05-20 19:40:26,849 : reader : returning snapshot
2020-05-20 19:40:26,849 : reader : yielding snapshot
2020-05-24 12:15:45,074 : reader : sending to parse_snapshot
2020-05-24 12:16:05,672 : reader : returning snapshot
2020-05-24 12:16:05,673 : reader : yielding snapshot
2020-05-24 12:16:29,710 : reader : sending to parse_snapshot
2020-05-24 12:16:46,402 : reader : returning snapshot
2020-05-24 12:16:46,403 : reader : yielding snapshot
2020-05-24 12:17:08,257 : reader : sending to parse_snapshot
2020-05-24 12:17:23,306 : reader : returning snapshot
2020-05-24 12:17:23,306 : reader : yielding snapshot
2020-05-24 12:17:46,597 : reader : sending to parse_snapshot
2020-05-24 12:18:00,940 : reader : returning snapshot
2020-05-24 12:18:00,940 : reader : yielding snapshot
2020-05-24 12:18:22,396 : reader : sending to parse_snapshot
2020-05-24 12:18:36,586 : reader : returning snapshot
2020-05-24 12:18:36,586 : reader : yielding snapshot
2020-05-24 12:29:26,012 : reader : sending to parse_snapshot
2020-05-24 12:29:43,735 : reader : returning snapshot
2020-05-24 12:29:43,735 : reader : yielding snapshot
2020-05-24 12:30:21,318 : reader : sending to parse_snapshot
2020-05-24 12:30:39,633 : reader : returning snapshot
2020-05-24 12:30:39,633 : reader : yielding snapshot
2020-05-24 12:31:05,951 : reader : sending to parse_snapshot
2020-05-24 12:31:24,307 : reader : returning snapshot
2020-05-24 12:31:24,307 : reader : yielding snapshot
2020-05-24 12:31:53,006 : reader : sending to parse_snapshot
2020-05-24 12:32:11,171 : reader : returning snapshot
2020-05-24 12:32:11,172 : reader : yielding snapshot
2020-05-24 12:32:36,341 : reader : sending to parse_snapshot
2020-05-24 12:32:54,638 : reader : returning snapshot
2020-05-24 12:32:54,638 : reader : yielding snapshot
2020-05-24 13:07:50,371 : reader : sending to parse_snapshot
2020-05-24 13:08:06,058 : reader : returning snapshot
2020-05-24 13:08:06,058 : reader : yielding snapshot
2020-05-24 13:08:29,525 : reader : sending to parse_snapshot
2020-05-24 13:08:51,354 : reader : returning snapshot
2020-05-24 13:08:51,354 : reader : yielding snapshot
2020-05-24 13:09:19,752 : reader : sending to parse_snapshot
2020-05-24 13:09:38,943 : reader : returning snapshot
2020-05-24 13:09:38,943 : reader : yielding snapshot
2020-05-24 13:10:09,082 : reader : sending to parse_snapshot
2020-05-24 13:10:26,021 : reader : returning snapshot
2020-05-24 13:10:26,021 : reader : yielding snapshot
2020-05-24 13:10:54,838 : reader : sending to parse_snapshot
2020-05-24 13:11:12,263 : reader : returning snapshot
2020-05-24 13:11:12,263 : reader : yielding snapshot
2020-05-24 13:34:46,057 : reader : sending to parse_snapshot
2020-05-24 13:35:09,314 : reader : returning snapshot
2020-05-24 13:35:09,315 : reader : yielding snapshot
2020-05-24 13:35:34,339 : reader : sending to parse_snapshot
2020-05-24 13:35:49,881 : reader : returning snapshot
2020-05-24 13:35:49,881 : reader : yielding snapshot
2020-05-24 13:36:12,571 : reader : sending to parse_snapshot
2020-05-24 13:36:28,894 : reader : returning snapshot
2020-05-24 13:36:28,894 : reader : yielding snapshot
2020-05-24 13:36:51,278 : reader : sending to parse_snapshot
2020-05-24 13:37:08,328 : reader : returning snapshot
2020-05-24 13:37:08,329 : reader : yielding snapshot
2020-05-24 13:37:34,590 : reader : sending to parse_snapshot
2020-05-24 13:37:51,584 : reader : returning snapshot
2020-05-24 13:37:51,584 : reader : yielding snapshot
2020-05-24 14:01:28,069 : reader : sending to parse_snapshot
2020-05-24 14:01:47,073 : reader : returning snapshot
2020-05-24 14:01:47,074 : reader : yielding snapshot
2020-05-24 14:02:14,240 : reader : sending to parse_snapshot
2020-05-24 14:02:30,598 : reader : returning snapshot
2020-05-24 14:02:30,598 : reader : yielding snapshot
2020-05-24 14:02:54,973 : reader : sending to parse_snapshot
2020-05-24 14:03:12,473 : reader : returning snapshot
2020-05-24 14:03:12,474 : reader : yielding snapshot
2020-05-24 14:03:36,213 : reader : sending to parse_snapshot
2020-05-24 14:03:52,188 : reader : returning snapshot
2020-05-24 14:03:52,189 : reader : yielding snapshot
2020-05-24 14:04:17,762 : reader : sending to parse_snapshot
2020-05-24 14:04:33,602 : reader : returning snapshot
2020-05-24 14:04:33,602 : reader : yielding snapshot
2020-05-24 15:41:23,554 : reader : sending to parse_snapshot
2020-05-24 15:41:43,538 : reader : returning snapshot
2020-05-24 15:41:43,539 : reader : yielding snapshot
2020-05-24 15:42:08,252 : reader : sending to parse_snapshot
2020-05-24 15:42:24,344 : reader : returning snapshot
2020-05-24 15:42:24,345 : reader : yielding snapshot
2020-05-24 15:42:45,706 : reader : sending to parse_snapshot
2020-05-24 15:43:00,199 : reader : returning snapshot
2020-05-24 15:43:00,199 : reader : yielding snapshot
2020-05-24 15:43:22,516 : reader : sending to parse_snapshot
2020-05-24 15:43:37,334 : reader : returning snapshot
2020-05-24 15:43:37,334 : reader : yielding snapshot
2020-05-24 15:43:57,985 : reader : sending to parse_snapshot
2020-05-24 15:44:12,535 : reader : returning snapshot
2020-05-24 15:44:12,535 : reader : yielding snapshot
2020-05-24 15:50:46,881 : reader : sending to parse_snapshot
2020-05-24 15:51:01,878 : reader : returning snapshot
2020-05-24 15:51:01,879 : reader : yielding snapshot
2020-05-24 15:51:23,191 : reader : sending to parse_snapshot
2020-05-24 15:51:39,398 : reader : returning snapshot
2020-05-24 15:51:39,398 : reader : yielding snapshot
2020-05-24 15:52:00,203 : reader : sending to parse_snapshot
2020-05-24 15:52:14,759 : reader : returning snapshot
2020-05-24 15:52:14,760 : reader : yielding snapshot
2020-05-24 15:52:37,252 : reader : sending to parse_snapshot
2020-05-24 15:52:51,752 : reader : returning snapshot
2020-05-24 15:52:51,753 : reader : yielding snapshot
2020-05-24 15:53:12,210 : reader : sending to parse_snapshot
2020-05-24 15:53:32,567 : reader : returning snapshot
2020-05-24 15:53:32,579 : reader : yielding snapshot
2020-05-24 15:55:11,616 : reader : sending to parse_snapshot
2020-05-24 15:55:26,564 : reader : returning snapshot
2020-05-24 15:55:26,565 : reader : yielding snapshot
2020-05-24 15:55:48,909 : reader : sending to parse_snapshot
2020-05-24 15:56:03,718 : reader : returning snapshot
2020-05-24 15:56:03,718 : reader : yielding snapshot
2020-05-24 15:56:24,366 : reader : sending to parse_snapshot
2020-05-24 15:56:40,940 : reader : returning snapshot
2020-05-24 15:56:40,940 : reader : yielding snapshot
2020-05-24 15:57:03,335 : reader : sending to parse_snapshot
2020-05-24 15:57:18,052 : reader : returning snapshot
2020-05-24 15:57:18,052 : reader : yielding snapshot
2020-05-24 15:57:39,515 : reader : sending to parse_snapshot
2020-05-24 15:57:56,585 : reader : returning snapshot
2020-05-24 15:57:56,585 : reader : yielding snapshot
2020-05-24 16:01:04,258 : reader : sending to parse_snapshot
2020-05-24 16:01:18,755 : reader : returning snapshot
2020-05-24 16:01:18,755 : reader : yielding snapshot
2020-05-24 16:01:48,484 : reader : sending to parse_snapshot
2020-05-24 16:02:17,574 : reader : returning snapshot
2020-05-24 16:02:17,574 : reader : yielding snapshot
2020-05-24 16:03:00,019 : reader : sending to parse_snapshot
2020-05-24 16:03:15,717 : reader : returning snapshot
2020-05-24 16:03:15,718 : reader : yielding snapshot
2020-05-24 16:03:37,396 : reader : sending to parse_snapshot
2020-05-24 16:03:52,625 : reader : returning snapshot
2020-05-24 16:03:52,626 : reader : yielding snapshot
2020-05-24 16:04:15,210 : reader : sending to parse_snapshot
2020-05-24 16:04:30,338 : reader : returning snapshot
2020-05-24 16:04:30,338 : reader : yielding snapshot
2020-05-24 16:11:54,448 : reader : sending to parse_snapshot
2020-05-24 16:12:12,937 : reader : returning snapshot
2020-05-24 16:12:12,938 : reader : yielding snapshot
2020-05-24 16:12:34,210 : reader : sending to parse_snapshot
2020-05-24 16:12:49,701 : reader : returning snapshot
2020-05-24 16:12:49,701 : reader : yielding snapshot
2020-05-24 16:13:12,417 : reader : sending to parse_snapshot
2020-05-24 16:13:27,452 : reader : returning snapshot
2020-05-24 16:13:27,453 : reader : yielding snapshot
2020-05-24 16:13:48,814 : reader : sending to parse_snapshot
2020-05-24 16:14:03,786 : reader : returning snapshot
2020-05-24 16:14:03,786 : reader : yielding snapshot
2020-05-24 16:14:26,315 : reader : sending to parse_snapshot
2020-05-24 16:14:41,397 : reader : returning snapshot
2020-05-24 16:14:41,397 : reader : yielding snapshot
2020-05-24 16:23:47,916 : reader : sending to parse_snapshot
2020-05-24 16:24:04,451 : reader : returning snapshot
2020-05-24 16:24:04,452 : reader : yielding snapshot
2020-05-24 16:24:32,036 : reader : sending to parse_snapshot
2020-05-24 16:24:47,154 : reader : returning snapshot
2020-05-24 16:24:47,154 : reader : yielding snapshot
2020-05-24 16:25:13,270 : reader : sending to parse_snapshot
2020-05-24 16:25:29,777 : reader : returning snapshot
2020-05-24 16:25:29,778 : reader : yielding snapshot
2020-05-24 16:25:55,954 : reader : sending to parse_snapshot
2020-05-24 16:26:10,959 : reader : returning snapshot
2020-05-24 16:26:10,960 : reader : yielding snapshot
2020-05-24 16:26:38,055 : reader : sending to parse_snapshot
2020-05-24 16:26:53,365 : reader : returning snapshot
2020-05-24 16:26:53,365 : reader : yielding snapshot
2020-05-24 16:30:38,745 : reader : sending to parse_snapshot
2020-05-24 16:30:56,125 : reader : returning snapshot
2020-05-24 16:30:56,125 : reader : yielding snapshot
2020-05-24 16:31:22,169 : reader : sending to parse_snapshot
2020-05-24 16:31:37,950 : reader : returning snapshot
2020-05-24 16:31:37,951 : reader : yielding snapshot
2020-05-24 16:32:04,238 : reader : sending to parse_snapshot
2020-05-24 16:32:18,896 : reader : returning snapshot
2020-05-24 16:32:18,896 : reader : yielding snapshot
2020-05-24 16:32:45,862 : reader : sending to parse_snapshot
2020-05-24 16:33:00,429 : reader : returning snapshot
2020-05-24 16:33:00,429 : reader : yielding snapshot
2020-05-24 16:33:26,927 : reader : sending to parse_snapshot
2020-05-24 16:33:42,780 : reader : returning snapshot
2020-05-24 16:33:42,781 : reader : yielding snapshot
2020-05-24 16:50:32,656 : reader : sending to parse_snapshot
2020-05-24 16:50:48,605 : reader : returning snapshot
2020-05-24 16:50:48,606 : reader : yielding snapshot
2020-05-24 16:50:48,970 : reader : sending to parse_snapshot
2020-05-24 16:51:05,593 : reader : returning snapshot
2020-05-24 16:51:05,593 : reader : yielding snapshot
2020-05-24 16:51:05,936 : reader : sending to parse_snapshot
2020-05-24 16:51:20,874 : reader : returning snapshot
2020-05-24 16:51:20,875 : reader : yielding snapshot
2020-05-24 16:51:21,211 : reader : sending to parse_snapshot
2020-05-24 16:51:36,138 : reader : returning snapshot
2020-05-24 16:51:36,138 : reader : yielding snapshot
2020-05-24 16:51:36,464 : reader : sending to parse_snapshot
2020-05-24 16:51:51,895 : reader : returning snapshot
2020-05-24 16:51:51,895 : reader : yielding snapshot
2020-05-24 16:59:18,491 : reader : sending to parse_snapshot
2020-05-24 16:59:34,830 : reader : returning snapshot
2020-05-24 16:59:34,830 : reader : yielding snapshot
2020-05-24 17:00:01,501 : reader : sending to parse_snapshot
2020-05-24 17:00:18,544 : reader : returning snapshot
2020-05-24 17:00:18,544 : reader : yielding snapshot
2020-05-24 17:00:47,057 : reader : sending to parse_snapshot
2020-05-24 17:01:02,444 : reader : returning snapshot
2020-05-24 17:01:02,444 : reader : yielding snapshot
2020-05-24 17:01:30,845 : reader : sending to parse_snapshot
2020-05-24 17:01:47,445 : reader : returning snapshot
2020-05-24 17:01:47,445 : reader : yielding snapshot
2020-05-24 17:02:22,792 : reader : sending to parse_snapshot
2020-05-24 17:02:40,538 : reader : returning snapshot
2020-05-24 17:02:40,538 : reader : yielding snapshot
2020-05-24 17:09:11,161 : reader : sending to parse_snapshot
2020-05-24 17:09:28,030 : reader : returning snapshot
2020-05-24 17:09:28,031 : reader : yielding snapshot
2020-05-24 17:09:54,270 : reader : sending to parse_snapshot
2020-05-24 17:10:10,182 : reader : returning snapshot
2020-05-24 17:10:10,183 : reader : yielding snapshot
2020-05-24 17:10:38,753 : reader : sending to parse_snapshot
2020-05-24 17:10:53,865 : reader : returning snapshot
2020-05-24 17:10:53,865 : reader : yielding snapshot
2020-05-24 17:11:20,182 : reader : sending to parse_snapshot
2020-05-24 17:11:36,380 : reader : returning snapshot
2020-05-24 17:11:36,380 : reader : yielding snapshot
2020-05-24 17:12:02,826 : reader : sending to parse_snapshot
2020-05-24 17:12:17,759 : reader : returning snapshot
2020-05-24 17:12:17,759 : reader : yielding snapshot
2020-05-24 17:19:18,111 : reader : sending to parse_snapshot
2020-05-24 17:19:45,061 : reader : returning snapshot
2020-05-24 17:19:45,063 : reader : yielding snapshot
2020-05-24 17:20:16,422 : reader : sending to parse_snapshot
2020-05-24 17:20:32,957 : reader : returning snapshot
2020-05-24 17:20:32,957 : reader : yielding snapshot
2020-05-24 17:21:15,210 : reader : sending to parse_snapshot
2020-05-24 17:21:39,986 : reader : returning snapshot
2020-05-24 17:21:39,987 : reader : yielding snapshot
2020-05-24 17:22:16,798 : reader : sending to parse_snapshot
2020-05-24 17:22:32,827 : reader : returning snapshot
2020-05-24 17:22:32,828 : reader : yielding snapshot
2020-05-24 17:23:06,792 : reader : sending to parse_snapshot
2020-05-24 17:23:25,599 : reader : returning snapshot
2020-05-24 17:23:25,599 : reader : yielding snapshot
2020-05-24 17:28:15,096 : reader : sending to parse_snapshot
2020-05-24 17:28:43,384 : reader : returning snapshot
2020-05-24 17:28:43,385 : reader : yielding snapshot
2020-05-24 17:29:23,932 : reader : sending to parse_snapshot
2020-05-24 17:29:42,183 : reader : returning snapshot
2020-05-24 17:29:42,183 : reader : yielding snapshot
2020-05-24 17:30:17,937 : reader : sending to parse_snapshot
2020-05-24 17:30:35,924 : reader : returning snapshot
2020-05-24 17:30:35,925 : reader : yielding snapshot
2020-05-24 17:31:08,980 : reader : sending to parse_snapshot
2020-05-24 17:31:26,857 : reader : returning snapshot
2020-05-24 17:31:26,857 : reader : yielding snapshot
2020-05-24 17:31:58,962 : reader : sending to parse_snapshot
2020-05-24 17:32:18,892 : reader : returning snapshot
2020-05-24 17:32:18,892 : reader : yielding snapshot
2020-05-24 17:40:45,630 : reader : sending to parse_snapshot
2020-05-24 17:41:11,116 : reader : returning snapshot
2020-05-24 17:41:11,117 : reader : yielding snapshot
2020-05-24 17:41:44,608 : reader : sending to parse_snapshot
2020-05-24 17:42:03,726 : reader : returning snapshot
2020-05-24 17:42:03,727 : reader : yielding snapshot
2020-05-24 17:42:35,463 : reader : sending to parse_snapshot
2020-05-24 17:42:53,043 : reader : returning snapshot
2020-05-24 17:42:53,044 : reader : yielding snapshot
2020-05-24 17:43:26,364 : reader : sending to parse_snapshot
2020-05-24 17:43:44,293 : reader : returning snapshot
2020-05-24 17:43:44,293 : reader : yielding snapshot
2020-05-24 17:44:15,072 : reader : sending to parse_snapshot
2020-05-24 17:44:34,597 : reader : returning snapshot
2020-05-24 17:44:34,597 : reader : yielding snapshot
2020-05-24 17:49:42,302 : reader : sending to parse_snapshot
2020-05-24 17:50:05,576 : reader : returning snapshot
2020-05-24 17:50:05,577 : reader : yielding snapshot
2020-05-24 17:50:39,273 : reader : sending to parse_snapshot
2020-05-24 17:50:56,876 : reader : returning snapshot
2020-05-24 17:50:56,876 : reader : yielding snapshot
2020-05-24 17:51:26,099 : reader : sending to parse_snapshot
2020-05-24 17:51:44,875 : reader : returning snapshot
2020-05-24 17:51:44,875 : reader : yielding snapshot
2020-05-24 17:52:12,851 : reader : sending to parse_snapshot
2020-05-24 17:52:29,654 : reader : returning snapshot
2020-05-24 17:52:29,655 : reader : yielding snapshot
2020-05-24 17:52:58,665 : reader : sending to parse_snapshot
2020-05-24 17:53:15,734 : reader : returning snapshot
2020-05-24 17:53:15,735 : reader : yielding snapshot
2020-05-24 18:02:26,056 : reader : sending to parse_snapshot
2020-05-24 18:02:51,302 : reader : returning snapshot
2020-05-24 18:02:51,303 : reader : yielding snapshot
2020-05-24 18:03:21,361 : reader : sending to parse_snapshot
2020-05-24 18:03:47,297 : reader : returning snapshot
2020-05-24 18:03:47,307 : reader : yielding snapshot
2020-05-24 18:04:39,045 : reader : sending to parse_snapshot
2020-05-24 18:05:26,671 : reader : returning snapshot
2020-05-24 18:05:26,673 : reader : yielding snapshot
2020-05-24 18:06:02,173 : reader : sending to parse_snapshot
2020-05-24 18:06:18,409 : reader : returning snapshot
2020-05-24 18:06:18,409 : reader : yielding snapshot
2020-05-24 18:06:47,154 : reader : sending to parse_snapshot
2020-05-24 18:07:05,244 : reader : returning snapshot
2020-05-24 18:07:05,245 : reader : yielding snapshot
2020-05-24 18:15:07,401 : reader : sending to parse_snapshot
2020-05-24 18:15:41,932 : reader : returning snapshot
2020-05-24 18:15:41,934 : reader : yielding snapshot
2020-05-24 18:16:19,520 : reader : sending to parse_snapshot
2020-05-24 18:16:49,751 : reader : returning snapshot
2020-05-24 18:16:49,751 : reader : yielding snapshot
2020-05-24 18:17:18,180 : reader : sending to parse_snapshot
2020-05-24 18:18:00,142 : reader : returning snapshot
2020-05-24 18:18:00,155 : reader : yielding snapshot
2020-05-24 18:18:56,284 : reader : sending to parse_snapshot
2020-05-24 18:19:36,860 : reader : returning snapshot
2020-05-24 18:19:36,860 : reader : yielding snapshot
2020-05-24 18:21:10,765 : reader : sending to parse_snapshot
2020-05-24 18:31:46,823 : reader : sending to parse_snapshot
2020-05-24 18:32:07,568 : reader : returning snapshot
2020-05-24 18:32:07,569 : reader : yielding snapshot
2020-05-24 18:32:25,902 : reader : sending to parse_snapshot
2020-05-24 18:32:47,058 : reader : returning snapshot
2020-05-24 18:32:47,058 : reader : yielding snapshot
2020-05-24 18:33:11,404 : reader : sending to parse_snapshot
2020-05-24 18:33:32,284 : reader : returning snapshot
2020-05-24 18:33:32,284 : reader : yielding snapshot
2020-05-24 18:38:25,461 : reader : sending to parse_snapshot
2020-05-24 18:38:48,516 : reader : returning snapshot
2020-05-24 18:38:48,517 : reader : yielding snapshot
2020-05-24 18:39:07,012 : reader : sending to parse_snapshot
2020-05-24 18:42:46,942 : reader : sending to parse_snapshot
2020-05-24 18:43:17,310 : reader : returning snapshot
2020-05-24 18:43:17,311 : reader : yielding snapshot
2020-05-24 18:43:40,377 : reader : sending to parse_snapshot
2020-05-24 18:44:01,734 : reader : returning snapshot
2020-05-24 18:44:01,734 : reader : yielding snapshot
2020-05-24 18:44:19,964 : reader : sending to parse_snapshot
2020-05-24 18:44:36,291 : reader : returning snapshot
2020-05-24 18:44:36,291 : reader : yielding snapshot
2020-05-24 18:44:52,066 : reader : sending to parse_snapshot
2020-05-24 18:45:09,956 : reader : returning snapshot
2020-05-24 18:45:09,956 : reader : yielding snapshot
2020-05-24 18:45:26,109 : reader : sending to parse_snapshot
2020-05-24 18:45:42,939 : reader : returning snapshot
2020-05-24 18:45:42,939 : reader : yielding snapshot
2020-05-24 18:45:59,954 : reader : sending to parse_snapshot
2020-05-24 18:46:17,212 : reader : returning snapshot
2020-05-24 18:46:17,212 : reader : yielding snapshot
2020-05-24 18:46:33,748 : reader : sending to parse_snapshot
2020-05-24 18:46:51,301 : reader : returning snapshot
2020-05-24 18:46:51,301 : reader : yielding snapshot
2020-05-24 18:47:09,403 : reader : sending to parse_snapshot
2020-05-24 18:47:25,557 : reader : returning snapshot
2020-05-24 18:47:25,557 : reader : yielding snapshot
2020-05-24 18:47:41,598 : reader : sending to parse_snapshot
2020-05-24 18:47:57,494 : reader : returning snapshot
2020-05-24 18:47:57,495 : reader : yielding snapshot
2020-05-24 18:48:17,111 : reader : sending to parse_snapshot
2020-05-24 18:48:37,164 : reader : returning snapshot
2020-05-24 18:48:37,164 : reader : yielding snapshot
2020-05-24 18:55:51,257 : reader : sending to parse_snapshot
2020-05-24 18:56:18,347 : reader : returning snapshot
2020-05-24 18:56:18,347 : reader : yielding snapshot
2020-05-24 18:56:35,549 : reader : sending to parse_snapshot
2020-05-24 18:57:56,434 : reader : sending to parse_snapshot
2020-05-24 18:58:21,011 : reader : returning snapshot
2020-05-24 18:58:21,012 : reader : yielding snapshot
2020-05-24 18:58:41,609 : reader : sending to parse_snapshot
2020-05-24 18:59:23,266 : reader : returning snapshot
2020-05-24 18:59:23,299 : reader : yielding snapshot
2020-05-24 18:59:53,893 : reader : sending to parse_snapshot
2020-05-24 19:00:15,128 : reader : returning snapshot
2020-05-24 19:00:15,130 : reader : yielding snapshot
2020-05-24 19:00:39,636 : reader : sending to parse_snapshot
2020-05-24 19:01:10,501 : reader : returning snapshot
2020-05-24 19:01:10,501 : reader : yielding snapshot
2020-05-24 19:01:32,875 : reader : sending to parse_snapshot
2020-05-24 19:01:59,823 : reader : returning snapshot
2020-05-24 19:01:59,823 : reader : yielding snapshot
2020-05-24 19:02:21,925 : reader : sending to parse_snapshot
2020-05-24 19:02:56,934 : reader : returning snapshot
2020-05-24 19:02:56,944 : reader : yielding snapshot
2020-05-24 19:03:17,139 : reader : sending to parse_snapshot
2020-05-24 19:03:43,300 : reader : returning snapshot
2020-05-24 19:03:43,300 : reader : yielding snapshot
2020-05-24 19:04:00,511 : reader : sending to parse_snapshot
2020-05-24 19:04:17,773 : reader : returning snapshot
2020-05-24 19:04:17,773 : reader : yielding snapshot
2020-05-24 19:04:40,492 : reader : sending to parse_snapshot
2020-05-24 19:04:59,656 : reader : returning snapshot
2020-05-24 19:04:59,658 : reader : yielding snapshot
2020-05-24 19:05:18,931 : reader : sending to parse_snapshot
2020-05-24 19:05:41,932 : reader : returning snapshot
2020-05-24 19:05:41,932 : reader : yielding snapshot
2020-05-24 19:09:16,708 : reader : sending to parse_snapshot
2020-05-24 19:09:40,589 : reader : returning snapshot
2020-05-24 19:09:40,590 : reader : yielding snapshot
2020-05-24 19:10:02,282 : reader : sending to parse_snapshot
2020-05-24 19:10:18,148 : reader : returning snapshot
2020-05-24 19:10:18,148 : reader : yielding snapshot
2020-05-24 19:10:34,039 : reader : sending to parse_snapshot
2020-05-24 19:10:49,901 : reader : returning snapshot
2020-05-24 19:10:49,901 : reader : yielding snapshot
2020-05-24 19:11:08,147 : reader : sending to parse_snapshot
2020-05-24 19:11:24,394 : reader : returning snapshot
2020-05-24 19:11:24,395 : reader : yielding snapshot
2020-05-24 19:11:40,683 : reader : sending to parse_snapshot
2020-05-24 19:11:57,755 : reader : returning snapshot
2020-05-24 19:11:57,755 : reader : yielding snapshot
2020-05-24 19:12:14,858 : reader : sending to parse_snapshot
2020-05-24 19:12:31,592 : reader : returning snapshot
2020-05-24 19:12:31,592 : reader : yielding snapshot
2020-05-24 19:12:48,958 : reader : sending to parse_snapshot
2020-05-24 19:13:06,650 : reader : returning snapshot
2020-05-24 19:13:06,650 : reader : yielding snapshot
2020-05-24 19:13:22,867 : reader : sending to parse_snapshot
2020-05-24 19:13:39,121 : reader : returning snapshot
2020-05-24 19:13:39,121 : reader : yielding snapshot
2020-05-24 19:13:55,943 : reader : sending to parse_snapshot
2020-05-24 19:14:14,238 : reader : returning snapshot
2020-05-24 19:14:14,238 : reader : yielding snapshot
2020-05-24 19:14:31,150 : reader : sending to parse_snapshot
2020-05-24 19:14:47,537 : reader : returning snapshot
2020-05-24 19:14:47,538 : reader : yielding snapshot
2020-05-24 19:21:45,817 : reader : sending to parse_snapshot
2020-05-24 19:22:10,800 : reader : returning snapshot
2020-05-24 19:22:10,801 : reader : yielding snapshot
2020-05-24 19:22:34,275 : reader : sending to parse_snapshot
2020-05-24 19:22:56,429 : reader : returning snapshot
2020-05-24 19:22:56,430 : reader : yielding snapshot
2020-05-24 19:23:21,202 : reader : sending to parse_snapshot
2020-05-24 19:23:42,674 : reader : returning snapshot
2020-05-24 19:23:42,674 : reader : yielding snapshot
2020-05-24 19:24:04,802 : reader : sending to parse_snapshot
2020-05-24 19:24:20,787 : reader : returning snapshot
2020-05-24 19:24:20,787 : reader : yielding snapshot
2020-05-24 19:24:38,595 : reader : sending to parse_snapshot
2020-05-24 19:24:54,624 : reader : returning snapshot
2020-05-24 19:24:54,625 : reader : yielding snapshot
2020-05-24 19:25:12,380 : reader : sending to parse_snapshot
2020-05-24 19:25:30,417 : reader : returning snapshot
2020-05-24 19:25:30,418 : reader : yielding snapshot
2020-05-24 19:25:46,704 : reader : sending to parse_snapshot
2020-05-24 19:26:02,486 : reader : returning snapshot
2020-05-24 19:26:02,487 : reader : yielding snapshot
2020-05-24 19:26:18,733 : reader : sending to parse_snapshot
2020-05-24 19:26:36,145 : reader : returning snapshot
2020-05-24 19:26:36,145 : reader : yielding snapshot
2020-05-24 19:26:52,487 : reader : sending to parse_snapshot
2020-05-24 19:27:09,229 : reader : returning snapshot
2020-05-24 19:27:09,230 : reader : yielding snapshot
2020-05-24 19:27:26,486 : reader : sending to parse_snapshot
2020-05-24 19:27:44,297 : reader : returning snapshot
2020-05-24 19:27:44,297 : reader : yielding snapshot
2020-05-24 21:01:13,155 : reader : sending to parse_snapshot
2020-05-24 21:01:35,805 : reader : returning snapshot
2020-05-24 21:01:35,810 : reader : yielding snapshot
2020-05-24 21:01:51,158 : reader : sending to parse_snapshot
2020-05-24 21:02:05,815 : reader : returning snapshot
2020-05-24 21:02:05,815 : reader : yielding snapshot
2020-05-24 21:02:20,452 : reader : sending to parse_snapshot
2020-05-24 21:02:36,955 : reader : returning snapshot
2020-05-24 21:02:36,956 : reader : yielding snapshot
2020-05-24 21:02:54,709 : reader : sending to parse_snapshot
2020-05-24 21:03:10,574 : reader : returning snapshot
2020-05-24 21:03:10,579 : reader : yielding snapshot
2020-05-24 21:03:27,069 : reader : sending to parse_snapshot
2020-05-24 21:03:43,985 : reader : returning snapshot
2020-05-24 21:03:43,985 : reader : yielding snapshot
2020-05-24 21:11:30,202 : reader : sending to parse_snapshot
2020-05-24 21:11:47,508 : reader : returning snapshot
2020-05-24 21:11:47,509 : reader : yielding snapshot
2020-05-24 21:12:05,222 : reader : sending to parse_snapshot
2020-05-24 21:12:20,499 : reader : returning snapshot
2020-05-24 21:12:20,499 : reader : yielding snapshot
2020-05-24 21:12:35,151 : reader : sending to parse_snapshot
2020-05-24 21:12:51,036 : reader : returning snapshot
2020-05-24 21:12:51,036 : reader : yielding snapshot
2020-05-24 21:13:06,283 : reader : sending to parse_snapshot
2020-05-24 21:13:20,649 : reader : returning snapshot
2020-05-24 21:13:20,649 : reader : yielding snapshot
2020-05-24 21:13:35,216 : reader : sending to parse_snapshot
2020-05-24 21:13:50,901 : reader : returning snapshot
2020-05-24 21:13:50,902 : reader : yielding snapshot
2020-05-24 21:14:06,117 : reader : sending to parse_snapshot
2020-05-24 21:14:21,060 : reader : returning snapshot
2020-05-24 21:14:21,061 : reader : yielding snapshot
2020-05-24 21:14:36,115 : reader : sending to parse_snapshot
2020-05-24 21:14:56,007 : reader : returning snapshot
2020-05-24 21:14:56,007 : reader : yielding snapshot
2020-05-24 21:15:15,323 : reader : sending to parse_snapshot
2020-05-24 21:15:32,869 : reader : returning snapshot
2020-05-24 21:15:32,869 : reader : yielding snapshot
2020-05-24 21:15:48,872 : reader : sending to parse_snapshot
2020-05-24 21:16:05,037 : reader : returning snapshot
2020-05-24 21:16:05,038 : reader : yielding snapshot
2020-05-24 21:16:20,047 : reader : sending to parse_snapshot
2020-05-24 21:16:34,708 : reader : returning snapshot
2020-05-24 21:16:34,708 : reader : yielding snapshot
2020-05-24 21:44:40,424 : reader : sending to parse_snapshot
2020-05-24 21:44:54,851 : reader : returning snapshot
2020-05-24 21:44:54,852 : reader : yielding snapshot
2020-05-24 21:46:03,166 : reader : sending to parse_snapshot
2020-05-24 21:56:08,296 : reader : sending to parse_snapshot
2020-05-24 21:56:27,664 : reader : returning snapshot
2020-05-24 21:56:27,666 : reader : yielding snapshot
2020-05-24 21:56:54,291 : reader : sending to parse_snapshot
2020-05-24 21:57:11,055 : reader : returning snapshot
2020-05-24 21:57:11,055 : reader : yielding snapshot
2020-05-24 21:57:27,182 : reader : sending to parse_snapshot
2020-05-24 21:57:43,334 : reader : returning snapshot
2020-05-24 21:57:43,334 : reader : yielding snapshot
2020-05-24 21:58:01,656 : reader : sending to parse_snapshot
2020-05-24 21:58:17,989 : reader : returning snapshot
2020-05-24 21:58:17,989 : reader : yielding snapshot
2020-05-24 21:58:34,642 : reader : sending to parse_snapshot
2020-05-24 21:58:52,868 : reader : returning snapshot
2020-05-24 21:58:52,869 : reader : yielding snapshot
2020-05-24 21:59:12,853 : reader : sending to parse_snapshot
2020-05-24 21:59:28,348 : reader : returning snapshot
2020-05-24 21:59:28,349 : reader : yielding snapshot
2020-05-24 21:59:50,122 : reader : sending to parse_snapshot
2020-05-24 22:00:08,117 : reader : returning snapshot
2020-05-24 22:00:08,117 : reader : yielding snapshot
2020-05-24 22:00:28,307 : reader : sending to parse_snapshot
2020-05-24 22:01:08,463 : reader : returning snapshot
2020-05-24 22:01:08,464 : reader : yielding snapshot
2020-05-24 22:01:37,167 : reader : sending to parse_snapshot
2020-05-24 22:01:57,299 : reader : returning snapshot
2020-05-24 22:01:57,300 : reader : yielding snapshot
2020-05-24 22:02:14,211 : reader : sending to parse_snapshot
2020-05-24 22:02:31,065 : reader : returning snapshot
2020-05-24 22:02:31,065 : reader : yielding snapshot
2020-05-24 22:23:47,236 : reader : sending to parse_snapshot
2020-05-24 22:23:47,241 : reader : sending to parse_snapshot
2020-05-24 22:23:47,269 : reader : sending to parse_snapshot
2020-05-24 22:24:40,976 : reader : returning snapshot
2020-05-24 22:24:40,977 : reader : yielding snapshot
2020-05-24 22:24:41,113 : reader : returning snapshot
2020-05-24 22:24:41,115 : reader : yielding snapshot
2020-05-24 22:24:43,064 : reader : returning snapshot
2020-05-24 22:24:43,076 : reader : yielding snapshot
2020-05-24 22:25:40,621 : reader : sending to parse_snapshot
2020-05-24 22:25:40,966 : reader : sending to parse_snapshot
2020-05-24 22:25:42,524 : reader : sending to parse_snapshot
2020-05-24 22:26:39,329 : reader : returning snapshot
2020-05-24 22:26:39,329 : reader : yielding snapshot
2020-05-24 22:26:39,811 : reader : returning snapshot
2020-05-24 22:26:39,811 : reader : yielding snapshot
2020-05-24 22:26:43,685 : reader : returning snapshot
2020-05-24 22:26:43,685 : reader : yielding snapshot
2020-05-24 22:27:39,965 : reader : sending to parse_snapshot
2020-05-24 22:27:40,216 : reader : sending to parse_snapshot
2020-05-24 22:27:43,078 : reader : sending to parse_snapshot
2020-05-24 22:28:24,038 : reader : returning snapshot
2020-05-24 22:28:24,044 : reader : yielding snapshot
2020-05-24 22:28:24,304 : reader : returning snapshot
2020-05-24 22:28:24,307 : reader : yielding snapshot
2020-05-24 22:28:28,587 : reader : returning snapshot
2020-05-24 22:28:28,595 : reader : yielding snapshot
2020-05-25 10:33:35,853 : reader : sending to parse_snapshot
2020-05-25 10:33:54,198 : reader : returning snapshot
2020-05-25 10:33:54,198 : reader : yielding snapshot
2020-05-25 10:34:16,553 : reader : sending to parse_snapshot
2020-05-25 10:34:32,449 : reader : returning snapshot
2020-05-25 10:34:32,449 : reader : yielding snapshot
2020-05-25 10:34:46,672 : reader : sending to parse_snapshot
2020-05-25 10:35:01,976 : reader : returning snapshot
2020-05-25 10:35:01,977 : reader : yielding snapshot
2020-05-25 10:35:16,218 : reader : sending to parse_snapshot
2020-05-25 10:35:31,771 : reader : returning snapshot
2020-05-25 10:35:31,771 : reader : yielding snapshot
2020-05-25 10:35:49,262 : reader : sending to parse_snapshot
2020-05-25 10:36:05,812 : reader : returning snapshot
2020-05-25 10:36:05,813 : reader : yielding snapshot
2020-05-25 10:36:22,453 : reader : sending to parse_snapshot
2020-05-25 10:36:39,803 : reader : returning snapshot
2020-05-25 10:36:39,804 : reader : yielding snapshot
2020-05-25 10:36:53,813 : reader : sending to parse_snapshot
2020-05-25 10:37:14,940 : reader : returning snapshot
2020-05-25 10:37:14,940 : reader : yielding snapshot
2020-05-25 10:37:33,876 : reader : sending to parse_snapshot
2020-05-25 10:37:48,518 : reader : returning snapshot
2020-05-25 10:37:48,518 : reader : yielding snapshot
2020-05-25 10:38:17,300 : reader : sending to parse_snapshot
2020-05-25 10:38:40,086 : reader : returning snapshot
2020-05-25 10:38:40,087 : reader : yielding snapshot
2020-05-25 10:38:59,261 : reader : sending to parse_snapshot
2020-05-25 10:39:19,577 : reader : returning snapshot
2020-05-25 10:39:19,577 : reader : yielding snapshot
2020-05-25 11:14:12,696 : reader : sending to parse_snapshot
2020-05-25 11:14:27,814 : reader : returning snapshot
2020-05-25 11:14:27,815 : reader : yielding snapshot
2020-05-25 11:14:43,418 : reader : sending to parse_snapshot
2020-05-25 11:14:57,989 : reader : returning snapshot
2020-05-25 11:14:57,990 : reader : yielding snapshot
2020-05-25 11:15:12,718 : reader : sending to parse_snapshot
2020-05-25 11:15:30,265 : reader : returning snapshot
2020-05-25 11:15:30,265 : reader : yielding snapshot
2020-05-25 11:15:45,941 : reader : sending to parse_snapshot
2020-05-25 11:16:05,243 : reader : returning snapshot
2020-05-25 11:16:05,243 : reader : yielding snapshot
2020-05-25 11:16:20,411 : reader : sending to parse_snapshot
2020-05-25 11:16:45,584 : reader : returning snapshot
2020-05-25 11:16:45,584 : reader : yielding snapshot
2020-05-25 11:17:06,860 : reader : sending to parse_snapshot
2020-05-25 11:17:29,246 : reader : returning snapshot
2020-05-25 11:17:29,256 : reader : yielding snapshot
2020-05-25 11:17:48,289 : reader : sending to parse_snapshot
2020-05-25 11:18:03,212 : reader : returning snapshot
2020-05-25 11:18:03,212 : reader : yielding snapshot
2020-05-25 11:18:17,733 : reader : sending to parse_snapshot
2020-05-25 11:18:32,514 : reader : returning snapshot
2020-05-25 11:18:32,514 : reader : yielding snapshot
2020-05-25 11:18:50,847 : reader : sending to parse_snapshot
2020-05-25 11:19:07,507 : reader : returning snapshot
2020-05-25 11:19:07,520 : reader : yielding snapshot
2020-05-25 11:19:26,111 : reader : sending to parse_snapshot
2020-05-25 11:19:42,757 : reader : returning snapshot
2020-05-25 11:19:42,758 : reader : yielding snapshot
2020-05-25 11:23:56,034 : reader : sending to parse_snapshot
2020-05-25 11:23:56,055 : reader : sending to parse_snapshot
2020-05-25 11:23:56,059 : reader : sending to parse_snapshot
2020-05-25 11:24:43,483 : reader : returning snapshot
2020-05-25 11:24:43,492 : reader : yielding snapshot
2020-05-25 11:24:43,560 : reader : returning snapshot
2020-05-25 11:24:43,560 : reader : yielding snapshot
2020-05-25 11:24:44,251 : reader : returning snapshot
2020-05-25 11:24:44,256 : reader : yielding snapshot
2020-05-25 11:25:28,261 : reader : sending to parse_snapshot
2020-05-25 11:25:28,462 : reader : sending to parse_snapshot
2020-05-25 11:25:29,273 : reader : sending to parse_snapshot
2020-05-25 11:26:13,005 : reader : returning snapshot
2020-05-25 11:26:13,009 : reader : yielding snapshot
2020-05-25 11:26:13,296 : reader : returning snapshot
2020-05-25 11:26:13,296 : reader : yielding snapshot
2020-05-25 11:26:14,827 : reader : returning snapshot
2020-05-25 11:26:14,835 : reader : yielding snapshot
2020-05-25 11:26:55,869 : reader : sending to parse_snapshot
2020-05-25 11:26:56,602 : reader : sending to parse_snapshot
2020-05-25 11:26:58,231 : reader : sending to parse_snapshot
2020-05-25 11:27:40,155 : reader : returning snapshot
2020-05-25 11:27:40,156 : reader : yielding snapshot
2020-05-25 11:27:40,889 : reader : returning snapshot
2020-05-25 11:27:40,896 : reader : yielding snapshot
2020-05-25 11:27:42,859 : reader : returning snapshot
2020-05-25 11:27:42,863 : reader : yielding snapshot
2020-05-25 11:28:24,599 : reader : sending to parse_snapshot
2020-05-25 11:28:25,832 : reader : sending to parse_snapshot
2020-05-25 11:28:27,631 : reader : sending to parse_snapshot
2020-05-25 11:29:09,139 : reader : returning snapshot
2020-05-25 11:29:09,145 : reader : yielding snapshot
2020-05-25 11:29:10,531 : reader : returning snapshot
2020-05-25 11:29:10,535 : reader : yielding snapshot
2020-05-25 11:29:13,079 : reader : returning snapshot
2020-05-25 11:29:13,088 : reader : yielding snapshot
2020-05-25 11:29:52,214 : reader : sending to parse_snapshot
2020-05-25 11:29:54,098 : reader : sending to parse_snapshot
2020-05-25 11:29:56,132 : reader : sending to parse_snapshot
2020-05-25 11:30:36,873 : reader : returning snapshot
2020-05-25 11:30:36,873 : reader : yielding snapshot
2020-05-25 11:30:38,847 : reader : returning snapshot
2020-05-25 11:30:38,854 : reader : yielding snapshot
2020-05-25 11:30:41,492 : reader : returning snapshot
2020-05-25 11:30:41,495 : reader : yielding snapshot
2020-05-25 16:59:02,801 : reader : sending to parse_snapshot
2020-05-25 16:59:02,822 : reader : sending to parse_snapshot
2020-05-25 16:59:02,863 : reader : sending to parse_snapshot
2020-05-25 18:07:40,956 : reader : sending to parse_snapshot
2020-05-25 18:07:59,956 : reader : returning snapshot
2020-05-25 18:07:59,957 : reader : yielding snapshot
2020-05-25 18:08:28,096 : reader : sending to parse_snapshot
2020-05-25 18:08:46,598 : reader : returning snapshot
2020-05-25 18:08:46,598 : reader : yielding snapshot
2020-05-25 18:09:14,012 : reader : sending to parse_snapshot
2020-05-25 18:09:29,919 : reader : returning snapshot
2020-05-25 18:09:29,919 : reader : yielding snapshot
2020-05-25 18:09:59,645 : reader : sending to parse_snapshot
2020-05-25 18:10:15,148 : reader : returning snapshot
2020-05-25 18:10:15,149 : reader : yielding snapshot
2020-05-25 18:10:41,375 : reader : sending to parse_snapshot
2020-05-25 18:10:57,966 : reader : returning snapshot
2020-05-25 18:10:57,966 : reader : yielding snapshot
2020-05-25 18:12:46,156 : reader : sending to parse_snapshot
2020-05-25 18:13:02,190 : reader : returning snapshot
2020-05-25 18:13:02,190 : reader : yielding snapshot
2020-05-25 18:13:27,291 : reader : sending to parse_snapshot
2020-05-25 18:13:42,068 : reader : returning snapshot
2020-05-25 18:13:42,068 : reader : yielding snapshot
2020-05-25 18:14:08,481 : reader : sending to parse_snapshot
2020-05-25 18:14:23,122 : reader : returning snapshot
2020-05-25 18:14:23,123 : reader : yielding snapshot
2020-05-25 18:14:48,076 : reader : sending to parse_snapshot
2020-05-25 18:15:03,994 : reader : returning snapshot
2020-05-25 18:15:03,995 : reader : yielding snapshot
2020-05-25 18:15:28,701 : reader : sending to parse_snapshot
2020-05-25 18:15:43,321 : reader : returning snapshot
2020-05-25 18:15:43,321 : reader : yielding snapshot
2020-05-25 18:22:18,886 : reader : sending to parse_snapshot
2020-05-25 18:22:34,038 : reader : returning snapshot
2020-05-25 18:22:34,039 : reader : yielding snapshot
2020-05-25 18:23:07,718 : reader : sending to parse_snapshot
2020-05-25 18:23:25,316 : reader : returning snapshot
2020-05-25 18:23:25,317 : reader : yielding snapshot
2020-05-25 18:23:53,661 : reader : sending to parse_snapshot
2020-05-25 18:24:11,668 : reader : returning snapshot
2020-05-25 18:24:11,669 : reader : yielding snapshot
2020-05-25 18:24:37,735 : reader : sending to parse_snapshot
2020-05-25 18:24:53,042 : reader : returning snapshot
2020-05-25 18:24:53,043 : reader : yielding snapshot
2020-05-25 18:25:20,921 : reader : sending to parse_snapshot
2020-05-25 18:25:36,924 : reader : returning snapshot
2020-05-25 18:25:36,925 : reader : yielding snapshot
2020-05-26 11:28:36,951 : reader : sending to parse_snapshot
2020-05-26 11:28:51,530 : reader : returning snapshot
2020-05-26 11:28:51,531 : reader : yielding snapshot
2020-05-26 11:29:06,058 : reader : sending to parse_snapshot
2020-05-26 11:29:20,241 : reader : returning snapshot
2020-05-26 11:29:20,241 : reader : yielding snapshot
2020-05-26 11:29:34,622 : reader : sending to parse_snapshot
2020-05-26 11:29:51,285 : reader : returning snapshot
2020-05-26 11:29:51,285 : reader : yielding snapshot
2020-05-26 11:30:12,221 : reader : sending to parse_snapshot
2020-05-26 11:30:28,016 : reader : returning snapshot
2020-05-26 11:30:28,016 : reader : yielding snapshot
2020-05-26 11:30:44,904 : reader : sending to parse_snapshot
2020-05-26 11:31:00,452 : reader : returning snapshot
2020-05-26 11:31:00,452 : reader : yielding snapshot
2020-05-26 11:31:15,648 : reader : sending to parse_snapshot
2020-05-26 11:31:30,274 : reader : returning snapshot
2020-05-26 11:31:30,274 : reader : yielding snapshot
2020-05-26 11:31:45,362 : reader : sending to parse_snapshot
2020-05-26 11:31:58,597 : reader : returning snapshot
2020-05-26 11:31:58,597 : reader : yielding snapshot
2020-05-26 11:32:12,126 : reader : sending to parse_snapshot
2020-05-26 11:32:25,246 : reader : returning snapshot
2020-05-26 11:32:25,246 : reader : yielding snapshot
2020-05-26 11:32:38,419 : reader : sending to parse_snapshot
2020-05-26 11:32:50,956 : reader : returning snapshot
2020-05-26 11:32:50,956 : reader : yielding snapshot
2020-05-26 11:33:04,110 : reader : sending to parse_snapshot
2020-05-26 11:33:17,782 : reader : returning snapshot
2020-05-26 11:33:17,782 : reader : yielding snapshot
2020-05-26 11:33:33,902 : reader : sending to parse_snapshot
2020-05-26 11:33:48,535 : reader : returning snapshot
2020-05-26 11:33:48,536 : reader : yielding snapshot
2020-05-26 11:34:03,384 : reader : sending to parse_snapshot
2020-05-26 11:34:16,043 : reader : returning snapshot
2020-05-26 11:34:16,043 : reader : yielding snapshot
2020-05-26 11:34:29,931 : reader : sending to parse_snapshot
2020-05-26 11:34:43,744 : reader : returning snapshot
2020-05-26 11:34:43,744 : reader : yielding snapshot
2020-05-26 11:34:58,176 : reader : sending to parse_snapshot
2020-05-26 11:35:11,372 : reader : returning snapshot
2020-05-26 11:35:11,372 : reader : yielding snapshot
2020-05-26 11:35:25,350 : reader : sending to parse_snapshot
2020-05-26 11:35:38,403 : reader : returning snapshot
2020-05-26 11:35:38,403 : reader : yielding snapshot
2020-05-26 11:35:52,325 : reader : sending to parse_snapshot
2020-05-26 11:36:05,556 : reader : returning snapshot
2020-05-26 11:36:05,557 : reader : yielding snapshot
2020-05-26 11:36:19,449 : reader : sending to parse_snapshot
2020-05-26 11:36:32,309 : reader : returning snapshot
2020-05-26 11:36:32,309 : reader : yielding snapshot
2020-05-26 11:36:46,175 : reader : sending to parse_snapshot
2020-05-26 11:36:59,819 : reader : returning snapshot
2020-05-26 11:36:59,819 : reader : yielding snapshot
2020-05-26 11:37:13,184 : reader : sending to parse_snapshot
2020-05-26 11:37:25,895 : reader : returning snapshot
2020-05-26 11:37:25,896 : reader : yielding snapshot
2020-05-26 11:37:39,429 : reader : sending to parse_snapshot
2020-05-26 11:37:52,308 : reader : returning snapshot
2020-05-26 11:37:52,308 : reader : yielding snapshot
2020-05-26 11:38:07,374 : reader : sending to parse_snapshot
2020-05-26 11:38:21,124 : reader : returning snapshot
2020-05-26 11:38:21,124 : reader : yielding snapshot
2020-05-26 11:38:37,920 : reader : sending to parse_snapshot
2020-05-26 11:38:53,649 : reader : returning snapshot
2020-05-26 11:38:53,650 : reader : yielding snapshot
2020-05-26 11:39:07,665 : reader : sending to parse_snapshot
2020-05-26 11:39:21,409 : reader : returning snapshot
2020-05-26 11:39:21,409 : reader : yielding snapshot
2020-05-26 11:39:36,036 : reader : sending to parse_snapshot
2020-05-26 11:39:50,107 : reader : returning snapshot
2020-05-26 11:39:50,107 : reader : yielding snapshot
2020-05-26 11:40:03,367 : reader : sending to parse_snapshot
2020-05-26 11:40:16,004 : reader : returning snapshot
2020-05-26 11:40:16,004 : reader : yielding snapshot
2020-05-26 11:40:29,180 : reader : sending to parse_snapshot
2020-05-26 11:40:41,809 : reader : returning snapshot
2020-05-26 11:40:41,809 : reader : yielding snapshot
2020-05-26 11:40:54,860 : reader : sending to parse_snapshot
2020-05-26 11:41:07,510 : reader : returning snapshot
2020-05-26 11:41:07,510 : reader : yielding snapshot
2020-05-26 11:41:20,485 : reader : sending to parse_snapshot
2020-05-26 11:41:32,868 : reader : returning snapshot
2020-05-26 11:41:32,868 : reader : yielding snapshot
2020-05-26 11:41:45,778 : reader : sending to parse_snapshot
2020-05-26 11:41:58,205 : reader : returning snapshot
2020-05-26 11:41:58,206 : reader : yielding snapshot
2020-05-26 11:42:11,368 : reader : sending to parse_snapshot
2020-05-26 11:42:24,011 : reader : returning snapshot
2020-05-26 11:42:24,011 : reader : yielding snapshot
2020-05-26 11:42:37,108 : reader : sending to parse_snapshot
2020-05-26 11:42:49,587 : reader : returning snapshot
2020-05-26 11:42:49,587 : reader : yielding snapshot
2020-05-26 11:43:02,775 : reader : sending to parse_snapshot
2020-05-26 11:43:15,398 : reader : returning snapshot
2020-05-26 11:43:15,398 : reader : yielding snapshot
2020-05-26 11:43:28,381 : reader : sending to parse_snapshot
2020-05-26 11:43:40,732 : reader : returning snapshot
2020-05-26 11:43:40,732 : reader : yielding snapshot
2020-05-26 11:43:53,834 : reader : sending to parse_snapshot
2020-05-26 11:44:08,497 : reader : returning snapshot
2020-05-26 11:44:08,497 : reader : yielding snapshot
2020-05-26 11:44:21,835 : reader : sending to parse_snapshot
2020-05-26 11:44:34,431 : reader : returning snapshot
2020-05-26 11:44:34,431 : reader : yielding snapshot
2020-05-26 11:44:47,475 : reader : sending to parse_snapshot
2020-05-26 11:44:59,979 : reader : returning snapshot
2020-05-26 11:44:59,979 : reader : yielding snapshot
2020-05-26 11:45:13,023 : reader : sending to parse_snapshot
2020-05-26 11:45:25,389 : reader : returning snapshot
2020-05-26 11:45:25,389 : reader : yielding snapshot
2020-05-26 11:45:38,452 : reader : sending to parse_snapshot
2020-05-26 11:45:50,975 : reader : returning snapshot
2020-05-26 11:45:50,975 : reader : yielding snapshot
2020-05-26 11:46:03,951 : reader : sending to parse_snapshot
2020-05-26 11:46:16,347 : reader : returning snapshot
2020-05-26 11:46:16,348 : reader : yielding snapshot
2020-05-26 11:46:29,573 : reader : sending to parse_snapshot
2020-05-26 11:46:43,612 : reader : returning snapshot
2020-05-26 11:46:43,612 : reader : yielding snapshot
2020-05-26 11:46:57,201 : reader : sending to parse_snapshot
2020-05-26 11:47:10,079 : reader : returning snapshot
2020-05-26 11:47:10,079 : reader : yielding snapshot
2020-05-26 11:47:23,329 : reader : sending to parse_snapshot
2020-05-26 11:47:36,174 : reader : returning snapshot
2020-05-26 11:47:36,174 : reader : yielding snapshot
2020-05-26 11:47:52,063 : reader : sending to parse_snapshot
2020-05-26 11:48:05,987 : reader : returning snapshot
2020-05-26 11:48:05,987 : reader : yielding snapshot
2020-05-26 11:48:21,003 : reader : sending to parse_snapshot
2020-05-26 11:48:34,316 : reader : returning snapshot
2020-05-26 11:48:34,316 : reader : yielding snapshot
2020-05-26 11:48:48,525 : reader : sending to parse_snapshot
2020-05-26 11:49:06,817 : reader : returning snapshot
2020-05-26 11:49:06,817 : reader : yielding snapshot
2020-05-26 11:49:20,980 : reader : sending to parse_snapshot
2020-05-26 11:49:33,404 : reader : returning snapshot
2020-05-26 11:49:33,404 : reader : yielding snapshot
2020-05-26 11:49:46,655 : reader : sending to parse_snapshot
2020-05-26 11:49:59,612 : reader : returning snapshot
2020-05-26 11:49:59,612 : reader : yielding snapshot
2020-05-26 11:50:13,205 : reader : sending to parse_snapshot
2020-05-26 11:50:25,942 : reader : returning snapshot
2020-05-26 11:50:25,943 : reader : yielding snapshot
2020-05-26 11:50:40,021 : reader : sending to parse_snapshot
2020-05-26 11:50:52,790 : reader : returning snapshot
2020-05-26 11:50:52,790 : reader : yielding snapshot
2020-05-26 11:51:06,189 : reader : sending to parse_snapshot
2020-05-26 11:51:18,541 : reader : returning snapshot
2020-05-26 11:51:18,541 : reader : yielding snapshot
2020-05-26 11:51:31,967 : reader : sending to parse_snapshot
2020-05-26 11:51:44,385 : reader : returning snapshot
2020-05-26 11:51:44,385 : reader : yielding snapshot
2020-05-26 11:51:58,202 : reader : sending to parse_snapshot
2020-05-26 11:52:10,737 : reader : returning snapshot
2020-05-26 11:52:10,738 : reader : yielding snapshot
2020-05-26 11:52:23,863 : reader : sending to parse_snapshot
2020-05-26 11:52:36,584 : reader : returning snapshot
2020-05-26 11:52:36,584 : reader : yielding snapshot
2020-05-26 11:52:49,820 : reader : sending to parse_snapshot
2020-05-26 11:53:02,882 : reader : returning snapshot
2020-05-26 11:53:02,882 : reader : yielding snapshot
2020-05-26 11:53:16,681 : reader : sending to parse_snapshot
2020-05-26 11:53:29,426 : reader : returning snapshot
2020-05-26 11:53:29,426 : reader : yielding snapshot
2020-05-26 11:53:43,245 : reader : sending to parse_snapshot
2020-05-26 11:53:56,029 : reader : returning snapshot
2020-05-26 11:53:56,029 : reader : yielding snapshot
2020-05-26 11:54:09,546 : reader : sending to parse_snapshot
2020-05-26 11:54:22,804 : reader : returning snapshot
2020-05-26 11:54:22,804 : reader : yielding snapshot
2020-05-26 11:54:36,126 : reader : sending to parse_snapshot
2020-05-26 11:54:49,315 : reader : returning snapshot
2020-05-26 11:54:49,315 : reader : yielding snapshot
2020-05-26 11:55:02,750 : reader : sending to parse_snapshot
2020-05-26 11:55:15,389 : reader : returning snapshot
2020-05-26 11:55:15,389 : reader : yielding snapshot
2020-05-26 11:55:29,186 : reader : sending to parse_snapshot
2020-05-26 11:55:41,975 : reader : returning snapshot
2020-05-26 11:55:41,976 : reader : yielding snapshot
2020-05-26 11:55:54,889 : reader : sending to parse_snapshot
2020-05-26 11:56:07,776 : reader : returning snapshot
2020-05-26 11:56:07,776 : reader : yielding snapshot
2020-05-26 11:56:21,154 : reader : sending to parse_snapshot
2020-05-26 11:56:33,994 : reader : returning snapshot
2020-05-26 11:56:33,994 : reader : yielding snapshot
2020-05-26 11:56:47,994 : reader : sending to parse_snapshot
2020-05-26 11:57:03,799 : reader : returning snapshot
2020-05-26 11:57:03,800 : reader : yielding snapshot
2020-05-26 11:57:17,203 : reader : sending to parse_snapshot
2020-05-26 11:57:29,920 : reader : returning snapshot
2020-05-26 11:57:29,920 : reader : yielding snapshot
2020-05-26 11:57:43,954 : reader : sending to parse_snapshot
2020-05-26 11:57:57,504 : reader : returning snapshot
2020-05-26 11:57:57,505 : reader : yielding snapshot
2020-05-26 11:58:11,505 : reader : sending to parse_snapshot
2020-05-26 11:58:23,821 : reader : returning snapshot
2020-05-26 11:58:23,821 : reader : yielding snapshot
2020-05-26 11:58:36,776 : reader : sending to parse_snapshot
2020-05-26 11:58:49,205 : reader : returning snapshot
2020-05-26 11:58:49,206 : reader : yielding snapshot
2020-05-26 11:59:02,030 : reader : sending to parse_snapshot
2020-05-26 11:59:14,342 : reader : returning snapshot
2020-05-26 11:59:14,342 : reader : yielding snapshot
2020-05-26 11:59:27,544 : reader : sending to parse_snapshot
2020-05-26 11:59:39,731 : reader : returning snapshot
2020-05-26 11:59:39,731 : reader : yielding snapshot
2020-05-26 11:59:52,582 : reader : sending to parse_snapshot
2020-05-26 12:00:04,931 : reader : returning snapshot
2020-05-26 12:00:04,931 : reader : yielding snapshot
2020-05-26 12:00:17,799 : reader : sending to parse_snapshot
2020-05-26 12:00:30,251 : reader : returning snapshot
2020-05-26 12:00:30,251 : reader : yielding snapshot
2020-05-26 12:00:43,088 : reader : sending to parse_snapshot
2020-05-26 12:00:55,407 : reader : returning snapshot
2020-05-26 12:00:55,408 : reader : yielding snapshot
2020-05-26 12:01:08,347 : reader : sending to parse_snapshot
2020-05-26 12:01:20,615 : reader : returning snapshot
2020-05-26 12:01:20,615 : reader : yielding snapshot
2020-05-26 12:01:33,420 : reader : sending to parse_snapshot
2020-05-26 12:01:45,671 : reader : returning snapshot
2020-05-26 12:01:45,671 : reader : yielding snapshot
2020-05-26 12:01:58,547 : reader : sending to parse_snapshot
2020-05-26 12:02:11,630 : reader : returning snapshot
2020-05-26 12:02:11,631 : reader : yielding snapshot
2020-05-26 12:02:27,089 : reader : sending to parse_snapshot
2020-05-26 12:02:41,119 : reader : returning snapshot
2020-05-26 12:02:41,119 : reader : yielding snapshot
2020-05-26 12:02:54,504 : reader : sending to parse_snapshot
2020-05-26 12:03:07,370 : reader : returning snapshot
2020-05-26 12:03:07,370 : reader : yielding snapshot
2020-05-26 12:03:20,742 : reader : sending to parse_snapshot
2020-05-26 12:03:33,352 : reader : returning snapshot
2020-05-26 12:03:33,352 : reader : yielding snapshot
2020-05-26 12:03:46,692 : reader : sending to parse_snapshot
2020-05-26 12:03:59,298 : reader : returning snapshot
2020-05-26 12:03:59,299 : reader : yielding snapshot
2020-05-26 12:04:12,510 : reader : sending to parse_snapshot
2020-05-26 12:04:25,175 : reader : returning snapshot
2020-05-26 12:04:25,175 : reader : yielding snapshot
2020-05-26 12:04:38,980 : reader : sending to parse_snapshot
2020-05-26 12:04:51,780 : reader : returning snapshot
2020-05-26 12:04:51,780 : reader : yielding snapshot
2020-05-26 12:05:05,109 : reader : sending to parse_snapshot
2020-05-26 12:05:17,878 : reader : returning snapshot
2020-05-26 12:05:17,878 : reader : yielding snapshot
2020-05-26 12:05:31,272 : reader : sending to parse_snapshot
2020-05-26 12:05:43,967 : reader : returning snapshot
2020-05-26 12:05:43,967 : reader : yielding snapshot
2020-05-26 12:05:57,140 : reader : sending to parse_snapshot
2020-05-26 12:06:10,509 : reader : returning snapshot
2020-05-26 12:06:10,509 : reader : yielding snapshot
2020-05-26 12:06:23,788 : reader : sending to parse_snapshot
2020-05-26 12:06:36,363 : reader : returning snapshot
2020-05-26 12:06:36,363 : reader : yielding snapshot
2020-05-26 12:06:50,092 : reader : sending to parse_snapshot
2020-05-26 12:07:03,619 : reader : returning snapshot
2020-05-26 12:07:03,619 : reader : yielding snapshot
2020-05-26 12:07:20,179 : reader : sending to parse_snapshot
2020-05-26 12:07:37,406 : reader : returning snapshot
2020-05-26 12:07:37,406 : reader : yielding snapshot
2020-05-26 12:07:51,226 : reader : sending to parse_snapshot
2020-05-26 12:08:03,627 : reader : returning snapshot
2020-05-26 12:08:03,627 : reader : yielding snapshot
2020-05-26 12:08:16,543 : reader : sending to parse_snapshot
2020-05-26 12:08:28,860 : reader : returning snapshot
2020-05-26 12:08:28,860 : reader : yielding snapshot
2020-05-26 12:08:41,932 : reader : sending to parse_snapshot
2020-05-26 12:08:54,277 : reader : returning snapshot
2020-05-26 12:08:54,277 : reader : yielding snapshot
2020-05-26 12:09:07,188 : reader : sending to parse_snapshot
2020-05-26 12:09:19,596 : reader : returning snapshot
2020-05-26 12:09:19,597 : reader : yielding snapshot
2020-05-26 12:09:32,486 : reader : sending to parse_snapshot
2020-05-26 12:09:45,409 : reader : returning snapshot
2020-05-26 12:09:45,409 : reader : yielding snapshot
2020-05-26 12:09:58,340 : reader : sending to parse_snapshot
2020-05-26 12:10:10,726 : reader : returning snapshot
2020-05-26 12:10:10,727 : reader : yielding snapshot
2020-05-26 12:10:23,663 : reader : sending to parse_snapshot
2020-05-26 12:10:36,348 : reader : returning snapshot
2020-05-26 12:10:36,348 : reader : yielding snapshot
2020-05-26 12:10:49,265 : reader : sending to parse_snapshot
2020-05-26 12:11:01,533 : reader : returning snapshot
2020-05-26 12:11:01,533 : reader : yielding snapshot
2020-05-26 12:11:14,546 : reader : sending to parse_snapshot
2020-05-26 12:11:26,906 : reader : returning snapshot
2020-05-26 12:11:26,906 : reader : yielding snapshot
2020-05-26 12:11:40,348 : reader : sending to parse_snapshot
2020-05-26 12:11:52,850 : reader : returning snapshot
2020-05-26 12:11:52,850 : reader : yielding snapshot
2020-05-26 12:12:05,878 : reader : sending to parse_snapshot
2020-05-26 12:12:18,198 : reader : returning snapshot
2020-05-26 12:12:18,198 : reader : yielding snapshot
2020-05-26 12:12:31,151 : reader : sending to parse_snapshot
2020-05-26 12:12:43,492 : reader : returning snapshot
2020-05-26 12:12:43,492 : reader : yielding snapshot
2020-05-26 12:12:56,747 : reader : sending to parse_snapshot
2020-05-26 12:13:09,262 : reader : returning snapshot
2020-05-26 12:13:09,262 : reader : yielding snapshot
2020-05-26 12:13:22,156 : reader : sending to parse_snapshot
2020-05-26 12:13:34,507 : reader : returning snapshot
2020-05-26 12:13:34,508 : reader : yielding snapshot
2020-05-26 12:13:47,413 : reader : sending to parse_snapshot
2020-05-26 12:13:59,882 : reader : returning snapshot
2020-05-26 12:13:59,882 : reader : yielding snapshot
2020-05-26 12:14:12,890 : reader : sending to parse_snapshot
2020-05-26 12:14:25,260 : reader : returning snapshot
2020-05-26 12:14:25,260 : reader : yielding snapshot
2020-05-26 12:14:38,211 : reader : sending to parse_snapshot
2020-05-26 12:14:51,131 : reader : returning snapshot
2020-05-26 12:14:51,131 : reader : yielding snapshot
2020-05-26 12:15:04,181 : reader : sending to parse_snapshot
2020-05-26 12:15:16,510 : reader : returning snapshot
2020-05-26 12:15:16,510 : reader : yielding snapshot
2020-05-26 12:15:29,480 : reader : sending to parse_snapshot
2020-05-26 12:15:41,853 : reader : returning snapshot
2020-05-26 12:15:41,854 : reader : yielding snapshot
2020-05-26 12:15:54,822 : reader : sending to parse_snapshot
2020-05-26 12:16:07,149 : reader : returning snapshot
2020-05-26 12:16:07,149 : reader : yielding snapshot
2020-05-26 12:16:20,045 : reader : sending to parse_snapshot
2020-05-26 12:16:32,368 : reader : returning snapshot
2020-05-26 12:16:32,368 : reader : yielding snapshot
2020-05-26 12:16:45,456 : reader : sending to parse_snapshot
2020-05-26 12:16:57,847 : reader : returning snapshot
2020-05-26 12:16:57,847 : reader : yielding snapshot
2020-05-26 12:17:10,704 : reader : sending to parse_snapshot
2020-05-26 12:17:23,029 : reader : returning snapshot
2020-05-26 12:17:23,030 : reader : yielding snapshot
2020-05-26 12:17:36,846 : reader : sending to parse_snapshot
2020-05-26 12:17:49,805 : reader : returning snapshot
2020-05-26 12:17:49,805 : reader : yielding snapshot
2020-05-26 12:18:03,352 : reader : sending to parse_snapshot
2020-05-26 12:18:15,968 : reader : returning snapshot
2020-05-26 12:18:15,969 : reader : yielding snapshot
2020-05-26 12:18:28,869 : reader : sending to parse_snapshot
2020-05-26 12:18:41,327 : reader : returning snapshot
2020-05-26 12:18:41,328 : reader : yielding snapshot
2020-05-26 12:18:54,225 : reader : sending to parse_snapshot
2020-05-26 12:19:06,611 : reader : returning snapshot
2020-05-26 12:19:06,612 : reader : yielding snapshot
2020-05-26 12:19:19,469 : reader : sending to parse_snapshot
2020-05-26 12:19:31,851 : reader : returning snapshot
2020-05-26 12:19:31,851 : reader : yielding snapshot
2020-05-26 12:19:44,915 : reader : sending to parse_snapshot
2020-05-26 12:19:57,710 : reader : returning snapshot
2020-05-26 12:19:57,710 : reader : yielding snapshot
2020-05-26 12:20:10,756 : reader : sending to parse_snapshot
2020-05-26 12:20:23,031 : reader : returning snapshot
2020-05-26 12:20:23,031 : reader : yielding snapshot
2020-05-26 12:20:35,975 : reader : sending to parse_snapshot
2020-05-26 12:20:48,443 : reader : returning snapshot
2020-05-26 12:20:48,443 : reader : yielding snapshot
2020-05-26 12:21:01,400 : reader : sending to parse_snapshot
2020-05-26 12:21:13,800 : reader : returning snapshot
2020-05-26 12:21:13,800 : reader : yielding snapshot
2020-05-26 12:21:26,701 : reader : sending to parse_snapshot
2020-05-26 12:21:39,059 : reader : returning snapshot
2020-05-26 12:21:39,059 : reader : yielding snapshot
2020-05-26 12:21:51,955 : reader : sending to parse_snapshot
2020-05-26 12:22:04,625 : reader : returning snapshot
2020-05-26 12:22:04,625 : reader : yielding snapshot
2020-05-26 12:22:17,627 : reader : sending to parse_snapshot
2020-05-26 12:22:29,975 : reader : returning snapshot
2020-05-26 12:22:29,975 : reader : yielding snapshot
2020-05-26 12:22:42,931 : reader : sending to parse_snapshot
2020-05-26 12:22:55,263 : reader : returning snapshot
2020-05-26 12:22:55,263 : reader : yielding snapshot
2020-05-26 12:23:08,345 : reader : sending to parse_snapshot
2020-05-26 12:23:20,729 : reader : returning snapshot
2020-05-26 12:23:20,729 : reader : yielding snapshot
2020-05-26 12:23:33,739 : reader : sending to parse_snapshot
2020-05-26 12:23:46,158 : reader : returning snapshot
2020-05-26 12:23:46,158 : reader : yielding snapshot
2020-05-26 12:23:59,016 : reader : sending to parse_snapshot
2020-05-26 12:24:11,389 : reader : returning snapshot
2020-05-26 12:24:11,390 : reader : yielding snapshot
2020-05-26 12:24:24,293 : reader : sending to parse_snapshot
2020-05-26 12:24:36,677 : reader : returning snapshot
2020-05-26 12:24:36,677 : reader : yielding snapshot
2020-05-26 12:24:49,582 : reader : sending to parse_snapshot
2020-05-26 12:25:02,593 : reader : returning snapshot
2020-05-26 12:25:02,593 : reader : yielding snapshot
2020-05-26 12:25:15,686 : reader : sending to parse_snapshot
2020-05-26 12:25:28,039 : reader : returning snapshot
2020-05-26 12:25:28,039 : reader : yielding snapshot
2020-05-26 12:25:40,923 : reader : sending to parse_snapshot
2020-05-26 12:26:00,822 : reader : returning snapshot
2020-05-26 12:26:00,823 : reader : yielding snapshot
2020-05-26 12:26:14,173 : reader : sending to parse_snapshot
2020-05-26 12:26:26,582 : reader : returning snapshot
2020-05-26 12:26:26,582 : reader : yielding snapshot
2020-05-26 12:26:39,626 : reader : sending to parse_snapshot
2020-05-26 12:26:51,992 : reader : returning snapshot
2020-05-26 12:26:51,993 : reader : yielding snapshot
2020-05-26 12:27:04,970 : reader : sending to parse_snapshot
2020-05-26 12:27:17,360 : reader : returning snapshot
2020-05-26 12:27:17,360 : reader : yielding snapshot
2020-05-26 12:27:31,056 : reader : sending to parse_snapshot
2020-05-26 12:27:43,386 : reader : returning snapshot
2020-05-26 12:27:43,386 : reader : yielding snapshot
2020-05-26 12:27:56,328 : reader : sending to parse_snapshot
2020-05-26 12:28:08,716 : reader : returning snapshot
2020-05-26 12:28:08,716 : reader : yielding snapshot
2020-05-26 12:28:21,618 : reader : sending to parse_snapshot
2020-05-26 12:28:34,030 : reader : returning snapshot
2020-05-26 12:28:34,031 : reader : yielding snapshot
2020-05-26 12:28:46,982 : reader : sending to parse_snapshot
2020-05-26 12:28:59,289 : reader : returning snapshot
2020-05-26 12:28:59,289 : reader : yielding snapshot
2020-05-26 12:29:12,242 : reader : sending to parse_snapshot
2020-05-26 12:29:24,680 : reader : returning snapshot
2020-05-26 12:29:24,680 : reader : yielding snapshot
2020-05-26 12:29:37,752 : reader : sending to parse_snapshot
2020-05-26 12:29:50,166 : reader : returning snapshot
2020-05-26 12:29:50,166 : reader : yielding snapshot
2020-05-26 12:30:03,673 : reader : sending to parse_snapshot
2020-05-26 12:30:16,134 : reader : returning snapshot
2020-05-26 12:30:16,134 : reader : yielding snapshot
2020-05-26 12:30:29,042 : reader : sending to parse_snapshot
2020-05-26 12:30:41,637 : reader : returning snapshot
2020-05-26 12:30:41,637 : reader : yielding snapshot
2020-05-26 12:30:54,555 : reader : sending to parse_snapshot
2020-05-26 12:31:06,885 : reader : returning snapshot
2020-05-26 12:31:06,885 : reader : yielding snapshot
2020-05-26 12:31:19,776 : reader : sending to parse_snapshot
2020-05-26 12:31:38,726 : reader : returning snapshot
2020-05-26 12:31:38,726 : reader : yielding snapshot
2020-05-26 12:31:52,812 : reader : sending to parse_snapshot
2020-05-26 12:32:05,362 : reader : returning snapshot
2020-05-26 12:32:05,362 : reader : yielding snapshot
2020-05-26 12:43:18,065 : reader : sending to parse_snapshot
2020-05-26 12:43:31,909 : reader : returning snapshot
2020-05-26 12:43:31,909 : reader : yielding snapshot
2020-05-26 12:43:56,314 : reader : sending to parse_snapshot
2020-05-26 12:44:10,440 : reader : returning snapshot
2020-05-26 12:44:10,440 : reader : yielding snapshot
2020-05-26 12:44:34,626 : reader : sending to parse_snapshot
2020-05-26 12:44:48,397 : reader : returning snapshot
2020-05-26 12:44:48,397 : reader : yielding snapshot
2020-05-26 12:45:12,664 : reader : sending to parse_snapshot
2020-05-26 12:45:26,916 : reader : returning snapshot
2020-05-26 12:45:26,916 : reader : yielding snapshot
2020-05-26 12:45:51,210 : reader : sending to parse_snapshot
2020-05-26 12:46:05,332 : reader : returning snapshot
2020-05-26 12:46:05,332 : reader : yielding snapshot
2020-05-26 13:24:04,696 : reader : sending to parse_snapshot
