2020-05-19 11:37:00,493 : protocol : initiated protocol snapshot
2020-05-19 12:40:44,268 : protocol : initiated protocol snapshot
2020-05-19 12:47:42,522 : protocol : initiated protocol snapshot
2020-05-19 12:51:06,309 : protocol : initiated protocol snapshot
2020-05-19 12:51:06,384 : protocol : sending to init_protocol_snapshot
2020-05-19 13:17:59,177 : protocol : initiated protocol snapshot
2020-05-19 13:17:59,187 : protocol : sending to init_protocol_snapshot
2020-05-19 13:17:59,189 : protocol : 
2020-05-19 13:17:59,189 : protocol : returning partial snapshot
2020-05-19 13:19:11,790 : protocol : initiated protocol snapshot
2020-05-19 13:19:11,801 : protocol : sending to init_protocol_snapshot
2020-05-19 13:19:11,802 : protocol : error
2020-05-19 13:19:11,802 : protocol : 
2020-05-19 13:19:11,802 : protocol : returning partial snapshot
2020-05-19 13:21:50,202 : protocol : assigning width
2020-05-19 13:21:50,202 : protocol : assigning height
2020-05-19 13:21:50,203 : protocol : assigning data
2020-05-19 13:21:50,204 : protocol : assigned
2020-05-19 13:21:50,204 : protocol : initiated protocol snapshot
2020-05-19 13:21:50,214 : protocol : sending to init_protocol_snapshot
2020-05-19 13:21:50,216 : protocol : assigning width
2020-05-19 13:21:50,216 : protocol : assigning height
2020-05-19 13:21:50,216 : protocol : assigning data
2020-05-19 13:21:50,216 : protocol : error
2020-05-19 13:21:50,217 : protocol : 
2020-05-19 13:21:50,217 : protocol : returning partial snapshot
2020-05-19 15:11:30,356 : protocol : assigning width
2020-05-19 15:11:30,357 : protocol : assigning height
2020-05-19 15:11:30,357 : protocol : assigning data
2020-05-19 15:11:30,358 : protocol : assigned
2020-05-19 15:11:30,358 : protocol : initiated protocol snapshot
2020-05-19 15:11:30,369 : protocol : sending to init_protocol_snapshot
2020-05-19 15:11:30,371 : protocol : assigning width
2020-05-19 15:11:30,372 : protocol : assigning height
2020-05-19 15:11:30,372 : protocol : assigning data
2020-05-19 15:11:30,372 : protocol : error
2020-05-19 15:11:30,372 : protocol : 
2020-05-19 15:11:30,372 : protocol : returning partial snapshot
2020-05-19 15:13:34,950 : protocol : assigning width
2020-05-19 15:13:34,951 : protocol : assigning height
2020-05-19 15:13:34,951 : protocol : assigning data
2020-05-19 15:13:34,952 : protocol : assigned
2020-05-19 15:13:34,953 : protocol : initiated protocol snapshot
2020-05-19 15:13:34,963 : protocol : sending to init_protocol_snapshot
2020-05-19 15:13:34,965 : protocol : assigning width
2020-05-19 15:13:34,965 : protocol : assigning height
2020-05-19 15:13:34,966 : protocol : assigning data
2020-05-19 15:13:34,966 : protocol : error
2020-05-19 15:13:34,966 : protocol : 
2020-05-19 15:13:34,966 : protocol : returning partial snapshot
2020-05-19 15:14:19,925 : protocol : assigning width
2020-05-19 15:14:19,925 : protocol : assigning height
2020-05-19 15:14:19,925 : protocol : assigning data
2020-05-19 15:14:19,926 : protocol : assigned
2020-05-19 15:14:19,927 : protocol : initiated protocol snapshot
2020-05-19 15:14:19,938 : protocol : sending to init_protocol_snapshot
2020-05-19 15:14:19,939 : protocol : assigning width
2020-05-19 15:14:19,939 : protocol : assigning height
2020-05-19 15:14:19,939 : protocol : assigning data
2020-05-19 15:14:19,940 : protocol : error
2020-05-19 15:14:19,940 : protocol : 
2020-05-19 15:14:19,940 : protocol : returning partial snapshot
2020-05-19 16:14:07,973 : protocol : assigning width
2020-05-19 16:14:07,974 : protocol : assigning height
2020-05-19 16:14:07,974 : protocol : assigning data
2020-05-19 16:14:07,976 : protocol : assigned
2020-05-19 16:14:07,976 : protocol : initiated protocol snapshot
2020-05-19 16:14:07,987 : protocol : sending to init_protocol_snapshot
2020-05-19 16:14:07,988 : protocol : assigning width
2020-05-19 16:14:07,988 : protocol : assigning height
2020-05-19 16:14:07,988 : protocol : assigning data
2020-05-19 16:14:07,989 : protocol : assigned
2020-05-19 16:14:07,989 : protocol : initiated protocol snapshot
2020-05-19 16:14:07,989 : protocol : returning partial snapshot
2020-05-19 16:14:23,706 : protocol : assigning width
2020-05-19 16:14:23,706 : protocol : assigning height
2020-05-19 16:14:23,706 : protocol : assigning data
2020-05-19 16:14:23,707 : protocol : assigned
2020-05-19 16:14:23,708 : protocol : initiated protocol snapshot
2020-05-19 16:14:23,717 : protocol : sending to init_protocol_snapshot
2020-05-19 16:14:23,720 : protocol : assigning width
2020-05-19 16:14:23,720 : protocol : assigning height
2020-05-19 16:14:23,720 : protocol : assigning data
2020-05-19 16:14:23,721 : protocol : assigned
2020-05-19 16:14:23,721 : protocol : initiated protocol snapshot
2020-05-19 16:14:23,721 : protocol : returning partial snapshot
2020-05-19 16:14:43,810 : protocol : assigning width
2020-05-19 16:14:43,810 : protocol : assigning height
2020-05-19 16:14:43,810 : protocol : assigning data
2020-05-19 16:14:43,811 : protocol : assigned
2020-05-19 16:14:43,812 : protocol : initiated protocol snapshot
2020-05-19 16:14:43,821 : protocol : sending to init_protocol_snapshot
2020-05-19 16:14:43,822 : protocol : assigning width
2020-05-19 16:14:43,822 : protocol : assigning height
2020-05-19 16:14:43,822 : protocol : assigning data
2020-05-19 16:14:43,823 : protocol : assigned
2020-05-19 16:14:43,824 : protocol : initiated protocol snapshot
2020-05-19 16:14:43,824 : protocol : returning partial snapshot
2020-05-19 16:15:01,213 : protocol : assigning width
2020-05-19 16:15:01,213 : protocol : assigning height
2020-05-19 16:15:01,214 : protocol : assigning data
2020-05-19 16:15:01,215 : protocol : assigned
2020-05-19 16:15:01,216 : protocol : initiated protocol snapshot
2020-05-19 16:15:01,234 : protocol : sending to init_protocol_snapshot
2020-05-19 16:15:01,235 : protocol : assigning width
2020-05-19 16:15:01,235 : protocol : assigning height
2020-05-19 16:15:01,235 : protocol : assigning data
2020-05-19 16:15:01,245 : protocol : assigned
2020-05-19 16:15:01,246 : protocol : initiated protocol snapshot
2020-05-19 16:15:01,246 : protocol : returning partial snapshot
2020-05-19 16:15:16,993 : protocol : assigning width
2020-05-19 16:15:16,994 : protocol : assigning height
2020-05-19 16:15:16,994 : protocol : assigning data
2020-05-19 16:15:16,995 : protocol : assigned
2020-05-19 16:15:16,996 : protocol : initiated protocol snapshot
2020-05-19 16:15:17,007 : protocol : sending to init_protocol_snapshot
2020-05-19 16:15:17,009 : protocol : assigning width
2020-05-19 16:15:17,009 : protocol : assigning height
2020-05-19 16:15:17,009 : protocol : assigning data
2020-05-19 16:15:17,010 : protocol : assigned
2020-05-19 16:15:17,010 : protocol : initiated protocol snapshot
2020-05-19 16:15:17,010 : protocol : returning partial snapshot
2020-05-19 16:25:27,376 : protocol : assigning width
2020-05-19 16:25:27,377 : protocol : assigning height
2020-05-19 16:25:27,377 : protocol : assigning data
2020-05-19 16:25:27,380 : protocol : assigned
2020-05-19 16:25:27,381 : protocol : initiated protocol snapshot
2020-05-19 16:25:39,265 : protocol : sending to init_protocol_snapshot
2020-05-19 16:25:39,266 : protocol : assigning width
2020-05-19 16:25:39,267 : protocol : assigning height
2020-05-19 16:25:39,267 : protocol : assigning data
2020-05-19 16:25:39,269 : protocol : assigned
2020-05-19 16:25:39,270 : protocol : initiated protocol snapshot
2020-05-19 16:25:39,270 : protocol : returning partial snapshot
2020-05-19 16:26:12,587 : protocol : assigning width
2020-05-19 16:26:12,592 : protocol : assigning height
2020-05-19 16:26:12,592 : protocol : assigning data
2020-05-19 16:26:12,594 : protocol : assigned
2020-05-19 16:26:12,594 : protocol : initiated protocol snapshot
2020-05-19 16:26:30,008 : protocol : sending to init_protocol_snapshot
2020-05-19 16:26:30,010 : protocol : assigning width
2020-05-19 16:26:30,010 : protocol : assigning height
2020-05-19 16:26:30,010 : protocol : assigning data
2020-05-19 16:26:30,011 : protocol : assigned
2020-05-19 16:26:30,012 : protocol : initiated protocol snapshot
2020-05-19 16:26:30,012 : protocol : returning partial snapshot
2020-05-19 16:27:06,117 : protocol : assigning width
2020-05-19 16:27:06,117 : protocol : assigning height
2020-05-19 16:27:06,117 : protocol : assigning data
2020-05-19 16:27:06,118 : protocol : assigned
2020-05-19 16:27:06,119 : protocol : initiated protocol snapshot
2020-05-19 16:27:28,551 : protocol : sending to init_protocol_snapshot
2020-05-19 16:27:28,552 : protocol : assigning width
2020-05-19 16:27:28,552 : protocol : assigning height
2020-05-19 16:27:28,554 : protocol : assigning data
2020-05-19 16:27:28,555 : protocol : assigned
2020-05-19 16:27:28,556 : protocol : initiated protocol snapshot
2020-05-19 16:27:28,556 : protocol : returning partial snapshot
2020-05-19 16:27:51,860 : protocol : assigning width
2020-05-19 16:27:51,861 : protocol : assigning height
2020-05-19 16:27:51,861 : protocol : assigning data
2020-05-19 16:27:51,862 : protocol : assigned
2020-05-19 16:27:51,863 : protocol : initiated protocol snapshot
2020-05-19 16:28:05,289 : protocol : sending to init_protocol_snapshot
2020-05-19 16:28:05,290 : protocol : assigning width
2020-05-19 16:28:05,290 : protocol : assigning height
2020-05-19 16:28:05,291 : protocol : assigning data
2020-05-19 16:28:05,292 : protocol : assigned
2020-05-19 16:28:05,292 : protocol : initiated protocol snapshot
2020-05-19 16:28:05,292 : protocol : returning partial snapshot
2020-05-19 16:28:26,463 : protocol : assigning width
2020-05-19 16:28:26,463 : protocol : assigning height
2020-05-19 16:28:26,464 : protocol : assigning data
2020-05-19 16:28:26,464 : protocol : assigned
2020-05-19 16:28:26,465 : protocol : initiated protocol snapshot
2020-05-19 16:28:39,512 : protocol : sending to init_protocol_snapshot
2020-05-19 16:28:39,514 : protocol : assigning width
2020-05-19 16:28:39,514 : protocol : assigning height
2020-05-19 16:28:39,514 : protocol : assigning data
2020-05-19 16:28:39,515 : protocol : assigned
2020-05-19 16:28:39,516 : protocol : initiated protocol snapshot
2020-05-19 16:28:39,516 : protocol : returning partial snapshot
2020-05-19 16:29:58,279 : protocol : assigning width
2020-05-19 16:29:58,279 : protocol : assigning height
2020-05-19 16:29:58,280 : protocol : assigning data
2020-05-19 16:29:58,281 : protocol : assigned
2020-05-19 16:29:58,282 : protocol : initiated protocol snapshot
2020-05-19 16:30:10,665 : protocol : sending to init_protocol_snapshot
2020-05-19 16:30:10,667 : protocol : assigning width
2020-05-19 16:30:10,667 : protocol : assigning height
2020-05-19 16:30:10,667 : protocol : assigning data
2020-05-19 16:30:10,668 : protocol : assigned
2020-05-19 16:30:10,669 : protocol : initiated protocol snapshot
2020-05-19 16:30:10,669 : protocol : returning partial snapshot
2020-05-19 16:30:30,469 : protocol : assigning width
2020-05-19 16:30:30,469 : protocol : assigning height
2020-05-19 16:30:30,470 : protocol : assigning data
2020-05-19 16:30:30,471 : protocol : assigned
2020-05-19 16:30:30,471 : protocol : initiated protocol snapshot
2020-05-19 16:30:41,537 : protocol : sending to init_protocol_snapshot
2020-05-19 16:30:41,539 : protocol : assigning width
2020-05-19 16:30:41,539 : protocol : assigning height
2020-05-19 16:30:41,539 : protocol : assigning data
2020-05-19 16:30:41,541 : protocol : assigned
2020-05-19 16:30:41,542 : protocol : initiated protocol snapshot
2020-05-19 16:30:41,542 : protocol : returning partial snapshot
2020-05-19 16:31:00,081 : protocol : assigning width
2020-05-19 16:31:00,081 : protocol : assigning height
2020-05-19 16:31:00,081 : protocol : assigning data
2020-05-19 16:31:00,082 : protocol : assigned
2020-05-19 16:31:00,083 : protocol : initiated protocol snapshot
2020-05-19 16:31:12,659 : protocol : sending to init_protocol_snapshot
2020-05-19 16:31:12,660 : protocol : assigning width
2020-05-19 16:31:12,660 : protocol : assigning height
2020-05-19 16:31:12,661 : protocol : assigning data
2020-05-19 16:31:12,662 : protocol : assigned
2020-05-19 16:31:12,662 : protocol : initiated protocol snapshot
2020-05-19 16:31:12,663 : protocol : returning partial snapshot
2020-05-19 16:31:32,010 : protocol : assigning width
2020-05-19 16:31:32,010 : protocol : assigning height
2020-05-19 16:31:32,010 : protocol : assigning data
2020-05-19 16:31:32,012 : protocol : assigned
2020-05-19 16:31:32,012 : protocol : initiated protocol snapshot
2020-05-19 16:31:43,125 : protocol : sending to init_protocol_snapshot
2020-05-19 16:31:43,128 : protocol : assigning width
2020-05-19 16:31:43,128 : protocol : assigning height
2020-05-19 16:31:43,128 : protocol : assigning data
2020-05-19 16:31:43,129 : protocol : assigned
2020-05-19 16:31:43,129 : protocol : initiated protocol snapshot
2020-05-19 16:31:43,130 : protocol : returning partial snapshot
2020-05-19 16:32:01,708 : protocol : assigning width
2020-05-19 16:32:01,708 : protocol : assigning height
2020-05-19 16:32:01,708 : protocol : assigning data
2020-05-19 16:32:01,709 : protocol : assigned
2020-05-19 16:32:01,710 : protocol : initiated protocol snapshot
2020-05-19 16:32:14,501 : protocol : sending to init_protocol_snapshot
2020-05-19 16:32:14,503 : protocol : assigning width
2020-05-19 16:32:14,504 : protocol : assigning height
2020-05-19 16:32:14,504 : protocol : assigning data
2020-05-19 16:32:14,505 : protocol : assigned
2020-05-19 16:32:14,506 : protocol : initiated protocol snapshot
2020-05-19 16:32:14,506 : protocol : returning partial snapshot
2020-05-19 21:42:49,221 : protocol : assigning width
2020-05-19 21:42:49,221 : protocol : assigning height
2020-05-19 21:42:49,221 : protocol : assigning data
2020-05-19 21:42:49,222 : protocol : assigned
2020-05-19 21:42:49,223 : protocol : initiated protocol snapshot
2020-05-19 21:43:00,768 : protocol : sending to init_protocol_snapshot
2020-05-19 21:43:00,769 : protocol : assigning width
2020-05-19 21:43:00,769 : protocol : assigning height
2020-05-19 21:43:00,770 : protocol : assigning data
2020-05-19 21:43:00,771 : protocol : assigned
2020-05-19 21:43:00,771 : protocol : initiated protocol snapshot
2020-05-19 21:43:00,771 : protocol : returning partial snapshot
2020-05-19 21:44:37,358 : protocol : assigning width
2020-05-19 21:44:37,359 : protocol : assigning height
2020-05-19 21:44:37,359 : protocol : assigning data
2020-05-19 21:44:37,360 : protocol : assigned
2020-05-19 21:44:37,361 : protocol : initiated protocol snapshot
2020-05-19 21:44:50,804 : protocol : sending to init_protocol_snapshot
2020-05-19 21:44:50,806 : protocol : assigning width
2020-05-19 21:44:50,807 : protocol : assigning height
2020-05-19 21:44:50,807 : protocol : assigning data
2020-05-19 21:44:50,808 : protocol : assigned
2020-05-19 21:44:50,808 : protocol : initiated protocol snapshot
2020-05-19 21:44:50,809 : protocol : returning partial snapshot
2020-05-19 21:51:55,154 : protocol : assigning width
2020-05-19 21:51:55,156 : protocol : assigning height
2020-05-19 21:51:55,156 : protocol : assigning data
2020-05-19 21:51:55,157 : protocol : assigned
2020-05-19 21:51:55,158 : protocol : initiated protocol snapshot
2020-05-19 21:52:09,282 : protocol : sending to init_protocol_snapshot
2020-05-19 21:52:09,283 : protocol : assigning width
2020-05-19 21:52:09,283 : protocol : assigning height
2020-05-19 21:52:09,284 : protocol : assigning data
2020-05-19 21:52:09,285 : protocol : assigned
2020-05-19 21:52:09,285 : protocol : initiated protocol snapshot
2020-05-19 21:52:09,285 : protocol : returning partial snapshot
2020-05-20 13:05:06,006 : protocol : assigning width
2020-05-20 13:05:06,006 : protocol : assigning height
2020-05-20 13:05:06,007 : protocol : assigning data
2020-05-20 13:05:06,008 : protocol : assigned
2020-05-20 13:05:06,008 : protocol : initiated protocol snapshot
2020-05-20 13:05:22,103 : protocol : sending to init_protocol_snapshot
2020-05-20 13:05:22,105 : protocol : assigning width
2020-05-20 13:05:22,106 : protocol : assigning height
2020-05-20 13:05:22,106 : protocol : assigning data
2020-05-20 13:05:22,107 : protocol : assigned
2020-05-20 13:05:22,108 : protocol : initiated protocol snapshot
2020-05-20 13:05:22,108 : protocol : returning partial snapshot
2020-05-20 13:13:43,015 : protocol : assigning width
2020-05-20 13:13:43,015 : protocol : assigning height
2020-05-20 13:13:43,016 : protocol : assigning data
2020-05-20 13:13:43,017 : protocol : assigned
2020-05-20 13:13:43,018 : protocol : initiated protocol snapshot
2020-05-20 13:13:57,524 : protocol : sending to init_protocol_snapshot
2020-05-20 13:13:57,526 : protocol : assigning width
2020-05-20 13:13:57,526 : protocol : assigning height
2020-05-20 13:13:57,527 : protocol : assigning data
2020-05-20 13:13:57,527 : protocol : assigned
2020-05-20 13:13:57,528 : protocol : initiated protocol snapshot
2020-05-20 13:13:57,529 : protocol : returning partial snapshot
2020-05-20 13:18:24,879 : protocol : assigning width
2020-05-20 13:18:24,880 : protocol : assigning height
2020-05-20 13:18:24,880 : protocol : assigning data
2020-05-20 13:18:24,882 : protocol : assigned
2020-05-20 13:18:24,883 : protocol : initiated protocol snapshot
2020-05-20 13:18:37,217 : protocol : sending to init_protocol_snapshot
2020-05-20 13:18:37,219 : protocol : assigning width
2020-05-20 13:18:37,219 : protocol : assigning height
2020-05-20 13:18:37,220 : protocol : assigning data
2020-05-20 13:18:37,221 : protocol : assigned
2020-05-20 13:18:37,222 : protocol : initiated protocol snapshot
2020-05-20 13:18:37,222 : protocol : returning partial snapshot
2020-05-20 13:23:42,951 : protocol : assigning width
2020-05-20 13:23:42,952 : protocol : assigning height
2020-05-20 13:23:42,952 : protocol : assigning data
2020-05-20 13:23:42,953 : protocol : assigned
2020-05-20 13:23:42,954 : protocol : initiated protocol snapshot
2020-05-20 13:23:59,971 : protocol : sending to init_protocol_snapshot
2020-05-20 13:23:59,974 : protocol : assigning width
2020-05-20 13:23:59,974 : protocol : assigning height
2020-05-20 13:23:59,974 : protocol : assigning data
2020-05-20 13:23:59,975 : protocol : assigned
2020-05-20 13:23:59,976 : protocol : initiated protocol snapshot
2020-05-20 13:23:59,978 : protocol : returning partial snapshot
2020-05-20 13:36:26,332 : protocol : assigning width
2020-05-20 13:36:26,333 : protocol : assigning height
2020-05-20 13:36:26,333 : protocol : assigning data
2020-05-20 13:36:26,334 : protocol : assigned
2020-05-20 13:36:26,334 : protocol : initiated protocol snapshot
2020-05-20 13:36:37,696 : protocol : sending to init_protocol_snapshot
2020-05-20 13:36:37,703 : protocol : assigning width
2020-05-20 13:36:37,703 : protocol : assigning height
2020-05-20 13:36:37,704 : protocol : assigning data
2020-05-20 13:36:37,706 : protocol : assigned
2020-05-20 13:36:37,706 : protocol : initiated protocol snapshot
2020-05-20 13:36:37,706 : protocol : returning partial snapshot
2020-05-20 17:46:31,364 : protocol : assigning width
2020-05-20 17:46:31,364 : protocol : assigning height
2020-05-20 17:46:31,365 : protocol : assigning data
2020-05-20 17:46:31,366 : protocol : assigned
2020-05-20 17:46:31,367 : protocol : initiated protocol snapshot
2020-05-20 17:46:42,723 : protocol : sending to init_protocol_snapshot
2020-05-20 17:46:42,724 : protocol : assigning width
2020-05-20 17:46:42,725 : protocol : assigning height
2020-05-20 17:46:42,725 : protocol : assigning data
2020-05-20 17:46:42,726 : protocol : assigned
2020-05-20 17:46:42,726 : protocol : initiated protocol snapshot
2020-05-20 17:46:42,726 : protocol : returning partial snapshot
2020-05-20 17:47:09,844 : protocol : assigning width
2020-05-20 17:47:09,844 : protocol : assigning height
2020-05-20 17:47:09,844 : protocol : assigning data
2020-05-20 17:47:09,846 : protocol : assigned
2020-05-20 17:47:09,846 : protocol : initiated protocol snapshot
2020-05-20 17:47:22,705 : protocol : sending to init_protocol_snapshot
2020-05-20 17:47:22,707 : protocol : assigning width
2020-05-20 17:47:22,707 : protocol : assigning height
2020-05-20 17:47:22,707 : protocol : assigning data
2020-05-20 17:47:22,708 : protocol : assigned
2020-05-20 17:47:22,708 : protocol : initiated protocol snapshot
2020-05-20 17:47:22,709 : protocol : returning partial snapshot
2020-05-20 17:47:51,305 : protocol : assigning width
2020-05-20 17:47:51,305 : protocol : assigning height
2020-05-20 17:47:51,306 : protocol : assigning data
2020-05-20 17:47:51,307 : protocol : assigned
2020-05-20 17:47:51,308 : protocol : initiated protocol snapshot
2020-05-20 17:48:02,786 : protocol : sending to init_protocol_snapshot
2020-05-20 17:48:02,788 : protocol : assigning width
2020-05-20 17:48:02,788 : protocol : assigning height
2020-05-20 17:48:02,788 : protocol : assigning data
2020-05-20 17:48:02,789 : protocol : assigned
2020-05-20 17:48:02,789 : protocol : initiated protocol snapshot
2020-05-20 17:48:02,789 : protocol : returning partial snapshot
2020-05-20 17:48:39,956 : protocol : assigning width
2020-05-20 17:48:39,957 : protocol : assigning height
2020-05-20 17:48:39,957 : protocol : assigning data
2020-05-20 17:48:39,959 : protocol : assigned
2020-05-20 17:48:39,959 : protocol : initiated protocol snapshot
2020-05-20 17:48:51,279 : protocol : sending to init_protocol_snapshot
2020-05-20 17:48:51,280 : protocol : assigning width
2020-05-20 17:48:51,280 : protocol : assigning height
2020-05-20 17:48:51,280 : protocol : assigning data
2020-05-20 17:48:51,282 : protocol : assigned
2020-05-20 17:48:51,282 : protocol : initiated protocol snapshot
2020-05-20 17:48:51,282 : protocol : returning partial snapshot
2020-05-20 17:49:21,545 : protocol : assigning width
2020-05-20 17:49:21,550 : protocol : assigning height
2020-05-20 17:49:21,551 : protocol : assigning data
2020-05-20 17:49:21,552 : protocol : assigned
2020-05-20 17:49:21,552 : protocol : initiated protocol snapshot
2020-05-20 17:49:32,993 : protocol : sending to init_protocol_snapshot
2020-05-20 17:49:32,994 : protocol : assigning width
2020-05-20 17:49:32,995 : protocol : assigning height
2020-05-20 17:49:32,995 : protocol : assigning data
2020-05-20 17:49:32,996 : protocol : assigned
2020-05-20 17:49:32,996 : protocol : initiated protocol snapshot
2020-05-20 17:49:32,996 : protocol : returning partial snapshot
2020-05-20 18:37:22,679 : protocol : assigning width
2020-05-20 18:37:22,680 : protocol : assigning height
2020-05-20 18:37:22,680 : protocol : assigning data
2020-05-20 18:37:22,681 : protocol : assigned
2020-05-20 18:37:22,681 : protocol : initiated protocol snapshot
2020-05-20 18:37:34,721 : protocol : sending to init_protocol_snapshot
2020-05-20 18:37:34,723 : protocol : assigning width
2020-05-20 18:37:34,723 : protocol : assigning height
2020-05-20 18:37:34,723 : protocol : assigning data
2020-05-20 18:37:34,724 : protocol : assigned
2020-05-20 18:37:34,725 : protocol : initiated protocol snapshot
2020-05-20 18:37:34,725 : protocol : returning partial snapshot
2020-05-20 18:38:04,026 : protocol : assigning width
2020-05-20 18:38:04,026 : protocol : assigning height
2020-05-20 18:38:04,027 : protocol : assigning data
2020-05-20 18:38:04,028 : protocol : assigned
2020-05-20 18:38:04,029 : protocol : initiated protocol snapshot
2020-05-20 18:38:16,754 : protocol : sending to init_protocol_snapshot
2020-05-20 18:38:16,758 : protocol : assigning width
2020-05-20 18:38:16,759 : protocol : assigning height
2020-05-20 18:38:16,759 : protocol : assigning data
2020-05-20 18:38:16,761 : protocol : assigned
2020-05-20 18:38:16,761 : protocol : initiated protocol snapshot
2020-05-20 18:38:16,761 : protocol : returning partial snapshot
2020-05-20 18:38:43,595 : protocol : assigning width
2020-05-20 18:38:43,596 : protocol : assigning height
2020-05-20 18:38:43,596 : protocol : assigning data
2020-05-20 18:38:43,597 : protocol : assigned
2020-05-20 18:38:43,598 : protocol : initiated protocol snapshot
2020-05-20 18:38:55,003 : protocol : sending to init_protocol_snapshot
2020-05-20 18:38:55,004 : protocol : assigning width
2020-05-20 18:38:55,004 : protocol : assigning height
2020-05-20 18:38:55,004 : protocol : assigning data
2020-05-20 18:38:55,005 : protocol : assigned
2020-05-20 18:38:55,006 : protocol : initiated protocol snapshot
2020-05-20 18:38:55,007 : protocol : returning partial snapshot
2020-05-20 18:39:23,002 : protocol : assigning width
2020-05-20 18:39:23,002 : protocol : assigning height
2020-05-20 18:39:23,002 : protocol : assigning data
2020-05-20 18:39:23,003 : protocol : assigned
2020-05-20 18:39:23,004 : protocol : initiated protocol snapshot
2020-05-20 18:39:34,443 : protocol : sending to init_protocol_snapshot
2020-05-20 18:39:34,445 : protocol : assigning width
2020-05-20 18:39:34,446 : protocol : assigning height
2020-05-20 18:39:34,446 : protocol : assigning data
2020-05-20 18:39:34,448 : protocol : assigned
2020-05-20 18:39:34,448 : protocol : initiated protocol snapshot
2020-05-20 18:39:34,449 : protocol : returning partial snapshot
2020-05-20 18:40:01,415 : protocol : assigning width
2020-05-20 18:40:01,415 : protocol : assigning height
2020-05-20 18:40:01,415 : protocol : assigning data
2020-05-20 18:40:01,416 : protocol : assigned
2020-05-20 18:40:01,417 : protocol : initiated protocol snapshot
2020-05-20 18:40:13,917 : protocol : sending to init_protocol_snapshot
2020-05-20 18:40:13,919 : protocol : assigning width
2020-05-20 18:40:13,919 : protocol : assigning height
2020-05-20 18:40:13,919 : protocol : assigning data
2020-05-20 18:40:13,920 : protocol : assigned
2020-05-20 18:40:13,921 : protocol : initiated protocol snapshot
2020-05-20 18:40:13,921 : protocol : returning partial snapshot
2020-05-20 19:23:59,798 : protocol : assigning width
2020-05-20 19:23:59,798 : protocol : assigning height
2020-05-20 19:23:59,799 : protocol : assigning data
2020-05-20 19:23:59,800 : protocol : assigned
2020-05-20 19:23:59,800 : protocol : initiated protocol snapshot
2020-05-20 19:24:10,910 : protocol : sending to init_protocol_snapshot
2020-05-20 19:24:10,911 : protocol : assigning width
2020-05-20 19:24:10,911 : protocol : assigning height
2020-05-20 19:24:10,912 : protocol : assigning data
2020-05-20 19:24:10,913 : protocol : assigned
2020-05-20 19:24:10,913 : protocol : initiated protocol snapshot
2020-05-20 19:24:10,913 : protocol : returning partial snapshot
2020-05-20 19:24:43,227 : protocol : assigning width
2020-05-20 19:24:43,227 : protocol : assigning height
2020-05-20 19:24:43,227 : protocol : assigning data
2020-05-20 19:24:43,228 : protocol : assigned
2020-05-20 19:24:43,229 : protocol : initiated protocol snapshot
2020-05-20 19:24:55,093 : protocol : sending to init_protocol_snapshot
2020-05-20 19:24:55,095 : protocol : assigning width
2020-05-20 19:24:55,095 : protocol : assigning height
2020-05-20 19:24:55,095 : protocol : assigning data
2020-05-20 19:24:55,096 : protocol : assigned
2020-05-20 19:24:55,097 : protocol : initiated protocol snapshot
2020-05-20 19:24:55,097 : protocol : returning partial snapshot
2020-05-20 19:25:23,976 : protocol : assigning width
2020-05-20 19:25:23,976 : protocol : assigning height
2020-05-20 19:25:23,976 : protocol : assigning data
2020-05-20 19:25:23,977 : protocol : assigned
2020-05-20 19:25:23,978 : protocol : initiated protocol snapshot
2020-05-20 19:25:35,321 : protocol : sending to init_protocol_snapshot
2020-05-20 19:25:35,322 : protocol : assigning width
2020-05-20 19:25:35,322 : protocol : assigning height
2020-05-20 19:25:35,322 : protocol : assigning data
2020-05-20 19:25:35,323 : protocol : assigned
2020-05-20 19:25:35,324 : protocol : initiated protocol snapshot
2020-05-20 19:25:35,324 : protocol : returning partial snapshot
2020-05-20 19:26:04,813 : protocol : assigning width
2020-05-20 19:26:04,813 : protocol : assigning height
2020-05-20 19:26:04,813 : protocol : assigning data
2020-05-20 19:26:04,815 : protocol : assigned
2020-05-20 19:26:04,815 : protocol : initiated protocol snapshot
2020-05-20 19:26:16,225 : protocol : sending to init_protocol_snapshot
2020-05-20 19:26:16,227 : protocol : assigning width
2020-05-20 19:26:16,227 : protocol : assigning height
2020-05-20 19:26:16,227 : protocol : assigning data
2020-05-20 19:26:16,228 : protocol : assigned
2020-05-20 19:26:16,229 : protocol : initiated protocol snapshot
2020-05-20 19:26:16,229 : protocol : returning partial snapshot
2020-05-20 19:26:46,070 : protocol : assigning width
2020-05-20 19:26:46,070 : protocol : assigning height
2020-05-20 19:26:46,070 : protocol : assigning data
2020-05-20 19:26:46,071 : protocol : assigned
2020-05-20 19:26:46,072 : protocol : initiated protocol snapshot
2020-05-20 19:26:57,829 : protocol : sending to init_protocol_snapshot
2020-05-20 19:26:57,831 : protocol : assigning width
2020-05-20 19:26:57,831 : protocol : assigning height
2020-05-20 19:26:57,832 : protocol : assigning data
2020-05-20 19:26:57,833 : protocol : assigned
2020-05-20 19:26:57,834 : protocol : initiated protocol snapshot
2020-05-20 19:26:57,834 : protocol : returning partial snapshot
2020-05-20 19:37:44,875 : protocol : assigning width
2020-05-20 19:37:44,875 : protocol : assigning height
2020-05-20 19:37:44,876 : protocol : assigning data
2020-05-20 19:37:44,877 : protocol : assigned
2020-05-20 19:37:44,878 : protocol : initiated protocol snapshot
2020-05-20 19:37:57,613 : protocol : sending to init_protocol_snapshot
2020-05-20 19:37:57,615 : protocol : assigning width
2020-05-20 19:37:57,615 : protocol : assigning height
2020-05-20 19:37:57,615 : protocol : assigning data
2020-05-20 19:37:57,617 : protocol : assigned
2020-05-20 19:37:57,617 : protocol : initiated protocol snapshot
2020-05-20 19:37:57,618 : protocol : returning partial snapshot
2020-05-20 19:38:26,700 : protocol : assigning width
2020-05-20 19:38:26,701 : protocol : assigning height
2020-05-20 19:38:26,701 : protocol : assigning data
2020-05-20 19:38:26,702 : protocol : assigned
2020-05-20 19:38:26,702 : protocol : initiated protocol snapshot
2020-05-20 19:38:37,886 : protocol : sending to init_protocol_snapshot
2020-05-20 19:38:37,887 : protocol : assigning width
2020-05-20 19:38:37,887 : protocol : assigning height
2020-05-20 19:38:37,888 : protocol : assigning data
2020-05-20 19:38:37,889 : protocol : assigned
2020-05-20 19:38:37,889 : protocol : initiated protocol snapshot
2020-05-20 19:38:37,889 : protocol : returning partial snapshot
2020-05-20 19:39:04,626 : protocol : assigning width
2020-05-20 19:39:04,627 : protocol : assigning height
2020-05-20 19:39:04,627 : protocol : assigning data
2020-05-20 19:39:04,628 : protocol : assigned
2020-05-20 19:39:04,629 : protocol : initiated protocol snapshot
2020-05-20 19:39:16,092 : protocol : sending to init_protocol_snapshot
2020-05-20 19:39:16,094 : protocol : assigning width
2020-05-20 19:39:16,094 : protocol : assigning height
2020-05-20 19:39:16,095 : protocol : assigning data
2020-05-20 19:39:16,096 : protocol : assigned
2020-05-20 19:39:16,096 : protocol : initiated protocol snapshot
2020-05-20 19:39:16,096 : protocol : returning partial snapshot
2020-05-20 19:39:47,195 : protocol : assigning width
2020-05-20 19:39:47,195 : protocol : assigning height
2020-05-20 19:39:47,196 : protocol : assigning data
2020-05-20 19:39:47,197 : protocol : assigned
2020-05-20 19:39:47,198 : protocol : initiated protocol snapshot
2020-05-20 19:39:58,609 : protocol : sending to init_protocol_snapshot
2020-05-20 19:39:58,611 : protocol : assigning width
2020-05-20 19:39:58,611 : protocol : assigning height
2020-05-20 19:39:58,611 : protocol : assigning data
2020-05-20 19:39:58,612 : protocol : assigned
2020-05-20 19:39:58,612 : protocol : initiated protocol snapshot
2020-05-20 19:39:58,613 : protocol : returning partial snapshot
2020-05-20 19:40:26,847 : protocol : assigning width
2020-05-20 19:40:26,847 : protocol : assigning height
2020-05-20 19:40:26,847 : protocol : assigning data
2020-05-20 19:40:26,848 : protocol : assigned
2020-05-20 19:40:26,849 : protocol : initiated protocol snapshot
2020-05-20 19:40:39,181 : protocol : sending to init_protocol_snapshot
2020-05-20 19:40:39,183 : protocol : assigning width
2020-05-20 19:40:39,183 : protocol : assigning height
2020-05-20 19:40:39,183 : protocol : assigning data
2020-05-20 19:40:39,184 : protocol : assigned
2020-05-20 19:40:39,185 : protocol : initiated protocol snapshot
2020-05-20 19:40:39,185 : protocol : returning partial snapshot
2020-05-24 12:16:05,670 : protocol : assigning width
2020-05-24 12:16:05,670 : protocol : assigning height
2020-05-24 12:16:05,670 : protocol : assigning data
2020-05-24 12:16:05,671 : protocol : assigned
2020-05-24 12:16:05,672 : protocol : initiated protocol snapshot
2020-05-24 12:16:18,480 : protocol : sending to init_protocol_snapshot
2020-05-24 12:16:18,483 : protocol : assigning width
2020-05-24 12:16:18,484 : protocol : assigning height
2020-05-24 12:16:18,484 : protocol : assigning data
2020-05-24 12:16:18,485 : protocol : assigned
2020-05-24 12:16:18,485 : protocol : initiated protocol snapshot
2020-05-24 12:16:18,485 : protocol : returning partial snapshot
2020-05-24 12:16:46,400 : protocol : assigning width
2020-05-24 12:16:46,401 : protocol : assigning height
2020-05-24 12:16:46,401 : protocol : assigning data
2020-05-24 12:16:46,402 : protocol : assigned
2020-05-24 12:16:46,402 : protocol : initiated protocol snapshot
2020-05-24 12:16:57,064 : protocol : sending to init_protocol_snapshot
2020-05-24 12:16:57,065 : protocol : assigning width
2020-05-24 12:16:57,066 : protocol : assigning height
2020-05-24 12:16:57,066 : protocol : assigning data
2020-05-24 12:16:57,067 : protocol : assigned
2020-05-24 12:16:57,067 : protocol : initiated protocol snapshot
2020-05-24 12:16:57,067 : protocol : returning partial snapshot
2020-05-24 12:17:23,303 : protocol : assigning width
2020-05-24 12:17:23,304 : protocol : assigning height
2020-05-24 12:17:23,304 : protocol : assigning data
2020-05-24 12:17:23,305 : protocol : assigned
2020-05-24 12:17:23,305 : protocol : initiated protocol snapshot
2020-05-24 12:17:34,084 : protocol : sending to init_protocol_snapshot
2020-05-24 12:17:34,086 : protocol : assigning width
2020-05-24 12:17:34,087 : protocol : assigning height
2020-05-24 12:17:34,087 : protocol : assigning data
2020-05-24 12:17:34,088 : protocol : assigned
2020-05-24 12:17:34,089 : protocol : initiated protocol snapshot
2020-05-24 12:17:34,089 : protocol : returning partial snapshot
2020-05-24 12:18:00,938 : protocol : assigning width
2020-05-24 12:18:00,939 : protocol : assigning height
2020-05-24 12:18:00,939 : protocol : assigning data
2020-05-24 12:18:00,940 : protocol : assigned
2020-05-24 12:18:00,940 : protocol : initiated protocol snapshot
2020-05-24 12:18:11,601 : protocol : sending to init_protocol_snapshot
2020-05-24 12:18:11,603 : protocol : assigning width
2020-05-24 12:18:11,603 : protocol : assigning height
2020-05-24 12:18:11,603 : protocol : assigning data
2020-05-24 12:18:11,604 : protocol : assigned
2020-05-24 12:18:11,605 : protocol : initiated protocol snapshot
2020-05-24 12:18:11,606 : protocol : returning partial snapshot
2020-05-24 12:18:36,584 : protocol : assigning width
2020-05-24 12:18:36,584 : protocol : assigning height
2020-05-24 12:18:36,585 : protocol : assigning data
2020-05-24 12:18:36,586 : protocol : assigned
2020-05-24 12:18:36,586 : protocol : initiated protocol snapshot
2020-05-24 12:18:48,862 : protocol : sending to init_protocol_snapshot
2020-05-24 12:18:48,864 : protocol : assigning width
2020-05-24 12:18:48,864 : protocol : assigning height
2020-05-24 12:18:48,864 : protocol : assigning data
2020-05-24 12:18:48,865 : protocol : assigned
2020-05-24 12:18:48,865 : protocol : initiated protocol snapshot
2020-05-24 12:18:48,865 : protocol : returning partial snapshot
2020-05-24 12:29:43,732 : protocol : assigning width
2020-05-24 12:29:43,732 : protocol : assigning height
2020-05-24 12:29:43,733 : protocol : assigning data
2020-05-24 12:29:43,734 : protocol : assigned
2020-05-24 12:29:43,734 : protocol : initiated protocol snapshot
2020-05-24 12:30:06,722 : protocol : sending to init_protocol_snapshot
2020-05-24 12:30:06,725 : protocol : assigning width
2020-05-24 12:30:06,726 : protocol : assigning height
2020-05-24 12:30:06,727 : protocol : assigning data
2020-05-24 12:30:06,728 : protocol : assigned
2020-05-24 12:30:06,731 : protocol : initiated protocol snapshot
2020-05-24 12:30:06,732 : protocol : returning partial snapshot
2020-05-24 12:30:39,630 : protocol : assigning width
2020-05-24 12:30:39,630 : protocol : assigning height
2020-05-24 12:30:39,631 : protocol : assigning data
2020-05-24 12:30:39,632 : protocol : assigned
2020-05-24 12:30:39,632 : protocol : initiated protocol snapshot
2020-05-24 12:30:51,382 : protocol : sending to init_protocol_snapshot
2020-05-24 12:30:51,385 : protocol : assigning width
2020-05-24 12:30:51,386 : protocol : assigning height
2020-05-24 12:30:51,386 : protocol : assigning data
2020-05-24 12:30:51,388 : protocol : assigned
2020-05-24 12:30:51,389 : protocol : initiated protocol snapshot
2020-05-24 12:30:51,390 : protocol : returning partial snapshot
2020-05-24 12:31:24,305 : protocol : assigning width
2020-05-24 12:31:24,306 : protocol : assigning height
2020-05-24 12:31:24,306 : protocol : assigning data
2020-05-24 12:31:24,307 : protocol : assigned
2020-05-24 12:31:24,307 : protocol : initiated protocol snapshot
2020-05-24 12:31:39,621 : protocol : sending to init_protocol_snapshot
2020-05-24 12:31:39,623 : protocol : assigning width
2020-05-24 12:31:39,623 : protocol : assigning height
2020-05-24 12:31:39,623 : protocol : assigning data
2020-05-24 12:31:39,624 : protocol : assigned
2020-05-24 12:31:39,625 : protocol : initiated protocol snapshot
2020-05-24 12:31:39,625 : protocol : returning partial snapshot
2020-05-24 12:32:11,168 : protocol : assigning width
2020-05-24 12:32:11,169 : protocol : assigning height
2020-05-24 12:32:11,169 : protocol : assigning data
2020-05-24 12:32:11,170 : protocol : assigned
2020-05-24 12:32:11,171 : protocol : initiated protocol snapshot
2020-05-24 12:32:23,386 : protocol : sending to init_protocol_snapshot
2020-05-24 12:32:23,388 : protocol : assigning width
2020-05-24 12:32:23,388 : protocol : assigning height
2020-05-24 12:32:23,389 : protocol : assigning data
2020-05-24 12:32:23,390 : protocol : assigned
2020-05-24 12:32:23,391 : protocol : initiated protocol snapshot
2020-05-24 12:32:23,391 : protocol : returning partial snapshot
2020-05-24 12:32:54,636 : protocol : assigning width
2020-05-24 12:32:54,637 : protocol : assigning height
2020-05-24 12:32:54,637 : protocol : assigning data
2020-05-24 12:32:54,638 : protocol : assigned
2020-05-24 12:32:54,638 : protocol : initiated protocol snapshot
2020-05-24 12:33:08,215 : protocol : sending to init_protocol_snapshot
2020-05-24 12:33:08,217 : protocol : assigning width
2020-05-24 12:33:08,217 : protocol : assigning height
2020-05-24 12:33:08,217 : protocol : assigning data
2020-05-24 12:33:08,218 : protocol : assigned
2020-05-24 12:33:08,219 : protocol : initiated protocol snapshot
2020-05-24 12:33:08,219 : protocol : returning partial snapshot
2020-05-24 13:08:06,055 : protocol : assigning width
2020-05-24 13:08:06,056 : protocol : assigning height
2020-05-24 13:08:06,056 : protocol : assigning data
2020-05-24 13:08:06,057 : protocol : assigned
2020-05-24 13:08:06,058 : protocol : initiated protocol snapshot
2020-05-24 13:08:17,615 : protocol : sending to init_protocol_snapshot
2020-05-24 13:08:17,617 : protocol : assigning width
2020-05-24 13:08:17,617 : protocol : assigning height
2020-05-24 13:08:17,617 : protocol : assigning data
2020-05-24 13:08:17,618 : protocol : assigned
2020-05-24 13:08:17,619 : protocol : initiated protocol snapshot
2020-05-24 13:08:17,619 : protocol : returning partial snapshot
2020-05-24 13:08:51,351 : protocol : assigning width
2020-05-24 13:08:51,352 : protocol : assigning height
2020-05-24 13:08:51,352 : protocol : assigning data
2020-05-24 13:08:51,353 : protocol : assigned
2020-05-24 13:08:51,354 : protocol : initiated protocol snapshot
2020-05-24 13:09:07,524 : protocol : sending to init_protocol_snapshot
2020-05-24 13:09:07,525 : protocol : assigning width
2020-05-24 13:09:07,525 : protocol : assigning height
2020-05-24 13:09:07,526 : protocol : assigning data
2020-05-24 13:09:07,527 : protocol : assigned
2020-05-24 13:09:07,527 : protocol : initiated protocol snapshot
2020-05-24 13:09:07,527 : protocol : returning partial snapshot
2020-05-24 13:09:38,939 : protocol : assigning width
2020-05-24 13:09:38,940 : protocol : assigning height
2020-05-24 13:09:38,941 : protocol : assigning data
2020-05-24 13:09:38,942 : protocol : assigned
2020-05-24 13:09:38,943 : protocol : initiated protocol snapshot
2020-05-24 13:09:53,935 : protocol : sending to init_protocol_snapshot
2020-05-24 13:09:53,937 : protocol : assigning width
2020-05-24 13:09:53,938 : protocol : assigning height
2020-05-24 13:09:53,938 : protocol : assigning data
2020-05-24 13:09:53,939 : protocol : assigned
2020-05-24 13:09:53,940 : protocol : initiated protocol snapshot
2020-05-24 13:09:53,940 : protocol : returning partial snapshot
2020-05-24 13:10:26,019 : protocol : assigning width
2020-05-24 13:10:26,019 : protocol : assigning height
2020-05-24 13:10:26,020 : protocol : assigning data
2020-05-24 13:10:26,020 : protocol : assigned
2020-05-24 13:10:26,021 : protocol : initiated protocol snapshot
2020-05-24 13:10:39,546 : protocol : sending to init_protocol_snapshot
2020-05-24 13:10:39,548 : protocol : assigning width
2020-05-24 13:10:39,548 : protocol : assigning height
2020-05-24 13:10:39,548 : protocol : assigning data
2020-05-24 13:10:39,549 : protocol : assigned
2020-05-24 13:10:39,549 : protocol : initiated protocol snapshot
2020-05-24 13:10:39,549 : protocol : returning partial snapshot
2020-05-24 13:11:12,260 : protocol : assigning width
2020-05-24 13:11:12,261 : protocol : assigning height
2020-05-24 13:11:12,261 : protocol : assigning data
2020-05-24 13:11:12,262 : protocol : assigned
2020-05-24 13:11:12,263 : protocol : initiated protocol snapshot
2020-05-24 13:11:26,921 : protocol : sending to init_protocol_snapshot
2020-05-24 13:11:26,925 : protocol : assigning width
2020-05-24 13:11:26,925 : protocol : assigning height
2020-05-24 13:11:26,926 : protocol : assigning data
2020-05-24 13:11:26,928 : protocol : assigned
2020-05-24 13:11:26,929 : protocol : initiated protocol snapshot
2020-05-24 13:11:26,929 : protocol : returning partial snapshot
2020-05-24 13:35:09,312 : protocol : assigning width
2020-05-24 13:35:09,312 : protocol : assigning height
2020-05-24 13:35:09,312 : protocol : assigning data
2020-05-24 13:35:09,313 : protocol : assigned
2020-05-24 13:35:09,314 : protocol : initiated protocol snapshot
2020-05-24 13:35:21,196 : protocol : sending to init_protocol_snapshot
2020-05-24 13:35:21,201 : protocol : assigning width
2020-05-24 13:35:21,201 : protocol : assigning height
2020-05-24 13:35:21,202 : protocol : assigning data
2020-05-24 13:35:21,208 : protocol : assigned
2020-05-24 13:35:21,209 : protocol : initiated protocol snapshot
2020-05-24 13:35:21,209 : protocol : returning partial snapshot
2020-05-24 13:35:49,878 : protocol : assigning width
2020-05-24 13:35:49,879 : protocol : assigning height
2020-05-24 13:35:49,879 : protocol : assigning data
2020-05-24 13:35:49,880 : protocol : assigned
2020-05-24 13:35:49,881 : protocol : initiated protocol snapshot
2020-05-24 13:36:01,055 : protocol : sending to init_protocol_snapshot
2020-05-24 13:36:01,057 : protocol : assigning width
2020-05-24 13:36:01,057 : protocol : assigning height
2020-05-24 13:36:01,057 : protocol : assigning data
2020-05-24 13:36:01,058 : protocol : assigned
2020-05-24 13:36:01,059 : protocol : initiated protocol snapshot
2020-05-24 13:36:01,059 : protocol : returning partial snapshot
2020-05-24 13:36:28,892 : protocol : assigning width
2020-05-24 13:36:28,892 : protocol : assigning height
2020-05-24 13:36:28,892 : protocol : assigning data
2020-05-24 13:36:28,894 : protocol : assigned
2020-05-24 13:36:28,894 : protocol : initiated protocol snapshot
2020-05-24 13:36:39,983 : protocol : sending to init_protocol_snapshot
2020-05-24 13:36:39,984 : protocol : assigning width
2020-05-24 13:36:39,984 : protocol : assigning height
2020-05-24 13:36:39,984 : protocol : assigning data
2020-05-24 13:36:39,985 : protocol : assigned
2020-05-24 13:36:39,986 : protocol : initiated protocol snapshot
2020-05-24 13:36:39,987 : protocol : returning partial snapshot
2020-05-24 13:37:08,326 : protocol : assigning width
2020-05-24 13:37:08,327 : protocol : assigning height
2020-05-24 13:37:08,327 : protocol : assigning data
2020-05-24 13:37:08,328 : protocol : assigned
2020-05-24 13:37:08,328 : protocol : initiated protocol snapshot
2020-05-24 13:37:20,574 : protocol : sending to init_protocol_snapshot
2020-05-24 13:37:20,577 : protocol : assigning width
2020-05-24 13:37:20,577 : protocol : assigning height
2020-05-24 13:37:20,578 : protocol : assigning data
2020-05-24 13:37:20,579 : protocol : assigned
2020-05-24 13:37:20,581 : protocol : initiated protocol snapshot
2020-05-24 13:37:20,581 : protocol : returning partial snapshot
2020-05-24 13:37:51,581 : protocol : assigning width
2020-05-24 13:37:51,582 : protocol : assigning height
2020-05-24 13:37:51,582 : protocol : assigning data
2020-05-24 13:37:51,583 : protocol : assigned
2020-05-24 13:37:51,584 : protocol : initiated protocol snapshot
2020-05-24 13:38:03,023 : protocol : sending to init_protocol_snapshot
2020-05-24 13:38:03,024 : protocol : assigning width
2020-05-24 13:38:03,024 : protocol : assigning height
2020-05-24 13:38:03,025 : protocol : assigning data
2020-05-24 13:38:03,026 : protocol : assigned
2020-05-24 13:38:03,026 : protocol : initiated protocol snapshot
2020-05-24 13:38:03,026 : protocol : returning partial snapshot
